<?xml version="1.0" encoding="UTF-8"?>
<coverage generated="1787387294900" clover="3.2.0">
  <project timestamp="1787387294900" name="All files">
    <metrics statements="108" coveredstatements="106" conditionals="101" coveredconditionals="92" methods="24" coveredmethods="24" elements="233" coveredelements="222" complexity="0" loc="108" ncloc="108" packages="1" files="12" classes="12"/>
    <file name="guards.ts" path="/Volumes/VideoWorks/workspace/whisky-manager/src/shared/guards.ts">
      <metrics statements="14" coveredstatements="14" conditionals="8" coveredconditionals="8" methods="3" coveredmethods="3"/>
      <line num="28" count="2" type="stmt"/>
      <line num="29" count="31" type="cond" truecount="2" falsecount="0"/>
      <line num="30" count="3" type="stmt"/>
      <line num="32" count="28" type="stmt"/>
      <line num="33" count="28" type="stmt"/>
      <line num="34" count="28" type="cond" truecount="2" falsecount="0"/>
      <line num="42" count="29" type="stmt"/>
      <line num="43" count="29" type="stmt"/>
      <line num="44" count="32" type="stmt"/>
      <line num="45" count="32" type="cond" truecount="2" falsecount="0"/>
      <line num="46" count="6" type="cond" truecount="2" falsecount="0"/>
      <line num="47" count="2" type="stmt"/>
      <line num="49" count="4" type="stmt"/>
      <line num="51" count="27" type="stmt"/>
    </file>
    <file name="index.ts" path="/Volumes/VideoWorks/workspace/whisky-manager/src/shared/index.ts">
      <metrics statements="0" coveredstatements="0" conditionals="0" coveredconditionals="0" methods="0" coveredmethods="0"/>
    </file>
    <file name="limits.ts" path="/Volumes/VideoWorks/workspace/whisky-manager/src/shared/limits.ts">
      <metrics statements="12" coveredstatements="12" conditionals="8" coveredconditionals="8" methods="4" coveredmethods="4"/>
      <line num="15" count="30" type="cond" truecount="2" falsecount="0"/>
      <line num="16" count="2" type="stmt"/>
      <line num="18" count="28" type="cond" truecount="2" falsecount="0"/>
      <line num="19" count="2" type="stmt"/>
      <line num="21" count="26" type="cond" truecount="2" falsecount="0"/>
      <line num="22" count="4" type="stmt"/>
      <line num="24" count="22" type="stmt"/>
      <line num="37" count="87" type="stmt"/>
      <line num="46" count="26" type="stmt"/>
      <line num="47" count="26" type="cond" truecount="2" falsecount="0"/>
      <line num="48" count="25" type="stmt"/>
      <line num="50" count="1" type="stmt"/>
    </file>
    <file name="policy.ts" path="/Volumes/VideoWorks/workspace/whisky-manager/src/shared/policy.ts">
      <metrics statements="7" coveredstatements="7" conditionals="8" coveredconditionals="8" methods="1" coveredmethods="1"/>
      <line num="14" count="35" type="cond" truecount="2" falsecount="0"/>
      <line num="15" count="4" type="stmt"/>
      <line num="17" count="31" type="cond" truecount="2" falsecount="0"/>
      <line num="18" count="3" type="stmt"/>
      <line num="20" count="28" type="cond" truecount="2" falsecount="0"/>
      <line num="21" count="24" type="stmt"/>
      <line num="23" count="4" type="cond" truecount="2" falsecount="0"/>
    </file>
    <file name="ports.ts" path="/Volumes/VideoWorks/workspace/whisky-manager/src/shared/ports.ts">
      <metrics statements="0" coveredstatements="0" conditionals="0" coveredconditionals="0" methods="0" coveredmethods="0"/>
    </file>
    <file name="postId.ts" path="/Volumes/VideoWorks/workspace/whisky-manager/src/shared/postId.ts">
      <metrics statements="5" coveredstatements="5" conditionals="10" coveredconditionals="9" methods="1" coveredmethods="1"/>
      <line num="1" count="2" type="stmt"/>
      <line num="10" count="33" type="cond" truecount="2" falsecount="0"/>
      <line num="11" count="11" type="cond" truecount="4" falsecount="0"/>
      <line num="12" count="10" type="cond" truecount="2" falsecount="0"/>
      <line num="14" count="1" type="cond" truecount="1" falsecount="1"/>
    </file>
    <file name="profiles.ts" path="/Volumes/VideoWorks/workspace/whisky-manager/src/shared/profiles.ts">
      <metrics statements="5" coveredstatements="5" conditionals="0" coveredconditionals="0" methods="0" coveredmethods="0"/>
      <line num="3" count="8" type="stmt"/>
      <line num="4" count="8" type="stmt"/>
      <line num="5" count="8" type="stmt"/>
      <line num="7" count="8" type="stmt"/>
      <line num="16" count="8" type="stmt"/>
    </file>
    <file name="protocol.ts" path="/Volumes/VideoWorks/workspace/whisky-manager/src/shared/protocol.ts">
      <metrics statements="11" coveredstatements="11" conditionals="10" coveredconditionals="9" methods="3" coveredmethods="3"/>
      <line num="3" count="5" type="stmt"/>
      <line num="6" count="5" type="stmt"/>
      <line num="67" count="5" type="stmt"/>
      <line num="75" count="5" type="stmt"/>
      <line num="85" count="13" type="cond" truecount="4" falsecount="0"/>
      <line num="86" count="11" type="stmt"/>
      <line num="87" count="11" type="cond" truecount="1" falsecount="1"/>
      <line num="91" count="5" type="stmt"/>
      <line num="92" count="5" type="cond" truecount="2" falsecount="0"/>
      <line num="96" count="8" type="stmt"/>
      <line num="97" count="8" type="cond" truecount="2" falsecount="0"/>
    </file>
    <file name="schedule.ts" path="/Volumes/VideoWorks/workspace/whisky-manager/src/shared/schedule.ts">
      <metrics statements="15" coveredstatements="14" conditionals="10" coveredconditionals="9" methods="5" coveredmethods="5"/>
      <line num="4" count="4" type="stmt"/>
      <line num="5" count="4" type="stmt"/>
      <line num="8" count="39" type="stmt"/>
      <line num="9" count="39" type="cond" truecount="2" falsecount="0"/>
      <line num="17" count="3" type="stmt"/>
      <line num="18" count="3" type="cond" truecount="1" falsecount="1"/>
      <line num="19" count="3" type="stmt"/>
      <line num="21" count="0" type="stmt"/>
      <line num="25" count="8" type="stmt"/>
      <line num="26" count="8" type="cond" truecount="2" falsecount="0"/>
      <line num="35" count="8" type="stmt"/>
      <line num="36" count="8" type="cond" truecount="2" falsecount="0"/>
      <line num="37" count="8" type="stmt"/>
      <line num="39" count="8" type="cond" truecount="2" falsecount="0"/>
      <line num="45" count="22" type="stmt"/>
    </file>
    <file name="statusMachine.ts" path="/Volumes/VideoWorks/workspace/whisky-manager/src/shared/statusMachine.ts">
      <metrics statements="23" coveredstatements="22" conditionals="31" coveredconditionals="28" methods="3" coveredmethods="3"/>
      <line num="16" count="8" type="stmt"/>
      <line num="17" count="8" type="stmt"/>
      <line num="22" count="29" type="cond" truecount="3" falsecount="0"/>
      <line num="24" count="23" type="stmt"/>
      <line num="26" count="3" type="stmt"/>
      <line num="28" count="3" type="stmt"/>
      <line num="37" count="44" type="cond" truecount="2" falsecount="0"/>
      <line num="41" count="1" type="stmt"/>
      <line num="44" count="43" type="cond" truecount="4" falsecount="0"/>
      <line num="46" count="7" type="cond" truecount="2" falsecount="0"/>
      <line num="47" count="5" type="cond" truecount="2" falsecount="0"/>
      <line num="48" count="3" type="cond" truecount="2" falsecount="0"/>
      <line num="49" count="1" type="stmt"/>
      <line num="52" count="26" type="cond" truecount="2" falsecount="0"/>
      <line num="53" count="11" type="cond" truecount="2" falsecount="0"/>
      <line num="54" count="8" type="cond" truecount="2" falsecount="0"/>
      <line num="56" count="3" type="cond" truecount="2" falsecount="0"/>
      <line num="57" count="1" type="stmt"/>
      <line num="60" count="4" type="cond" truecount="2" falsecount="0"/>
      <line num="61" count="2" type="cond" truecount="1" falsecount="1"/>
      <line num="62" count="0" type="stmt"/>
      <line num="65" count="6" type="stmt"/>
      <line num="68" count="8" type="stmt"/>
    </file>
    <file name="templates.ts" path="/Volumes/VideoWorks/workspace/whisky-manager/src/shared/templates.ts">
      <metrics statements="14" coveredstatements="14" conditionals="16" coveredconditionals="13" methods="3" coveredmethods="3"/>
      <line num="4" count="1" type="stmt"/>
      <line num="11" count="4" type="cond" truecount="2" falsecount="0"/>
      <line num="12" count="3" type="cond" truecount="3" falsecount="1"/>
      <line num="13" count="2" type="stmt"/>
      <line num="14" count="2" type="cond" truecount="1" falsecount="1"/>
      <line num="24" count="5" type="stmt"/>
      <line num="26" count="5" type="stmt"/>
      <line num="27" count="6" type="stmt"/>
      <line num="28" count="6" type="stmt"/>
      <line num="29" count="6" type="cond" truecount="4" falsecount="0"/>
      <line num="30" count="2" type="cond" truecount="1" falsecount="1"/>
      <line num="31" count="2" type="stmt"/>
      <line num="33" count="4" type="stmt"/>
      <line num="36" count="5" type="cond" truecount="2" falsecount="0"/>
    </file>
    <file name="types.ts" path="/Volumes/VideoWorks/workspace/whisky-manager/src/shared/types.ts">
      <metrics statements="2" coveredstatements="2" conditionals="0" coveredconditionals="0" methods="1" coveredmethods="1"/>
      <line num="14" count="6" type="stmt"/>
      <line num="19" count="6" type="stmt"/>
    </file>
  </project>
</coverage>
