<?xml version="1.0" encoding="UTF-8"?>
<coverage generated="1787388256328" clover="3.2.0">
  <project timestamp="1787388256328" name="All files">
    <metrics statements="460" coveredstatements="438" conditionals="281" coveredconditionals="246" methods="112" coveredmethods="106" elements="853" coveredelements="790" complexity="0" loc="460" ncloc="460" packages="4" files="29" classes="29"/>
    <package name="desktop">
      <metrics statements="206" coveredstatements="193" conditionals="97" coveredconditionals="83" methods="38" coveredmethods="32"/>
      <file name="approvals.ts" path="/Volumes/VideoWorks/workspace/whisky-manager/src/desktop/approvals.ts">
        <metrics statements="12" coveredstatements="12" conditionals="6" coveredconditionals="5" methods="3" coveredmethods="3"/>
        <line num="6" count="3" type="stmt"/>
        <line num="7" count="3" type="cond" truecount="2" falsecount="0"/>
        <line num="8" count="2" type="stmt"/>
        <line num="12" count="1" type="stmt"/>
        <line num="13" count="1" type="cond" truecount="1" falsecount="1"/>
        <line num="14" count="1" type="stmt"/>
        <line num="35" count="39" type="stmt"/>
        <line num="37" count="39" type="stmt"/>
        <line num="38" count="4" type="cond" truecount="2" falsecount="0"/>
        <line num="39" count="2" type="stmt"/>
        <line num="44" count="2" type="stmt"/>
        <line num="47" count="39" type="stmt"/>
      </file>
      <file name="bootstrap.ts" path="/Volumes/VideoWorks/workspace/whisky-manager/src/desktop/bootstrap.ts">
        <metrics statements="22" coveredstatements="17" conditionals="6" coveredconditionals="6" methods="9" coveredmethods="3"/>
        <line num="16" count="1" type="stmt"/>
        <line num="43" count="6" type="stmt"/>
        <line num="44" count="6" type="stmt"/>
        <line num="46" count="6" type="stmt"/>
        <line num="47" count="6" type="cond" truecount="2" falsecount="0"/>
        <line num="48" count="5" type="stmt"/>
        <line num="49" count="5" type="stmt"/>
        <line num="52" count="6" type="stmt"/>
        <line num="53" count="6" type="cond" truecount="2" falsecount="0"/>
        <line num="56" count="5" type="stmt"/>
        <line num="64" count="6" type="stmt"/>
        <line num="68" count="0" type="stmt"/>
        <line num="71" count="6" type="stmt"/>
        <line num="76" count="1" type="stmt"/>
        <line num="79" count="6" type="stmt"/>
        <line num="85" count="0" type="stmt"/>
        <line num="87" count="0" type="stmt"/>
        <line num="88" count="0" type="stmt"/>
        <line num="89" count="0" type="stmt"/>
        <line num="92" count="6" type="stmt"/>
        <line num="99" count="7" type="stmt"/>
        <line num="100" count="7" type="stmt"/>
      </file>
      <file name="ipc.ts" path="/Volumes/VideoWorks/workspace/whisky-manager/src/desktop/ipc.ts">
        <metrics statements="1" coveredstatements="0" conditionals="0" coveredconditionals="0" methods="0" coveredmethods="0"/>
        <line num="3" count="0" type="stmt"/>
      </file>
      <file name="orchestrator.ts" path="/Volumes/VideoWorks/workspace/whisky-manager/src/desktop/orchestrator.ts">
        <metrics statements="112" coveredstatements="106" conditionals="69" coveredconditionals="57" methods="10" coveredmethods="10"/>
        <line num="75" count="39" type="stmt"/>
        <line num="76" count="39" type="stmt"/>
        <line num="80" count="38" type="cond" truecount="1" falsecount="1"/>
        <line num="81" count="38" type="cond" truecount="2" falsecount="0"/>
        <line num="83" count="1" type="stmt"/>
        <line num="88" count="36" type="stmt"/>
        <line num="89" count="36" type="stmt"/>
        <line num="99" count="36" type="cond" truecount="1" falsecount="1"/>
        <line num="101" count="0" type="stmt"/>
        <line num="111" count="27" type="stmt"/>
        <line num="112" count="27" type="stmt"/>
        <line num="116" count="27" type="cond" truecount="1" falsecount="1"/>
        <line num="118" count="0" type="stmt"/>
        <line num="126" count="25" type="stmt"/>
        <line num="127" count="25" type="stmt"/>
        <line num="136" count="25" type="cond" truecount="1" falsecount="1"/>
        <line num="138" count="0" type="stmt"/>
        <line num="147" count="35" type="stmt"/>
        <line num="151" count="35" type="cond" truecount="2" falsecount="0"/>
        <line num="152" count="7" type="stmt"/>
        <line num="153" count="7" type="cond" truecount="2" falsecount="0"/>
        <line num="155" count="4" type="stmt"/>
        <line num="157" count="3" type="cond" truecount="1" falsecount="1"/>
        <line num="158" count="0" type="stmt"/>
        <line num="163" count="0" type="stmt"/>
        <line num="165" count="3" type="stmt"/>
        <line num="170" count="3" type="stmt"/>
        <line num="173" count="28" type="stmt"/>
        <line num="177" count="28" type="cond" truecount="2" falsecount="0"/>
        <line num="178" count="1" type="stmt"/>
        <line num="183" count="1" type="stmt"/>
        <line num="188" count="27" type="stmt"/>
        <line num="193" count="27" type="cond" truecount="2" falsecount="0"/>
        <line num="194" count="1" type="stmt"/>
        <line num="199" count="1" type="stmt"/>
        <line num="201" count="26" type="cond" truecount="2" falsecount="0"/>
        <line num="202" count="1" type="stmt"/>
        <line num="207" count="1" type="stmt"/>
        <line num="210" count="25" type="stmt"/>
        <line num="211" count="25" type="stmt"/>
        <line num="212" count="25" type="stmt"/>
        <line num="213" count="25" type="stmt"/>
        <line num="215" count="25" type="cond" truecount="4" falsecount="0"/>
        <line num="216" count="17" type="stmt"/>
        <line num="225" count="17" type="stmt"/>
        <line num="228" count="8" type="stmt"/>
        <line num="229" count="8" type="stmt"/>
        <line num="238" count="35" type="cond" truecount="1" falsecount="1"/>
        <line num="242" count="41" type="cond" truecount="2" falsecount="0"/>
        <line num="243" count="1" type="stmt"/>
        <line num="246" count="40" type="stmt"/>
        <line num="247" count="40" type="cond" truecount="2" falsecount="0"/>
        <line num="248" count="1" type="stmt"/>
        <line num="251" count="39" type="stmt"/>
        <line num="252" count="39" type="cond" truecount="2" falsecount="0"/>
        <line num="253" count="38" type="cond" truecount="2" falsecount="0"/>
        <line num="258" count="37" type="stmt"/>
        <line num="259" count="37" type="stmt"/>
        <line num="261" count="37" type="stmt"/>
        <line num="262" count="37" type="cond" truecount="2" falsecount="0"/>
        <line num="263" count="1" type="stmt"/>
        <line num="266" count="36" type="stmt"/>
        <line num="267" count="36" type="stmt"/>
        <line num="268" count="36" type="stmt"/>
        <line num="269" count="36" type="stmt"/>
        <line num="270" count="36" type="stmt"/>
        <line num="271" count="36" type="stmt"/>
        <line num="273" count="36" type="stmt"/>
        <line num="275" count="36" type="stmt"/>
        <line num="276" count="36" type="stmt"/>
        <line num="278" count="36" type="stmt"/>
        <line num="280" count="30" type="cond" truecount="5" falsecount="0"/>
        <line num="281" count="25" type="stmt"/>
        <line num="282" count="25" type="stmt"/>
        <line num="284" count="30" type="cond" truecount="2" falsecount="0"/>
        <line num="285" count="17" type="stmt"/>
        <line num="286" count="13" type="cond" truecount="2" falsecount="0"/>
        <line num="287" count="2" type="stmt"/>
        <line num="288" count="11" type="cond" truecount="2" falsecount="0"/>
        <line num="289" count="3" type="stmt"/>
        <line num="290" count="8" type="cond" truecount="1" falsecount="1"/>
        <line num="291" count="0" type="stmt"/>
        <line num="295" count="36" type="stmt"/>
        <line num="307" count="36" type="stmt"/>
        <line num="308" count="5" type="stmt"/>
        <line num="321" count="5" type="cond" truecount="1" falsecount="1"/>
        <line num="322" count="5" type="stmt"/>
        <line num="325" count="36" type="stmt"/>
        <line num="326" count="36" type="cond" truecount="1" falsecount="1"/>
        <line num="328" count="36" type="stmt"/>
        <line num="329" count="38" type="stmt"/>
        <line num="333" count="38" type="stmt"/>
        <line num="335" count="38" type="stmt"/>
        <line num="346" count="38" type="cond" truecount="2" falsecount="0"/>
        <line num="348" count="37" type="stmt"/>
        <line num="360" count="37" type="stmt"/>
        <line num="365" count="37" type="stmt"/>
        <line num="366" count="37" type="stmt"/>
        <line num="368" count="37" type="cond" truecount="2" falsecount="0"/>
        <line num="369" count="2" type="stmt"/>
        <line num="375" count="2" type="stmt"/>
        <line num="376" count="2" type="stmt"/>
        <line num="379" count="35" type="cond" truecount="2" falsecount="0"/>
        <line num="380" count="5" type="stmt"/>
        <line num="381" count="5" type="stmt"/>
        <line num="382" count="5" type="stmt"/>
        <line num="387" count="30" type="stmt"/>
        <line num="388" count="30" type="stmt"/>
        <line num="395" count="30" type="stmt"/>
        <line num="408" count="30" type="cond" truecount="2" falsecount="0"/>
        <line num="409" count="25" type="stmt"/>
        <line num="412" count="36" type="stmt"/>
      </file>
      <file name="retries.ts" path="/Volumes/VideoWorks/workspace/whisky-manager/src/desktop/retries.ts">
        <metrics statements="10" coveredstatements="10" conditionals="2" coveredconditionals="2" methods="1" coveredmethods="1"/>
        <line num="21" count="40" type="stmt"/>
        <line num="22" count="40" type="stmt"/>
        <line num="24" count="40" type="stmt"/>
        <line num="25" count="5" type="cond" truecount="2" falsecount="0"/>
        <line num="26" count="2" type="stmt"/>
        <line num="31" count="2" type="stmt"/>
        <line num="32" count="2" type="stmt"/>
        <line num="34" count="3" type="stmt"/>
        <line num="35" count="3" type="stmt"/>
        <line num="38" count="40" type="stmt"/>
      </file>
      <file name="runtime.ts" path="/Volumes/VideoWorks/workspace/whisky-manager/src/desktop/runtime.ts">
        <metrics statements="10" coveredstatements="10" conditionals="0" coveredconditionals="0" methods="5" coveredmethods="5"/>
        <line num="5" count="2" type="stmt"/>
        <line num="7" count="1" type="stmt"/>
        <line num="10" count="2" type="stmt"/>
        <line num="11" count="2" type="stmt"/>
        <line num="14" count="1" type="stmt"/>
        <line num="15" count="1" type="stmt"/>
        <line num="18" count="1" type="stmt"/>
        <line num="19" count="1" type="stmt"/>
        <line num="31" count="2" type="stmt"/>
        <line num="34" count="1000" type="stmt"/>
      </file>
      <file name="sessionLoop.ts" path="/Volumes/VideoWorks/workspace/whisky-manager/src/desktop/sessionLoop.ts">
        <metrics statements="39" coveredstatements="38" conditionals="14" coveredconditionals="13" methods="10" coveredmethods="10"/>
        <line num="33" count="2" type="stmt"/>
        <line num="36" count="18" type="stmt"/>
        <line num="37" count="18" type="stmt"/>
        <line num="38" count="18" type="stmt"/>
        <line num="41" count="17" type="stmt"/>
        <line num="42" count="17" type="cond" truecount="2" falsecount="0"/>
        <line num="43" count="10" type="stmt"/>
        <line num="44" count="10" type="stmt"/>
        <line num="54" count="12" type="cond" truecount="2" falsecount="0"/>
        <line num="55" count="4" type="stmt"/>
        <line num="56" count="4" type="stmt"/>
        <line num="58" count="8" type="cond" truecount="2" falsecount="0"/>
        <line num="59" count="1" type="stmt"/>
        <line num="60" count="1" type="stmt"/>
        <line num="61" count="1" type="stmt"/>
        <line num="63" count="7" type="cond" truecount="1" falsecount="1"/>
        <line num="64" count="7" type="stmt"/>
        <line num="65" count="7" type="cond" truecount="2" falsecount="0"/>
        <line num="66" count="1" type="stmt"/>
        <line num="67" count="1" type="stmt"/>
        <line num="68" count="1" type="stmt"/>
        <line num="70" count="7" type="stmt"/>
        <line num="72" count="0" type="stmt"/>
        <line num="76" count="13" type="stmt"/>
        <line num="77" count="13" type="stmt"/>
        <line num="78" count="12" type="stmt"/>
        <line num="79" count="12" type="stmt"/>
        <line num="81" count="1" type="stmt"/>
        <line num="86" count="11" type="stmt"/>
        <line num="87" count="11" type="stmt"/>
        <line num="88" count="11" type="stmt"/>
        <line num="89" count="2" type="stmt"/>
        <line num="90" count="2" type="cond" truecount="2" falsecount="0"/>
        <line num="95" count="18" type="stmt"/>
        <line num="97" count="11" type="cond" truecount="2" falsecount="0"/>
        <line num="98" count="10" type="stmt"/>
        <line num="99" count="10" type="stmt"/>
        <line num="103" count="15" type="stmt"/>
        <line num="107" count="9" type="stmt"/>
      </file>
    </package>
    <package name="desktop.db">
      <metrics statements="71" coveredstatements="68" conditionals="39" coveredconditionals="34" methods="33" coveredmethods="33"/>
      <file name="automationSettingsRepo.ts" path="/Volumes/VideoWorks/workspace/whisky-manager/src/desktop/db/automationSettingsRepo.ts">
        <metrics statements="10" coveredstatements="9" conditionals="6" coveredconditionals="5" methods="4" coveredmethods="4"/>
        <line num="19" count="4" type="stmt"/>
        <line num="20" count="4" type="stmt"/>
        <line num="21" count="4" type="cond" truecount="3" falsecount="1"/>
        <line num="23" count="0" type="stmt"/>
        <line num="28" count="9" type="stmt"/>
        <line num="30" count="10" type="stmt"/>
        <line num="35" count="10" type="cond" truecount="2" falsecount="0"/>
        <line num="36" count="4" type="stmt"/>
        <line num="44" count="8" type="stmt"/>
        <line num="50" count="8" type="stmt"/>
      </file>
      <file name="client.ts" path="/Volumes/VideoWorks/workspace/whisky-manager/src/desktop/db/client.ts">
        <metrics statements="7" coveredstatements="7" conditionals="3" coveredconditionals="2" methods="1" coveredmethods="1"/>
        <line num="13" count="72" type="stmt"/>
        <line num="14" count="72" type="stmt"/>
        <line num="15" count="72" type="stmt"/>
        <line num="17" count="72" type="stmt"/>
        <line num="18" count="72" type="cond" truecount="1" falsecount="1"/>
        <line num="19" count="72" type="stmt"/>
        <line num="21" count="72" type="stmt"/>
      </file>
      <file name="dedupeStore.ts" path="/Volumes/VideoWorks/workspace/whisky-manager/src/desktop/db/dedupeStore.ts">
        <metrics statements="8" coveredstatements="7" conditionals="4" coveredconditionals="3" methods="3" coveredmethods="3"/>
        <line num="29" count="11" type="cond" truecount="2" falsecount="0"/>
        <line num="33" count="72" type="stmt"/>
        <line num="35" count="75" type="stmt"/>
        <line num="36" count="75" type="stmt"/>
        <line num="37" count="75" type="stmt"/>
        <line num="64" count="75" type="stmt"/>
        <line num="66" count="11" type="cond" truecount="1" falsecount="1"/>
        <line num="67" count="0" type="stmt"/>
      </file>
      <file name="executionsRepo.ts" path="/Volumes/VideoWorks/workspace/whisky-manager/src/desktop/db/executionsRepo.ts">
        <metrics statements="26" coveredstatements="25" conditionals="24" coveredconditionals="22" methods="11" coveredmethods="11"/>
        <line num="69" count="14" type="stmt"/>
        <line num="70" count="14" type="stmt"/>
        <line num="71" count="14" type="cond" truecount="1" falsecount="1"/>
        <line num="73" count="0" type="stmt"/>
        <line num="87" count="29" type="stmt"/>
        <line num="98" count="54" type="stmt"/>
        <line num="100" count="102" type="stmt"/>
        <line num="101" count="102" type="cond" truecount="2" falsecount="0"/>
        <line num="102" count="102" type="cond" truecount="2" falsecount="0"/>
        <line num="103" count="102" type="cond" truecount="2" falsecount="0"/>
        <line num="104" count="102" type="cond" truecount="2" falsecount="0"/>
        <line num="105" count="102" type="cond" truecount="2" falsecount="0"/>
        <line num="106" count="102" type="cond" truecount="1" falsecount="1"/>
        <line num="107" count="102" type="cond" truecount="2" falsecount="0"/>
        <line num="108" count="102" type="cond" truecount="2" falsecount="0"/>
        <line num="109" count="102" type="cond" truecount="2" falsecount="0"/>
        <line num="111" count="102" type="stmt"/>
        <line num="115" count="1" type="stmt"/>
        <line num="131" count="36" type="stmt"/>
        <line num="139" count="52" type="stmt"/>
        <line num="150" count="80" type="stmt"/>
        <line num="159" count="38" type="stmt"/>
        <line num="167" count="7" type="cond" truecount="2" falsecount="0"/>
        <line num="184" count="15" type="stmt"/>
        <line num="185" count="15" type="cond" truecount="2" falsecount="0"/>
        <line num="186" count="14" type="stmt"/>
      </file>
      <file name="schema.ts" path="/Volumes/VideoWorks/workspace/whisky-manager/src/desktop/db/schema.ts">
        <metrics statements="7" coveredstatements="7" conditionals="0" coveredconditionals="0" methods="2" coveredmethods="2"/>
        <line num="8" count="8" type="stmt"/>
        <line num="33" count="72" type="stmt"/>
        <line num="44" count="8" type="stmt"/>
        <line num="52" count="8" type="stmt"/>
        <line num="59" count="8" type="stmt"/>
        <line num="68" count="72" type="stmt"/>
        <line num="77" count="8" type="stmt"/>
      </file>
      <file name="settingsRepo.ts" path="/Volumes/VideoWorks/workspace/whisky-manager/src/desktop/db/settingsRepo.ts">
        <metrics statements="3" coveredstatements="3" conditionals="0" coveredconditionals="0" methods="3" coveredmethods="3"/>
        <line num="11" count="9" type="stmt"/>
        <line num="13" count="17" type="stmt"/>
        <line num="16" count="8" type="stmt"/>
      </file>
      <file name="templatesRepo.ts" path="/Volumes/VideoWorks/workspace/whisky-manager/src/desktop/db/templatesRepo.ts">
        <metrics statements="6" coveredstatements="6" conditionals="0" coveredconditionals="0" methods="6" coveredmethods="6"/>
        <line num="21" count="8" type="stmt"/>
        <line num="23" count="2" type="stmt"/>
        <line num="29" count="1" type="stmt"/>
        <line num="32" count="4" type="stmt"/>
        <line num="43" count="1" type="stmt"/>
        <line num="46" count="1" type="stmt"/>
      </file>
      <file name="watermarksRepo.ts" path="/Volumes/VideoWorks/workspace/whisky-manager/src/desktop/db/watermarksRepo.ts">
        <metrics statements="4" coveredstatements="4" conditionals="2" coveredconditionals="2" methods="3" coveredmethods="3"/>
        <line num="11" count="9" type="stmt"/>
        <line num="13" count="4" type="stmt"/>
        <line num="24" count="4" type="cond" truecount="2" falsecount="0"/>
        <line num="27" count="4" type="stmt"/>
      </file>
    </package>
    <package name="desktop.ws">
      <metrics statements="75" coveredstatements="71" conditionals="44" coveredconditionals="36" methods="17" coveredmethods="17"/>
      <file name="pairing.ts" path="/Volumes/VideoWorks/workspace/whisky-manager/src/desktop/ws/pairing.ts">
        <metrics statements="20" coveredstatements="20" conditionals="18" coveredconditionals="17" methods="4" coveredmethods="4"/>
        <line num="21" count="8" type="stmt"/>
        <line num="25" count="12" type="cond" truecount="2" falsecount="0"/>
        <line num="26" count="11" type="stmt"/>
        <line num="27" count="11" type="cond" truecount="2" falsecount="0"/>
        <line num="28" count="9" type="stmt"/>
        <line num="29" count="9" type="cond" truecount="1" falsecount="1"/>
        <line num="33" count="8" type="stmt"/>
        <line num="34" count="8" type="stmt"/>
        <line num="35" count="8" type="cond" truecount="2" falsecount="0"/>
        <line num="36" count="6" type="stmt"/>
        <line num="45" count="10" type="cond" truecount="2" falsecount="0"/>
        <line num="46" count="1" type="stmt"/>
        <line num="48" count="9" type="stmt"/>
        <line num="49" count="9" type="cond" truecount="2" falsecount="0"/>
        <line num="50" count="1" type="stmt"/>
        <line num="52" count="8" type="cond" truecount="2" falsecount="0"/>
        <line num="53" count="2" type="stmt"/>
        <line num="55" count="6" type="cond" truecount="4" falsecount="0"/>
        <line num="56" count="1" type="stmt"/>
        <line num="58" count="5" type="stmt"/>
      </file>
      <file name="server.ts" path="/Volumes/VideoWorks/workspace/whisky-manager/src/desktop/ws/server.ts">
        <metrics statements="55" coveredstatements="51" conditionals="26" coveredconditionals="19" methods="13" coveredmethods="13"/>
        <line num="28" count="2" type="cond" truecount="1" falsecount="1"/>
        <line num="32" count="11" type="cond" truecount="2" falsecount="0"/>
        <line num="33" count="11" type="stmt"/>
        <line num="34" count="11" type="stmt"/>
        <line num="35" count="11" type="stmt"/>
        <line num="37" count="11" type="stmt"/>
        <line num="39" count="11" type="stmt"/>
        <line num="40" count="4" type="stmt"/>
        <line num="42" count="4" type="stmt"/>
        <line num="44" count="5" type="stmt"/>
        <line num="45" count="5" type="stmt"/>
        <line num="47" count="0" type="stmt"/>
        <line num="49" count="5" type="cond" truecount="1" falsecount="1"/>
        <line num="51" count="5" type="cond" truecount="2" falsecount="0"/>
        <line num="52" count="4" type="stmt"/>
        <line num="56" count="4" type="stmt"/>
        <line num="61" count="4" type="stmt"/>
        <line num="62" count="4" type="cond" truecount="2" falsecount="0"/>
        <line num="63" count="1" type="stmt"/>
        <line num="64" count="1" type="stmt"/>
        <line num="66" count="3" type="stmt"/>
        <line num="67" count="3" type="stmt"/>
        <line num="68" count="3" type="cond" truecount="1" falsecount="1"/>
        <line num="69" count="3" type="stmt"/>
        <line num="70" count="3" type="stmt"/>
        <line num="72" count="3" type="stmt"/>
        <line num="75" count="1" type="cond" truecount="1" falsecount="1"/>
        <line num="79" count="1" type="stmt"/>
        <line num="80" count="1" type="cond" truecount="1" falsecount="1"/>
        <line num="82" count="1" type="stmt"/>
        <line num="83" count="1" type="cond" truecount="1" falsecount="1"/>
        <line num="84" count="1" type="stmt"/>
        <line num="85" count="1" type="stmt"/>
        <line num="86" count="1" type="stmt"/>
        <line num="89" count="4" type="stmt"/>
        <line num="90" count="4" type="cond" truecount="2" falsecount="0"/>
        <line num="94" count="11" type="stmt"/>
        <line num="98" count="2" type="stmt"/>
        <line num="102" count="3" type="stmt"/>
        <line num="103" count="3" type="cond" truecount="2" falsecount="0"/>
        <line num="104" count="1" type="stmt"/>
        <line num="106" count="2" type="stmt"/>
        <line num="107" count="2" type="cond" truecount="1" falsecount="1"/>
        <line num="108" count="0" type="stmt"/>
        <line num="111" count="2" type="stmt"/>
        <line num="112" count="2" type="stmt"/>
        <line num="113" count="1" type="stmt"/>
        <line num="114" count="1" type="stmt"/>
        <line num="117" count="2" type="stmt"/>
        <line num="118" count="2" type="stmt"/>
        <line num="123" count="12" type="stmt"/>
        <line num="124" count="0" type="stmt"/>
        <line num="125" count="0" type="stmt"/>
        <line num="127" count="12" type="stmt"/>
        <line num="128" count="12" type="stmt"/>
      </file>
    </package>
    <package name="shared">
      <metrics statements="108" coveredstatements="106" conditionals="101" coveredconditionals="93" methods="24" coveredmethods="24"/>
      <file name="guards.ts" path="/Volumes/VideoWorks/workspace/whisky-manager/src/shared/guards.ts">
        <metrics statements="14" coveredstatements="14" conditionals="8" coveredconditionals="8" methods="3" coveredmethods="3"/>
        <line num="28" count="2" type="stmt"/>
        <line num="29" count="42" type="cond" truecount="2" falsecount="0"/>
        <line num="30" count="6" type="stmt"/>
        <line num="32" count="36" type="stmt"/>
        <line num="33" count="36" type="stmt"/>
        <line num="34" count="36" type="cond" truecount="2" falsecount="0"/>
        <line num="42" count="40" type="stmt"/>
        <line num="43" count="40" type="stmt"/>
        <line num="44" count="43" type="stmt"/>
        <line num="45" count="43" type="cond" truecount="2" falsecount="0"/>
        <line num="46" count="9" type="cond" truecount="2" falsecount="0"/>
        <line num="47" count="2" type="stmt"/>
        <line num="49" count="7" type="stmt"/>
        <line num="51" count="38" type="stmt"/>
      </file>
      <file name="index.ts" path="/Volumes/VideoWorks/workspace/whisky-manager/src/shared/index.ts">
        <metrics statements="0" coveredstatements="0" conditionals="0" coveredconditionals="0" methods="0" coveredmethods="0"/>
      </file>
      <file name="limits.ts" path="/Volumes/VideoWorks/workspace/whisky-manager/src/shared/limits.ts">
        <metrics statements="12" coveredstatements="12" conditionals="8" coveredconditionals="8" methods="4" coveredmethods="4"/>
        <line num="15" count="42" type="cond" truecount="2" falsecount="0"/>
        <line num="16" count="2" type="stmt"/>
        <line num="18" count="40" type="cond" truecount="2" falsecount="0"/>
        <line num="19" count="5" type="stmt"/>
        <line num="21" count="35" type="cond" truecount="2" falsecount="0"/>
        <line num="22" count="5" type="stmt"/>
        <line num="24" count="30" type="stmt"/>
        <line num="37" count="89" type="stmt"/>
        <line num="46" count="38" type="stmt"/>
        <line num="47" count="38" type="cond" truecount="2" falsecount="0"/>
        <line num="48" count="37" type="stmt"/>
        <line num="50" count="1" type="stmt"/>
      </file>
      <file name="policy.ts" path="/Volumes/VideoWorks/workspace/whisky-manager/src/shared/policy.ts">
        <metrics statements="7" coveredstatements="7" conditionals="8" coveredconditionals="8" methods="1" coveredmethods="1"/>
        <line num="14" count="46" type="cond" truecount="2" falsecount="0"/>
        <line num="15" count="4" type="stmt"/>
        <line num="17" count="42" type="cond" truecount="2" falsecount="0"/>
        <line num="18" count="3" type="stmt"/>
        <line num="20" count="39" type="cond" truecount="2" falsecount="0"/>
        <line num="21" count="32" type="stmt"/>
        <line num="23" count="7" type="cond" truecount="2" falsecount="0"/>
      </file>
      <file name="ports.ts" path="/Volumes/VideoWorks/workspace/whisky-manager/src/shared/ports.ts">
        <metrics statements="0" coveredstatements="0" conditionals="0" coveredconditionals="0" methods="0" coveredmethods="0"/>
      </file>
      <file name="postId.ts" path="/Volumes/VideoWorks/workspace/whisky-manager/src/shared/postId.ts">
        <metrics statements="5" coveredstatements="5" conditionals="10" coveredconditionals="9" methods="1" coveredmethods="1"/>
        <line num="1" count="2" type="stmt"/>
        <line num="10" count="44" type="cond" truecount="2" falsecount="0"/>
        <line num="11" count="13" type="cond" truecount="4" falsecount="0"/>
        <line num="12" count="12" type="cond" truecount="2" falsecount="0"/>
        <line num="14" count="1" type="cond" truecount="1" falsecount="1"/>
      </file>
      <file name="profiles.ts" path="/Volumes/VideoWorks/workspace/whisky-manager/src/shared/profiles.ts">
        <metrics statements="5" coveredstatements="5" conditionals="0" coveredconditionals="0" methods="0" coveredmethods="0"/>
        <line num="3" count="8" type="stmt"/>
        <line num="4" count="8" type="stmt"/>
        <line num="5" count="8" type="stmt"/>
        <line num="7" count="8" type="stmt"/>
        <line num="16" count="8" type="stmt"/>
      </file>
      <file name="protocol.ts" path="/Volumes/VideoWorks/workspace/whisky-manager/src/shared/protocol.ts">
        <metrics statements="11" coveredstatements="11" conditionals="10" coveredconditionals="9" methods="3" coveredmethods="3"/>
        <line num="3" count="5" type="stmt"/>
        <line num="6" count="5" type="stmt"/>
        <line num="67" count="5" type="stmt"/>
        <line num="75" count="5" type="stmt"/>
        <line num="85" count="13" type="cond" truecount="4" falsecount="0"/>
        <line num="86" count="11" type="stmt"/>
        <line num="87" count="11" type="cond" truecount="1" falsecount="1"/>
        <line num="91" count="5" type="stmt"/>
        <line num="92" count="5" type="cond" truecount="2" falsecount="0"/>
        <line num="96" count="8" type="stmt"/>
        <line num="97" count="8" type="cond" truecount="2" falsecount="0"/>
      </file>
      <file name="schedule.ts" path="/Volumes/VideoWorks/workspace/whisky-manager/src/shared/schedule.ts">
        <metrics statements="15" coveredstatements="14" conditionals="10" coveredconditionals="9" methods="5" coveredmethods="5"/>
        <line num="4" count="4" type="stmt"/>
        <line num="5" count="4" type="stmt"/>
        <line num="8" count="57" type="stmt"/>
        <line num="9" count="57" type="cond" truecount="2" falsecount="0"/>
        <line num="17" count="3" type="stmt"/>
        <line num="18" count="3" type="cond" truecount="1" falsecount="1"/>
        <line num="19" count="3" type="stmt"/>
        <line num="21" count="0" type="stmt"/>
        <line num="25" count="14" type="stmt"/>
        <line num="26" count="14" type="cond" truecount="2" falsecount="0"/>
        <line num="35" count="14" type="stmt"/>
        <line num="36" count="14" type="cond" truecount="2" falsecount="0"/>
        <line num="37" count="14" type="stmt"/>
        <line num="39" count="14" type="cond" truecount="2" falsecount="0"/>
        <line num="45" count="29" type="stmt"/>
      </file>
      <file name="statusMachine.ts" path="/Volumes/VideoWorks/workspace/whisky-manager/src/shared/statusMachine.ts">
        <metrics statements="23" coveredstatements="22" conditionals="31" coveredconditionals="29" methods="3" coveredmethods="3"/>
        <line num="16" count="8" type="stmt"/>
        <line num="17" count="8" type="stmt"/>
        <line num="22" count="40" type="cond" truecount="3" falsecount="0"/>
        <line num="24" count="31" type="stmt"/>
        <line num="26" count="6" type="stmt"/>
        <line num="28" count="3" type="stmt"/>
        <line num="37" count="57" type="cond" truecount="2" falsecount="0"/>
        <line num="41" count="2" type="stmt"/>
        <line num="44" count="55" type="cond" truecount="4" falsecount="0"/>
        <line num="46" count="8" type="cond" truecount="2" falsecount="0"/>
        <line num="47" count="6" type="cond" truecount="2" falsecount="0"/>
        <line num="48" count="4" type="cond" truecount="2" falsecount="0"/>
        <line num="49" count="1" type="stmt"/>
        <line num="52" count="34" type="cond" truecount="2" falsecount="0"/>
        <line num="53" count="16" type="cond" truecount="2" falsecount="0"/>
        <line num="54" count="11" type="cond" truecount="2" falsecount="0"/>
        <line num="56" count="5" type="cond" truecount="2" falsecount="0"/>
        <line num="57" count="1" type="stmt"/>
        <line num="60" count="7" type="cond" truecount="2" falsecount="0"/>
        <line num="61" count="3" type="cond" truecount="1" falsecount="1"/>
        <line num="62" count="0" type="stmt"/>
        <line num="65" count="6" type="stmt"/>
        <line num="68" count="8" type="stmt"/>
      </file>
      <file name="templates.ts" path="/Volumes/VideoWorks/workspace/whisky-manager/src/shared/templates.ts">
        <metrics statements="14" coveredstatements="14" conditionals="16" coveredconditionals="13" methods="3" coveredmethods="3"/>
        <line num="4" count="1" type="stmt"/>
        <line num="11" count="4" type="cond" truecount="2" falsecount="0"/>
        <line num="12" count="3" type="cond" truecount="3" falsecount="1"/>
        <line num="13" count="2" type="stmt"/>
        <line num="14" count="2" type="cond" truecount="1" falsecount="1"/>
        <line num="24" count="5" type="stmt"/>
        <line num="26" count="5" type="stmt"/>
        <line num="27" count="6" type="stmt"/>
        <line num="28" count="6" type="stmt"/>
        <line num="29" count="6" type="cond" truecount="4" falsecount="0"/>
        <line num="30" count="2" type="cond" truecount="1" falsecount="1"/>
        <line num="31" count="2" type="stmt"/>
        <line num="33" count="4" type="stmt"/>
        <line num="36" count="5" type="cond" truecount="2" falsecount="0"/>
      </file>
      <file name="types.ts" path="/Volumes/VideoWorks/workspace/whisky-manager/src/shared/types.ts">
        <metrics statements="2" coveredstatements="2" conditionals="0" coveredconditionals="0" methods="1" coveredmethods="1"/>
        <line num="14" count="6" type="stmt"/>
        <line num="19" count="6" type="stmt"/>
      </file>
    </package>
  </project>
</coverage>
