{"/Volumes/VideoWorks/workspace/whisky-manager/src/desktop/approvals.ts": {"path":"/Volumes/VideoWorks/workspace/whisky-manager/src/desktop/approvals.ts","statementMap":{"0":{"start":{"line":6,"column":14},"end":{"line":6,"column":null}},"1":{"start":{"line":7,"column":2},"end":{"line":7,"column":null}},"2":{"start":{"line":7,"column":25},"end":{"line":7,"column":null}},"3":{"start":{"line":8,"column":2},"end":{"line":8,"column":null}},"4":{"start":{"line":12,"column":14},"end":{"line":12,"column":null}},"5":{"start":{"line":13,"column":2},"end":{"line":13,"column":null}},"6":{"start":{"line":13,"column":25},"end":{"line":13,"column":null}},"7":{"start":{"line":14,"column":2},"end":{"line":18,"column":null}},"8":{"start":{"line":35,"column":16},"end":{"line":35,"column":null}},"9":{"start":{"line":37,"column":2},"end":{"line":45,"column":null}},"10":{"start":{"line":38,"column":4},"end":{"line":38,"column":null}},"11":{"start":{"line":38,"column":56},"end":{"line":38,"column":null}},"12":{"start":{"line":39,"column":4},"end":{"line":43,"column":null}},"13":{"start":{"line":44,"column":4},"end":{"line":44,"column":null}},"14":{"start":{"line":47,"column":2},"end":{"line":47,"column":null}}},"fnMap":{"0":{"name":"approve","decl":{"start":{"line":5,"column":16},"end":{"line":5,"column":24}},"loc":{"start":{"line":5,"column":89},"end":{"line":9,"column":null}},"line":5},"1":{"name":"reject","decl":{"start":{"line":11,"column":16},"end":{"line":11,"column":23}},"loc":{"start":{"line":11,"column":87},"end":{"line":19,"column":null}},"line":11},"2":{"name":"sweepApprovals","decl":{"start":{"line":29,"column":16},"end":{"line":29,"column":null}},"loc":{"start":{"line":34,"column":15},"end":{"line":48,"column":null}},"line":34}},"branchMap":{"0":{"loc":{"start":{"line":7,"column":2},"end":{"line":7,"column":null}},"type":"if","locations":[{"start":{"line":7,"column":2},"end":{"line":7,"column":null}},{"start":{},"end":{}}],"line":7},"1":{"loc":{"start":{"line":13,"column":2},"end":{"line":13,"column":null}},"type":"if","locations":[{"start":{"line":13,"column":2},"end":{"line":13,"column":null}},{"start":{},"end":{}}],"line":13},"2":{"loc":{"start":{"line":38,"column":4},"end":{"line":38,"column":null}},"type":"if","locations":[{"start":{"line":38,"column":4},"end":{"line":38,"column":null}},{"start":{},"end":{}}],"line":38}},"s":{"0":3,"1":3,"2":1,"3":2,"4":1,"5":1,"6":0,"7":1,"8":47,"9":47,"10":4,"11":2,"12":2,"13":2,"14":47},"f":{"0":3,"1":1,"2":47},"b":{"0":[1,2],"1":[0,1],"2":[2,2]},"meta":{"lastBranch":3,"lastFunction":3,"lastStatement":15,"seen":{"f:5:16:5:24":0,"s:6:14:6:Infinity":0,"b:7:2:7:Infinity:undefined:undefined:undefined:undefined":0,"s:7:2:7:Infinity":1,"s:7:25:7:Infinity":2,"s:8:2:8:Infinity":3,"f:11:16:11:23":1,"s:12:14:12:Infinity":4,"b:13:2:13:Infinity:undefined:undefined:undefined:undefined":1,"s:13:2:13:Infinity":5,"s:13:25:13:Infinity":6,"s:14:2:18:Infinity":7,"f:29:16:29:Infinity":2,"s:35:16:35:Infinity":8,"s:37:2:45:Infinity":9,"b:38:4:38:Infinity:undefined:undefined:undefined:undefined":2,"s:38:4:38:Infinity":10,"s:38:56:38:Infinity":11,"s:39:4:43:Infinity":12,"s:44:4:44:Infinity":13,"s:47:2:47:Infinity":14},"fnNames":{}}}
,"/Volumes/VideoWorks/workspace/whisky-manager/src/desktop/bootstrap.ts": {"path":"/Volumes/VideoWorks/workspace/whisky-manager/src/desktop/bootstrap.ts","statementMap":{"0":{"start":{"line":18,"column":37},"end":{"line":18,"column":null}},"1":{"start":{"line":58,"column":13},"end":{"line":58,"column":null}},"2":{"start":{"line":59,"column":19},"end":{"line":59,"column":null}},"3":{"start":{"line":61,"column":14},"end":{"line":61,"column":null}},"4":{"start":{"line":62,"column":2},"end":{"line":65,"column":null}},"5":{"start":{"line":63,"column":4},"end":{"line":63,"column":null}},"6":{"start":{"line":64,"column":4},"end":{"line":64,"column":null}},"7":{"start":{"line":67,"column":29},"end":{"line":67,"column":null}},"8":{"start":{"line":68,"column":2},"end":{"line":77,"column":null}},"9":{"start":{"line":71,"column":4},"end":{"line":76,"column":null}},"10":{"start":{"line":79,"column":17},"end":{"line":84,"column":null}},"11":{"start":{"line":83,"column":29},"end":{"line":83,"column":null}},"12":{"start":{"line":86,"column":26},"end":{"line":92,"column":null}},"13":{"start":{"line":91,"column":46},"end":{"line":91,"column":58}},"14":{"start":{"line":94,"column":15},"end":{"line":94,"column":null}},"15":{"start":{"line":95,"column":43},"end":{"line":95,"column":null}},"16":{"start":{"line":97,"column":21},"end":{"line":108,"column":null}},"17":{"start":{"line":105,"column":20},"end":{"line":105,"column":null}},"18":{"start":{"line":106,"column":19},"end":{"line":106,"column":null}},"19":{"start":{"line":106,"column":44},"end":{"line":106,"column":67}},"20":{"start":{"line":107,"column":17},"end":{"line":107,"column":null}},"21":{"start":{"line":110,"column":15},"end":{"line":122,"column":null}},"22":{"start":{"line":116,"column":6},"end":{"line":116,"column":null}},"23":{"start":{"line":118,"column":24},"end":{"line":118,"column":null}},"24":{"start":{"line":119,"column":24},"end":{"line":119,"column":null}},"25":{"start":{"line":120,"column":26},"end":{"line":120,"column":null}},"26":{"start":{"line":121,"column":28},"end":{"line":121,"column":null}},"27":{"start":{"line":124,"column":40},"end":{"line":138,"column":null}},"28":{"start":{"line":126,"column":6},"end":{"line":126,"column":null}},"29":{"start":{"line":127,"column":6},"end":{"line":127,"column":null}},"30":{"start":{"line":130,"column":6},"end":{"line":130,"column":null}},"31":{"start":{"line":133,"column":6},"end":{"line":133,"column":null}},"32":{"start":{"line":134,"column":6},"end":{"line":134,"column":null}},"33":{"start":{"line":136,"column":21},"end":{"line":136,"column":null}},"34":{"start":{"line":137,"column":19},"end":{"line":137,"column":null}},"35":{"start":{"line":140,"column":2},"end":{"line":151,"column":null}},"36":{"start":{"line":146,"column":23},"end":{"line":146,"column":null}},"37":{"start":{"line":148,"column":6},"end":{"line":148,"column":null}},"38":{"start":{"line":149,"column":6},"end":{"line":149,"column":null}}},"fnMap":{"0":{"name":"createAppContext","decl":{"start":{"line":57,"column":22},"end":{"line":57,"column":39}},"loc":{"start":{"line":57,"column":88},"end":{"line":152,"column":null}},"line":57},"1":{"name":"(anonymous_1)","decl":{"start":{"line":83,"column":4},"end":{"line":83,"column":13}},"loc":{"start":{"line":83,"column":29},"end":{"line":83,"column":null}},"line":83},"2":{"name":"(anonymous_2)","decl":{"start":{"line":91,"column":36},"end":{"line":91,"column":46}},"loc":{"start":{"line":91,"column":46},"end":{"line":91,"column":58}},"line":91},"3":{"name":"(anonymous_3)","decl":{"start":{"line":105,"column":4},"end":{"line":105,"column":20}},"loc":{"start":{"line":105,"column":20},"end":{"line":105,"column":null}},"line":105},"4":{"name":"(anonymous_4)","decl":{"start":{"line":106,"column":4},"end":{"line":106,"column":12}},"loc":{"start":{"line":106,"column":19},"end":{"line":106,"column":null}},"line":106},"5":{"name":"(anonymous_5)","decl":{"start":{"line":106,"column":23},"end":{"line":106,"column":32}},"loc":{"start":{"line":106,"column":44},"end":{"line":106,"column":67}},"line":106},"6":{"name":"(anonymous_6)","decl":{"start":{"line":107,"column":4},"end":{"line":107,"column":17}},"loc":{"start":{"line":107,"column":17},"end":{"line":107,"column":null}},"line":107},"7":{"name":"(anonymous_7)","decl":{"start":{"line":115,"column":4},"end":{"line":115,"column":16}},"loc":{"start":{"line":115,"column":28},"end":{"line":117,"column":null}},"line":115},"8":{"name":"(anonymous_8)","decl":{"start":{"line":118,"column":4},"end":{"line":118,"column":14}},"loc":{"start":{"line":118,"column":24},"end":{"line":118,"column":null}},"line":118},"9":{"name":"(anonymous_9)","decl":{"start":{"line":119,"column":4},"end":{"line":119,"column":13}},"loc":{"start":{"line":119,"column":24},"end":{"line":119,"column":null}},"line":119},"10":{"name":"(anonymous_10)","decl":{"start":{"line":120,"column":4},"end":{"line":120,"column":15}},"loc":{"start":{"line":120,"column":26},"end":{"line":120,"column":null}},"line":120},"11":{"name":"(anonymous_11)","decl":{"start":{"line":121,"column":4},"end":{"line":121,"column":17}},"loc":{"start":{"line":121,"column":28},"end":{"line":121,"column":null}},"line":121},"12":{"name":"start","decl":{"start":{"line":125,"column":4},"end":{"line":125,"column":12}},"loc":{"start":{"line":125,"column":12},"end":{"line":128,"column":null}},"line":125},"13":{"name":"stop","decl":{"start":{"line":129,"column":4},"end":{"line":129,"column":11}},"loc":{"start":{"line":129,"column":11},"end":{"line":131,"column":null}},"line":129},"14":{"name":"kill","decl":{"start":{"line":132,"column":4},"end":{"line":132,"column":11}},"loc":{"start":{"line":132,"column":11},"end":{"line":135,"column":null}},"line":132},"15":{"name":"(anonymous_15)","decl":{"start":{"line":136,"column":4},"end":{"line":136,"column":21}},"loc":{"start":{"line":136,"column":21},"end":{"line":136,"column":null}},"line":136},"16":{"name":"(anonymous_16)","decl":{"start":{"line":137,"column":4},"end":{"line":137,"column":19}},"loc":{"start":{"line":137,"column":19},"end":{"line":137,"column":null}},"line":137},"17":{"name":"(anonymous_17)","decl":{"start":{"line":146,"column":4},"end":{"line":146,"column":23}},"loc":{"start":{"line":146,"column":23},"end":{"line":146,"column":null}},"line":146},"18":{"name":"shutdown","decl":{"start":{"line":147,"column":10},"end":{"line":147,"column":21}},"loc":{"start":{"line":147,"column":21},"end":{"line":150,"column":null}},"line":147}},"branchMap":{"0":{"loc":{"start":{"line":62,"column":2},"end":{"line":65,"column":null}},"type":"if","locations":[{"start":{"line":62,"column":2},"end":{"line":65,"column":null}},{"start":{},"end":{}}],"line":62},"1":{"loc":{"start":{"line":68,"column":2},"end":{"line":77,"column":null}},"type":"if","locations":[{"start":{"line":68,"column":2},"end":{"line":77,"column":null}},{"start":{},"end":{}}],"line":68},"2":{"loc":{"start":{"line":81,"column":22},"end":{"line":81,"column":null}},"type":"binary-expr","locations":[{"start":{"line":81,"column":22},"end":{"line":81,"column":58}},{"start":{"line":81,"column":58},"end":{"line":81,"column":null}}],"line":81}},"s":{"0":2,"1":10,"2":10,"3":10,"4":10,"5":9,"6":9,"7":10,"8":10,"9":9,"10":10,"11":0,"12":10,"13":1,"14":10,"15":10,"16":10,"17":4,"18":0,"19":0,"20":0,"21":10,"22":4,"23":0,"24":0,"25":1,"26":1,"27":10,"28":1,"29":1,"30":1,"31":2,"32":2,"33":3,"34":4,"35":10,"36":4,"37":11,"38":11},"f":{"0":10,"1":0,"2":1,"3":4,"4":0,"5":0,"6":0,"7":4,"8":0,"9":0,"10":1,"11":1,"12":1,"13":1,"14":2,"15":3,"16":4,"17":4,"18":11},"b":{"0":[9,1],"1":[9,1],"2":[10,10]},"meta":{"lastBranch":3,"lastFunction":19,"lastStatement":39,"seen":{"s:18:37:18:Infinity":0,"f:57:22:57:39":0,"s:58:13:58:Infinity":1,"s:59:19:59:Infinity":2,"s:61:14:61:Infinity":3,"b:62:2:65:Infinity:undefined:undefined:undefined:undefined":0,"s:62:2:65:Infinity":4,"s:63:4:63:Infinity":5,"s:64:4:64:Infinity":6,"s:67:29:67:Infinity":7,"b:68:2:77:Infinity:undefined:undefined:undefined:undefined":1,"s:68:2:77:Infinity":8,"s:71:4:76:Infinity":9,"s:79:17:84:Infinity":10,"b:81:22:81:58:81:58:81:Infinity":2,"f:83:4:83:13":1,"s:83:29:83:Infinity":11,"s:86:26:92:Infinity":12,"f:91:36:91:46":2,"s:91:46:91:58":13,"s:94:15:94:Infinity":14,"s:95:43:95:Infinity":15,"s:97:21:108:Infinity":16,"f:105:4:105:20":3,"s:105:20:105:Infinity":17,"f:106:4:106:12":4,"s:106:19:106:Infinity":18,"f:106:23:106:32":5,"s:106:44:106:67":19,"f:107:4:107:17":6,"s:107:17:107:Infinity":20,"s:110:15:122:Infinity":21,"f:115:4:115:16":7,"s:116:6:116:Infinity":22,"f:118:4:118:14":8,"s:118:24:118:Infinity":23,"f:119:4:119:13":9,"s:119:24:119:Infinity":24,"f:120:4:120:15":10,"s:120:26:120:Infinity":25,"f:121:4:121:17":11,"s:121:28:121:Infinity":26,"s:124:40:138:Infinity":27,"f:125:4:125:12":12,"s:126:6:126:Infinity":28,"s:127:6:127:Infinity":29,"f:129:4:129:11":13,"s:130:6:130:Infinity":30,"f:132:4:132:11":14,"s:133:6:133:Infinity":31,"s:134:6:134:Infinity":32,"f:136:4:136:21":15,"s:136:21:136:Infinity":33,"f:137:4:137:19":16,"s:137:19:137:Infinity":34,"s:140:2:151:Infinity":35,"f:146:4:146:23":17,"s:146:23:146:Infinity":36,"f:147:10:147:21":18,"s:148:6:148:Infinity":37,"s:149:6:149:Infinity":38},"fnNames":{}}}
,"/Volumes/VideoWorks/workspace/whisky-manager/src/desktop/ipc.ts": {"path":"/Volumes/VideoWorks/workspace/whisky-manager/src/desktop/ipc.ts","statementMap":{"0":{"start":{"line":3,"column":28},"end":{"line":16,"column":null}}},"fnMap":{},"branchMap":{},"s":{"0":0},"f":{},"b":{},"meta":{"lastBranch":0,"lastFunction":0,"lastStatement":1,"seen":{"s:3:28:16:Infinity":0},"fnNames":{}}}
,"/Volumes/VideoWorks/workspace/whisky-manager/src/desktop/orchestrator.ts": {"path":"/Volumes/VideoWorks/workspace/whisky-manager/src/desktop/orchestrator.ts","statementMap":{"0":{"start":{"line":88,"column":2},"end":{"line":97,"column":null}},"1":{"start":{"line":89,"column":18},"end":{"line":92,"column":null}},"2":{"start":{"line":93,"column":4},"end":{"line":93,"column":null}},"3":{"start":{"line":93,"column":38},"end":{"line":93,"column":null}},"4":{"start":{"line":94,"column":4},"end":{"line":94,"column":null}},"5":{"start":{"line":96,"column":4},"end":{"line":96,"column":null}},"6":{"start":{"line":101,"column":2},"end":{"line":115,"column":null}},"7":{"start":{"line":102,"column":18},"end":{"line":111,"column":null}},"8":{"start":{"line":112,"column":4},"end":{"line":112,"column":null}},"9":{"start":{"line":114,"column":4},"end":{"line":114,"column":null}},"10":{"start":{"line":124,"column":2},"end":{"line":132,"column":null}},"11":{"start":{"line":125,"column":18},"end":{"line":128,"column":null}},"12":{"start":{"line":129,"column":4},"end":{"line":129,"column":null}},"13":{"start":{"line":131,"column":4},"end":{"line":131,"column":null}},"14":{"start":{"line":139,"column":2},"end":{"line":152,"column":null}},"15":{"start":{"line":140,"column":18},"end":{"line":148,"column":null}},"16":{"start":{"line":149,"column":4},"end":{"line":149,"column":null}},"17":{"start":{"line":151,"column":4},"end":{"line":151,"column":null}},"18":{"start":{"line":160,"column":15},"end":{"line":163,"column":null}},"19":{"start":{"line":164,"column":2},"end":{"line":184,"column":null}},"20":{"start":{"line":165,"column":16},"end":{"line":165,"column":null}},"21":{"start":{"line":166,"column":4},"end":{"line":169,"column":null}},"22":{"start":{"line":168,"column":6},"end":{"line":168,"column":null}},"23":{"start":{"line":170,"column":4},"end":{"line":177,"column":null}},"24":{"start":{"line":171,"column":6},"end":{"line":175,"column":null}},"25":{"start":{"line":176,"column":6},"end":{"line":176,"column":null}},"26":{"start":{"line":178,"column":4},"end":{"line":182,"column":null}},"27":{"start":{"line":183,"column":4},"end":{"line":183,"column":null}},"28":{"start":{"line":186,"column":2},"end":{"line":186,"column":null}},"29":{"start":{"line":190,"column":2},"end":{"line":197,"column":null}},"30":{"start":{"line":191,"column":4},"end":{"line":195,"column":null}},"31":{"start":{"line":196,"column":4},"end":{"line":196,"column":null}},"32":{"start":{"line":201,"column":21},"end":{"line":205,"column":null}},"33":{"start":{"line":206,"column":2},"end":{"line":213,"column":null}},"34":{"start":{"line":207,"column":4},"end":{"line":211,"column":null}},"35":{"start":{"line":212,"column":4},"end":{"line":212,"column":null}},"36":{"start":{"line":214,"column":2},"end":{"line":221,"column":null}},"37":{"start":{"line":214,"column":34},"end":{"line":214,"column":72}},"38":{"start":{"line":215,"column":4},"end":{"line":219,"column":null}},"39":{"start":{"line":220,"column":4},"end":{"line":220,"column":null}},"40":{"start":{"line":223,"column":20},"end":{"line":223,"column":null}},"41":{"start":{"line":224,"column":17},"end":{"line":224,"column":null}},"42":{"start":{"line":225,"column":19},"end":{"line":225,"column":null}},"43":{"start":{"line":226,"column":21},"end":{"line":226,"column":null}},"44":{"start":{"line":228,"column":2},"end":{"line":239,"column":null}},"45":{"start":{"line":229,"column":4},"end":{"line":237,"column":null}},"46":{"start":{"line":238,"column":4},"end":{"line":238,"column":null}},"47":{"start":{"line":241,"column":21},"end":{"line":241,"column":null}},"48":{"start":{"line":242,"column":2},"end":{"line":250,"column":null}},"49":{"start":{"line":251,"column":2},"end":{"line":251,"column":null}},"50":{"start":{"line":255,"column":2},"end":{"line":257,"column":null}},"51":{"start":{"line":256,"column":4},"end":{"line":256,"column":null}},"52":{"start":{"line":259,"column":2},"end":{"line":261,"column":null}},"53":{"start":{"line":260,"column":4},"end":{"line":260,"column":null}},"54":{"start":{"line":265,"column":2},"end":{"line":267,"column":null}},"55":{"start":{"line":266,"column":4},"end":{"line":266,"column":null}},"56":{"start":{"line":269,"column":19},"end":{"line":269,"column":null}},"57":{"start":{"line":270,"column":2},"end":{"line":272,"column":null}},"58":{"start":{"line":271,"column":4},"end":{"line":271,"column":null}},"59":{"start":{"line":274,"column":16},"end":{"line":274,"column":null}},"60":{"start":{"line":275,"column":2},"end":{"line":275,"column":null}},"61":{"start":{"line":275,"column":23},"end":{"line":275,"column":null}},"62":{"start":{"line":276,"column":2},"end":{"line":276,"column":null}},"63":{"start":{"line":276,"column":27},"end":{"line":276,"column":null}},"64":{"start":{"line":281,"column":2},"end":{"line":281,"column":null}},"65":{"start":{"line":282,"column":2},"end":{"line":282,"column":null}},"66":{"start":{"line":284,"column":21},"end":{"line":284,"column":null}},"67":{"start":{"line":285,"column":2},"end":{"line":287,"column":null}},"68":{"start":{"line":285,"column":45},"end":{"line":285,"column":76}},"69":{"start":{"line":286,"column":4},"end":{"line":286,"column":null}},"70":{"start":{"line":289,"column":17},"end":{"line":289,"column":null}},"71":{"start":{"line":290,"column":16},"end":{"line":290,"column":null}},"72":{"start":{"line":291,"column":25},"end":{"line":291,"column":null}},"73":{"start":{"line":292,"column":15},"end":{"line":292,"column":null}},"74":{"start":{"line":293,"column":16},"end":{"line":293,"column":null}},"75":{"start":{"line":294,"column":43},"end":{"line":294,"column":null}},"76":{"start":{"line":296,"column":18},"end":{"line":296,"column":null}},"77":{"start":{"line":298,"column":21},"end":{"line":298,"column":null}},"78":{"start":{"line":299,"column":19},"end":{"line":299,"column":null}},"79":{"start":{"line":301,"column":8},"end":{"line":316,"column":null}},"80":{"start":{"line":303,"column":4},"end":{"line":306,"column":null}},"81":{"start":{"line":304,"column":6},"end":{"line":304,"column":null}},"82":{"start":{"line":305,"column":6},"end":{"line":305,"column":null}},"83":{"start":{"line":307,"column":4},"end":{"line":315,"column":null}},"84":{"start":{"line":308,"column":6},"end":{"line":308,"column":null}},"85":{"start":{"line":309,"column":11},"end":{"line":315,"column":null}},"86":{"start":{"line":310,"column":6},"end":{"line":310,"column":null}},"87":{"start":{"line":311,"column":11},"end":{"line":315,"column":null}},"88":{"start":{"line":312,"column":6},"end":{"line":312,"column":null}},"89":{"start":{"line":313,"column":11},"end":{"line":315,"column":null}},"90":{"start":{"line":314,"column":6},"end":{"line":314,"column":null}},"91":{"start":{"line":318,"column":8},"end":{"line":326,"column":null}},"92":{"start":{"line":318,"column":41},"end":{"line":326,"column":null}},"93":{"start":{"line":330,"column":2},"end":{"line":346,"column":null}},"94":{"start":{"line":331,"column":19},"end":{"line":343,"column":null}},"95":{"start":{"line":344,"column":4},"end":{"line":344,"column":null}},"96":{"start":{"line":344,"column":27},"end":{"line":344,"column":null}},"97":{"start":{"line":345,"column":4},"end":{"line":345,"column":null}},"98":{"start":{"line":348,"column":15},"end":{"line":348,"column":null}},"99":{"start":{"line":349,"column":2},"end":{"line":349,"column":null}},"100":{"start":{"line":349,"column":21},"end":{"line":349,"column":null}},"101":{"start":{"line":351,"column":2},"end":{"line":447,"column":null}},"102":{"start":{"line":352,"column":16},"end":{"line":352,"column":null}},"103":{"start":{"line":356,"column":4},"end":{"line":356,"column":null}},"104":{"start":{"line":358,"column":24},"end":{"line":368,"column":null}},"105":{"start":{"line":369,"column":4},"end":{"line":369,"column":null}},"106":{"start":{"line":369,"column":30},"end":{"line":369,"column":null}},"107":{"start":{"line":371,"column":33},"end":{"line":381,"column":null}},"108":{"start":{"line":385,"column":21},"end":{"line":385,"column":null}},"109":{"start":{"line":386,"column":28},"end":{"line":390,"column":null}},"110":{"start":{"line":391,"column":23},"end":{"line":396,"column":null}},"111":{"start":{"line":398,"column":24},"end":{"line":398,"column":null}},"112":{"start":{"line":399,"column":19},"end":{"line":399,"column":null}},"113":{"start":{"line":401,"column":4},"end":{"line":410,"column":null}},"114":{"start":{"line":402,"column":6},"end":{"line":407,"column":null}},"115":{"start":{"line":408,"column":6},"end":{"line":408,"column":null}},"116":{"start":{"line":409,"column":6},"end":{"line":409,"column":null}},"117":{"start":{"line":412,"column":4},"end":{"line":416,"column":null}},"118":{"start":{"line":413,"column":6},"end":{"line":413,"column":null}},"119":{"start":{"line":414,"column":6},"end":{"line":414,"column":null}},"120":{"start":{"line":415,"column":6},"end":{"line":415,"column":null}},"121":{"start":{"line":418,"column":4},"end":{"line":421,"column":null}},"122":{"start":{"line":420,"column":6},"end":{"line":420,"column":null}},"123":{"start":{"line":425,"column":4},"end":{"line":430,"column":null}},"124":{"start":{"line":432,"column":19},"end":{"line":444,"column":null}},"125":{"start":{"line":445,"column":4},"end":{"line":445,"column":null}},"126":{"start":{"line":445,"column":27},"end":{"line":445,"column":null}},"127":{"start":{"line":446,"column":4},"end":{"line":446,"column":null}},"128":{"start":{"line":449,"column":2},"end":{"line":449,"column":null}}},"fnMap":{"0":{"name":"checkLogin","decl":{"start":{"line":87,"column":15},"end":{"line":87,"column":26}},"loc":{"start":{"line":87,"column":80},"end":{"line":98,"column":null}},"line":87},"1":{"name":"collect","decl":{"start":{"line":100,"column":15},"end":{"line":100,"column":23}},"loc":{"start":{"line":100,"column":42},"end":{"line":116,"column":null}},"line":100},"2":{"name":"recheckComments","decl":{"start":{"line":123,"column":15},"end":{"line":123,"column":31}},"loc":{"start":{"line":123,"column":91},"end":{"line":133,"column":null}},"line":123},"3":{"name":"execute","decl":{"start":{"line":135,"column":15},"end":{"line":135,"column":null}},"loc":{"start":{"line":138,"column":67},"end":{"line":153,"column":null}},"line":138},"4":{"name":"runJob","decl":{"start":{"line":159,"column":15},"end":{"line":159,"column":22}},"loc":{"start":{"line":159,"column":100},"end":{"line":252,"column":null}},"line":159},"5":{"name":"(anonymous_5)","decl":{"start":{"line":214,"column":17},"end":{"line":214,"column":23}},"loc":{"start":{"line":214,"column":34},"end":{"line":214,"column":72}},"line":214},"6":{"name":"runSession","decl":{"start":{"line":254,"column":22},"end":{"line":254,"column":33}},"loc":{"start":{"line":254,"column":77},"end":{"line":450,"column":null}},"line":254},"7":{"name":"(anonymous_7)","decl":{"start":{"line":285,"column":33},"end":{"line":285,"column":38}},"loc":{"start":{"line":285,"column":45},"end":{"line":285,"column":76}},"line":285},"8":{"name":"(anonymous_8)","decl":{"start":{"line":301,"column":8},"end":{"line":301,"column":17}},"loc":{"start":{"line":301,"column":45},"end":{"line":316,"column":null}},"line":301},"9":{"name":"(anonymous_9)","decl":{"start":{"line":318,"column":8},"end":{"line":318,"column":41}},"loc":{"start":{"line":318,"column":41},"end":{"line":326,"column":null}},"line":318}},"branchMap":{"0":{"loc":{"start":{"line":93,"column":4},"end":{"line":93,"column":null}},"type":"if","locations":[{"start":{"line":93,"column":4},"end":{"line":93,"column":null}},{"start":{},"end":{}}],"line":93},"1":{"loc":{"start":{"line":94,"column":11},"end":{"line":94,"column":null}},"type":"cond-expr","locations":[{"start":{"line":94,"column":28},"end":{"line":94,"column":35}},{"start":{"line":94,"column":35},"end":{"line":94,"column":null}}],"line":94},"2":{"loc":{"start":{"line":112,"column":11},"end":{"line":112,"column":null}},"type":"cond-expr","locations":[{"start":{"line":112,"column":40},"end":{"line":112,"column":59}},{"start":{"line":112,"column":59},"end":{"line":112,"column":null}}],"line":112},"3":{"loc":{"start":{"line":129,"column":11},"end":{"line":129,"column":null}},"type":"cond-expr","locations":[{"start":{"line":129,"column":39},"end":{"line":129,"column":55}},{"start":{"line":129,"column":55},"end":{"line":129,"column":null}}],"line":129},"4":{"loc":{"start":{"line":149,"column":11},"end":{"line":149,"column":null}},"type":"cond-expr","locations":[{"start":{"line":149,"column":39},"end":{"line":149,"column":47}},{"start":{"line":149,"column":47},"end":{"line":149,"column":null}}],"line":149},"5":{"loc":{"start":{"line":164,"column":2},"end":{"line":184,"column":null}},"type":"if","locations":[{"start":{"line":164,"column":2},"end":{"line":184,"column":null}},{"start":{},"end":{}}],"line":164},"6":{"loc":{"start":{"line":166,"column":4},"end":{"line":169,"column":null}},"type":"if","locations":[{"start":{"line":166,"column":4},"end":{"line":169,"column":null}},{"start":{},"end":{}}],"line":166},"7":{"loc":{"start":{"line":170,"column":4},"end":{"line":177,"column":null}},"type":"if","locations":[{"start":{"line":170,"column":4},"end":{"line":177,"column":null}},{"start":{},"end":{}}],"line":170},"8":{"loc":{"start":{"line":190,"column":2},"end":{"line":197,"column":null}},"type":"if","locations":[{"start":{"line":190,"column":2},"end":{"line":197,"column":null}},{"start":{},"end":{}}],"line":190},"9":{"loc":{"start":{"line":206,"column":2},"end":{"line":213,"column":null}},"type":"if","locations":[{"start":{"line":206,"column":2},"end":{"line":213,"column":null}},{"start":{},"end":{}}],"line":206},"10":{"loc":{"start":{"line":214,"column":2},"end":{"line":221,"column":null}},"type":"if","locations":[{"start":{"line":214,"column":2},"end":{"line":221,"column":null}},{"start":{},"end":{}}],"line":214},"11":{"loc":{"start":{"line":228,"column":2},"end":{"line":239,"column":null}},"type":"if","locations":[{"start":{"line":228,"column":2},"end":{"line":239,"column":null}},{"start":{},"end":{}}],"line":228},"12":{"loc":{"start":{"line":228,"column":6},"end":{"line":228,"column":36}},"type":"binary-expr","locations":[{"start":{"line":228,"column":6},"end":{"line":228,"column":25}},{"start":{"line":228,"column":25},"end":{"line":228,"column":36}}],"line":228},"13":{"loc":{"start":{"line":247,"column":12},"end":{"line":247,"column":null}},"type":"binary-expr","locations":[{"start":{"line":247,"column":12},"end":{"line":247,"column":29}},{"start":{"line":247,"column":29},"end":{"line":247,"column":null}}],"line":247},"14":{"loc":{"start":{"line":249,"column":16},"end":{"line":249,"column":null}},"type":"cond-expr","locations":[{"start":{"line":249,"column":42},"end":{"line":249,"column":55}},{"start":{"line":249,"column":55},"end":{"line":249,"column":null}}],"line":249},"15":{"loc":{"start":{"line":251,"column":9},"end":{"line":251,"column":null}},"type":"cond-expr","locations":[{"start":{"line":251,"column":35},"end":{"line":251,"column":46}},{"start":{"line":251,"column":46},"end":{"line":251,"column":null}}],"line":251},"16":{"loc":{"start":{"line":255,"column":2},"end":{"line":257,"column":null}},"type":"if","locations":[{"start":{"line":255,"column":2},"end":{"line":257,"column":null}},{"start":{},"end":{}}],"line":255},"17":{"loc":{"start":{"line":259,"column":2},"end":{"line":261,"column":null}},"type":"if","locations":[{"start":{"line":259,"column":2},"end":{"line":261,"column":null}},{"start":{},"end":{}}],"line":259},"18":{"loc":{"start":{"line":265,"column":2},"end":{"line":267,"column":null}},"type":"if","locations":[{"start":{"line":265,"column":2},"end":{"line":267,"column":null}},{"start":{},"end":{}}],"line":265},"19":{"loc":{"start":{"line":270,"column":2},"end":{"line":272,"column":null}},"type":"if","locations":[{"start":{"line":270,"column":2},"end":{"line":272,"column":null}},{"start":{},"end":{}}],"line":270},"20":{"loc":{"start":{"line":275,"column":2},"end":{"line":275,"column":null}},"type":"if","locations":[{"start":{"line":275,"column":2},"end":{"line":275,"column":null}},{"start":{},"end":{}}],"line":275},"21":{"loc":{"start":{"line":276,"column":2},"end":{"line":276,"column":null}},"type":"if","locations":[{"start":{"line":276,"column":2},"end":{"line":276,"column":null}},{"start":{},"end":{}}],"line":276},"22":{"loc":{"start":{"line":285,"column":2},"end":{"line":287,"column":null}},"type":"if","locations":[{"start":{"line":285,"column":2},"end":{"line":287,"column":null}},{"start":{},"end":{}}],"line":285},"23":{"loc":{"start":{"line":303,"column":4},"end":{"line":306,"column":null}},"type":"if","locations":[{"start":{"line":303,"column":4},"end":{"line":306,"column":null}},{"start":{},"end":{}}],"line":303},"24":{"loc":{"start":{"line":303,"column":8},"end":{"line":303,"column":76}},"type":"binary-expr","locations":[{"start":{"line":303,"column":8},"end":{"line":303,"column":33}},{"start":{"line":303,"column":33},"end":{"line":303,"column":56}},{"start":{"line":303,"column":56},"end":{"line":303,"column":76}}],"line":303},"25":{"loc":{"start":{"line":307,"column":4},"end":{"line":315,"column":null}},"type":"if","locations":[{"start":{"line":307,"column":4},"end":{"line":315,"column":null}},{"start":{"line":309,"column":11},"end":{"line":315,"column":null}}],"line":307},"26":{"loc":{"start":{"line":309,"column":11},"end":{"line":315,"column":null}},"type":"if","locations":[{"start":{"line":309,"column":11},"end":{"line":315,"column":null}},{"start":{"line":311,"column":11},"end":{"line":315,"column":null}}],"line":309},"27":{"loc":{"start":{"line":311,"column":11},"end":{"line":315,"column":null}},"type":"if","locations":[{"start":{"line":311,"column":11},"end":{"line":315,"column":null}},{"start":{"line":313,"column":11},"end":{"line":315,"column":null}}],"line":311},"28":{"loc":{"start":{"line":313,"column":11},"end":{"line":315,"column":null}},"type":"if","locations":[{"start":{"line":313,"column":11},"end":{"line":315,"column":null}},{"start":{},"end":{}}],"line":313},"29":{"loc":{"start":{"line":344,"column":4},"end":{"line":344,"column":null}},"type":"if","locations":[{"start":{"line":344,"column":4},"end":{"line":344,"column":null}},{"start":{},"end":{}}],"line":344},"30":{"loc":{"start":{"line":349,"column":2},"end":{"line":349,"column":null}},"type":"if","locations":[{"start":{"line":349,"column":2},"end":{"line":349,"column":null}},{"start":{},"end":{}}],"line":349},"31":{"loc":{"start":{"line":369,"column":4},"end":{"line":369,"column":null}},"type":"if","locations":[{"start":{"line":369,"column":4},"end":{"line":369,"column":null}},{"start":{},"end":{}}],"line":369},"32":{"loc":{"start":{"line":391,"column":23},"end":{"line":396,"column":null}},"type":"cond-expr","locations":[{"start":{"line":392,"column":8},"end":{"line":392,"column":null}},{"start":{"line":393,"column":8},"end":{"line":396,"column":null}}],"line":391},"33":{"loc":{"start":{"line":401,"column":4},"end":{"line":410,"column":null}},"type":"if","locations":[{"start":{"line":401,"column":4},"end":{"line":410,"column":null}},{"start":{},"end":{}}],"line":401},"34":{"loc":{"start":{"line":404,"column":16},"end":{"line":404,"column":null}},"type":"cond-expr","locations":[{"start":{"line":404,"column":46},"end":{"line":404,"column":67}},{"start":{"line":404,"column":67},"end":{"line":404,"column":null}}],"line":404},"35":{"loc":{"start":{"line":412,"column":4},"end":{"line":416,"column":null}},"type":"if","locations":[{"start":{"line":412,"column":4},"end":{"line":416,"column":null}},{"start":{},"end":{}}],"line":412},"36":{"loc":{"start":{"line":418,"column":4},"end":{"line":421,"column":null}},"type":"if","locations":[{"start":{"line":418,"column":4},"end":{"line":421,"column":null}},{"start":{},"end":{}}],"line":418},"37":{"loc":{"start":{"line":445,"column":4},"end":{"line":445,"column":null}},"type":"if","locations":[{"start":{"line":445,"column":4},"end":{"line":445,"column":null}},{"start":{},"end":{}}],"line":445}},"s":{"0":47,"1":47,"2":46,"3":0,"4":46,"5":1,"6":44,"7":44,"8":44,"9":0,"10":31,"11":31,"12":31,"13":0,"14":29,"15":29,"16":29,"17":0,"18":40,"19":40,"20":8,"21":8,"22":5,"23":3,"24":0,"25":0,"26":3,"27":3,"28":32,"29":32,"30":1,"31":1,"32":31,"33":31,"34":1,"35":1,"36":30,"37":1,"38":1,"39":1,"40":29,"41":29,"42":29,"43":29,"44":29,"45":21,"46":21,"47":8,"48":8,"49":40,"50":57,"51":2,"52":55,"53":4,"54":51,"55":3,"56":48,"57":48,"58":1,"59":47,"60":47,"61":1,"62":46,"63":1,"64":45,"65":45,"66":45,"67":45,"68":6,"69":1,"70":44,"71":44,"72":44,"73":44,"74":44,"75":44,"76":44,"77":44,"78":44,"79":44,"80":34,"81":29,"82":29,"83":34,"84":21,"85":13,"86":2,"87":11,"88":3,"89":8,"90":0,"91":44,"92":44,"93":44,"94":5,"95":5,"96":0,"97":5,"98":44,"99":44,"100":0,"101":44,"102":48,"103":48,"104":48,"105":48,"106":1,"107":47,"108":47,"109":47,"110":47,"111":48,"112":48,"113":48,"114":5,"115":5,"116":5,"117":42,"118":7,"119":7,"120":7,"121":35,"122":0,"123":35,"124":35,"125":35,"126":6,"127":29,"128":44},"f":{"0":47,"1":44,"2":31,"3":29,"4":40,"5":1,"6":57,"7":6,"8":34,"9":44},"b":{"0":[0,46],"1":[45,1],"2":[44,0],"3":[31,0],"4":[29,0],"5":[8,32],"6":[5,3],"7":[0,3],"8":[1,31],"9":[1,30],"10":[1,29],"11":[21,8],"12":[29,29],"13":[8,0],"14":[0,8],"15":[0,8],"16":[2,55],"17":[4,51],"18":[3,48],"19":[1,47],"20":[1,46],"21":[1,45],"22":[1,44],"23":[29,5],"24":[34,13,13],"25":[21,13],"26":[2,11],"27":[3,8],"28":[0,8],"29":[0,5],"30":[0,44],"31":[1,47],"32":[44,3],"33":[5,43],"34":[5,0],"35":[7,35],"36":[0,35],"37":[6,29]},"meta":{"lastBranch":38,"lastFunction":10,"lastStatement":129,"seen":{"f:87:15:87:26":0,"s:88:2:97:Infinity":0,"s:89:18:92:Infinity":1,"b:93:4:93:Infinity:undefined:undefined:undefined:undefined":0,"s:93:4:93:Infinity":2,"s:93:38:93:Infinity":3,"s:94:4:94:Infinity":4,"b:94:28:94:35:94:35:94:Infinity":1,"s:96:4:96:Infinity":5,"f:100:15:100:23":1,"s:101:2:115:Infinity":6,"s:102:18:111:Infinity":7,"s:112:4:112:Infinity":8,"b:112:40:112:59:112:59:112:Infinity":2,"s:114:4:114:Infinity":9,"f:123:15:123:31":2,"s:124:2:132:Infinity":10,"s:125:18:128:Infinity":11,"s:129:4:129:Infinity":12,"b:129:39:129:55:129:55:129:Infinity":3,"s:131:4:131:Infinity":13,"f:135:15:135:Infinity":3,"s:139:2:152:Infinity":14,"s:140:18:148:Infinity":15,"s:149:4:149:Infinity":16,"b:149:39:149:47:149:47:149:Infinity":4,"s:151:4:151:Infinity":17,"f:159:15:159:22":4,"s:160:15:163:Infinity":18,"b:164:2:184:Infinity:undefined:undefined:undefined:undefined":5,"s:164:2:184:Infinity":19,"s:165:16:165:Infinity":20,"b:166:4:169:Infinity:undefined:undefined:undefined:undefined":6,"s:166:4:169:Infinity":21,"s:168:6:168:Infinity":22,"b:170:4:177:Infinity:undefined:undefined:undefined:undefined":7,"s:170:4:177:Infinity":23,"s:171:6:175:Infinity":24,"s:176:6:176:Infinity":25,"s:178:4:182:Infinity":26,"s:183:4:183:Infinity":27,"s:186:2:186:Infinity":28,"b:190:2:197:Infinity:undefined:undefined:undefined:undefined":8,"s:190:2:197:Infinity":29,"s:191:4:195:Infinity":30,"s:196:4:196:Infinity":31,"s:201:21:205:Infinity":32,"b:206:2:213:Infinity:undefined:undefined:undefined:undefined":9,"s:206:2:213:Infinity":33,"s:207:4:211:Infinity":34,"s:212:4:212:Infinity":35,"b:214:2:221:Infinity:undefined:undefined:undefined:undefined":10,"s:214:2:221:Infinity":36,"f:214:17:214:23":5,"s:214:34:214:72":37,"s:215:4:219:Infinity":38,"s:220:4:220:Infinity":39,"s:223:20:223:Infinity":40,"s:224:17:224:Infinity":41,"s:225:19:225:Infinity":42,"s:226:21:226:Infinity":43,"b:228:2:239:Infinity:undefined:undefined:undefined:undefined":11,"s:228:2:239:Infinity":44,"b:228:6:228:25:228:25:228:36":12,"s:229:4:237:Infinity":45,"s:238:4:238:Infinity":46,"s:241:21:241:Infinity":47,"s:242:2:250:Infinity":48,"b:247:12:247:29:247:29:247:Infinity":13,"b:249:42:249:55:249:55:249:Infinity":14,"s:251:2:251:Infinity":49,"b:251:35:251:46:251:46:251:Infinity":15,"f:254:22:254:33":6,"b:255:2:257:Infinity:undefined:undefined:undefined:undefined":16,"s:255:2:257:Infinity":50,"s:256:4:256:Infinity":51,"b:259:2:261:Infinity:undefined:undefined:undefined:undefined":17,"s:259:2:261:Infinity":52,"s:260:4:260:Infinity":53,"b:265:2:267:Infinity:undefined:undefined:undefined:undefined":18,"s:265:2:267:Infinity":54,"s:266:4:266:Infinity":55,"s:269:19:269:Infinity":56,"b:270:2:272:Infinity:undefined:undefined:undefined:undefined":19,"s:270:2:272:Infinity":57,"s:271:4:271:Infinity":58,"s:274:16:274:Infinity":59,"b:275:2:275:Infinity:undefined:undefined:undefined:undefined":20,"s:275:2:275:Infinity":60,"s:275:23:275:Infinity":61,"b:276:2:276:Infinity:undefined:undefined:undefined:undefined":21,"s:276:2:276:Infinity":62,"s:276:27:276:Infinity":63,"s:281:2:281:Infinity":64,"s:282:2:282:Infinity":65,"s:284:21:284:Infinity":66,"b:285:2:287:Infinity:undefined:undefined:undefined:undefined":22,"s:285:2:287:Infinity":67,"f:285:33:285:38":7,"s:285:45:285:76":68,"s:286:4:286:Infinity":69,"s:289:17:289:Infinity":70,"s:290:16:290:Infinity":71,"s:291:25:291:Infinity":72,"s:292:15:292:Infinity":73,"s:293:16:293:Infinity":74,"s:294:43:294:Infinity":75,"s:296:18:296:Infinity":76,"s:298:21:298:Infinity":77,"s:299:19:299:Infinity":78,"s:301:8:316:Infinity":79,"f:301:8:301:17":8,"b:303:4:306:Infinity:undefined:undefined:undefined:undefined":23,"s:303:4:306:Infinity":80,"b:303:8:303:33:303:33:303:56:303:56:303:76":24,"s:304:6:304:Infinity":81,"s:305:6:305:Infinity":82,"b:307:4:315:Infinity:309:11:315:Infinity":25,"s:307:4:315:Infinity":83,"s:308:6:308:Infinity":84,"b:309:11:315:Infinity:311:11:315:Infinity":26,"s:309:11:315:Infinity":85,"s:310:6:310:Infinity":86,"b:311:11:315:Infinity:313:11:315:Infinity":27,"s:311:11:315:Infinity":87,"s:312:6:312:Infinity":88,"b:313:11:315:Infinity:undefined:undefined:undefined:undefined":28,"s:313:11:315:Infinity":89,"s:314:6:314:Infinity":90,"s:318:8:326:Infinity":91,"f:318:8:318:41":9,"s:318:41:326:Infinity":92,"s:330:2:346:Infinity":93,"s:331:19:343:Infinity":94,"b:344:4:344:Infinity:undefined:undefined:undefined:undefined":29,"s:344:4:344:Infinity":95,"s:344:27:344:Infinity":96,"s:345:4:345:Infinity":97,"s:348:15:348:Infinity":98,"b:349:2:349:Infinity:undefined:undefined:undefined:undefined":30,"s:349:2:349:Infinity":99,"s:349:21:349:Infinity":100,"s:351:2:447:Infinity":101,"s:352:16:352:Infinity":102,"s:356:4:356:Infinity":103,"s:358:24:368:Infinity":104,"b:369:4:369:Infinity:undefined:undefined:undefined:undefined":31,"s:369:4:369:Infinity":105,"s:369:30:369:Infinity":106,"s:371:33:381:Infinity":107,"s:385:21:385:Infinity":108,"s:386:28:390:Infinity":109,"s:391:23:396:Infinity":110,"b:392:8:392:Infinity:393:8:396:Infinity":32,"s:398:24:398:Infinity":111,"s:399:19:399:Infinity":112,"b:401:4:410:Infinity:undefined:undefined:undefined:undefined":33,"s:401:4:410:Infinity":113,"s:402:6:407:Infinity":114,"b:404:46:404:67:404:67:404:Infinity":34,"s:408:6:408:Infinity":115,"s:409:6:409:Infinity":116,"b:412:4:416:Infinity:undefined:undefined:undefined:undefined":35,"s:412:4:416:Infinity":117,"s:413:6:413:Infinity":118,"s:414:6:414:Infinity":119,"s:415:6:415:Infinity":120,"b:418:4:421:Infinity:undefined:undefined:undefined:undefined":36,"s:418:4:421:Infinity":121,"s:420:6:420:Infinity":122,"s:425:4:430:Infinity":123,"s:432:19:444:Infinity":124,"b:445:4:445:Infinity:undefined:undefined:undefined:undefined":37,"s:445:4:445:Infinity":125,"s:445:27:445:Infinity":126,"s:446:4:446:Infinity":127,"s:449:2:449:Infinity":128},"fnNames":{}}}
,"/Volumes/VideoWorks/workspace/whisky-manager/src/desktop/retries.ts": {"path":"/Volumes/VideoWorks/workspace/whisky-manager/src/desktop/retries.ts","statementMap":{"0":{"start":{"line":21,"column":17},"end":{"line":21,"column":null}},"1":{"start":{"line":22,"column":16},"end":{"line":22,"column":null}},"2":{"start":{"line":24,"column":2},"end":{"line":36,"column":null}},"3":{"start":{"line":25,"column":4},"end":{"line":33,"column":null}},"4":{"start":{"line":26,"column":6},"end":{"line":30,"column":null}},"5":{"start":{"line":31,"column":6},"end":{"line":31,"column":null}},"6":{"start":{"line":32,"column":6},"end":{"line":32,"column":null}},"7":{"start":{"line":34,"column":4},"end":{"line":34,"column":null}},"8":{"start":{"line":35,"column":4},"end":{"line":35,"column":null}},"9":{"start":{"line":38,"column":2},"end":{"line":38,"column":null}}},"fnMap":{"0":{"name":"promoteRetries","decl":{"start":{"line":15,"column":16},"end":{"line":15,"column":null}},"loc":{"start":{"line":20,"column":17},"end":{"line":39,"column":null}},"line":20}},"branchMap":{"0":{"loc":{"start":{"line":25,"column":4},"end":{"line":33,"column":null}},"type":"if","locations":[{"start":{"line":25,"column":4},"end":{"line":33,"column":null}},{"start":{},"end":{}}],"line":25}},"s":{"0":48,"1":48,"2":48,"3":5,"4":2,"5":2,"6":2,"7":3,"8":3,"9":48},"f":{"0":48},"b":{"0":[2,3]},"meta":{"lastBranch":1,"lastFunction":1,"lastStatement":10,"seen":{"f:15:16:15:Infinity":0,"s:21:17:21:Infinity":0,"s:22:16:22:Infinity":1,"s:24:2:36:Infinity":2,"b:25:4:33:Infinity:undefined:undefined:undefined:undefined":0,"s:25:4:33:Infinity":3,"s:26:6:30:Infinity":4,"s:31:6:31:Infinity":5,"s:32:6:32:Infinity":6,"s:34:4:34:Infinity":7,"s:35:4:35:Infinity":8,"s:38:2:38:Infinity":9},"fnNames":{}}}
,"/Volumes/VideoWorks/workspace/whisky-manager/src/desktop/runtime.ts": {"path":"/Volumes/VideoWorks/workspace/whisky-manager/src/desktop/runtime.ts","statementMap":{"0":{"start":{"line":5,"column":34},"end":{"line":29,"column":null}},"1":{"start":{"line":7,"column":4},"end":{"line":7,"column":null}},"2":{"start":{"line":10,"column":14},"end":{"line":10,"column":null}},"3":{"start":{"line":11,"column":4},"end":{"line":11,"column":null}},"4":{"start":{"line":14,"column":14},"end":{"line":14,"column":null}},"5":{"start":{"line":15,"column":4},"end":{"line":15,"column":null}},"6":{"start":{"line":18,"column":14},"end":{"line":18,"column":null}},"7":{"start":{"line":19,"column":4},"end":{"line":27,"column":null}},"8":{"start":{"line":31,"column":36},"end":{"line":36,"column":null}},"9":{"start":{"line":34,"column":4},"end":{"line":34,"column":null}}},"fnMap":{"0":{"name":"now","decl":{"start":{"line":6,"column":2},"end":{"line":6,"column":8}},"loc":{"start":{"line":6,"column":8},"end":{"line":8,"column":null}},"line":6},"1":{"name":"parts","decl":{"start":{"line":9,"column":2},"end":{"line":9,"column":8}},"loc":{"start":{"line":9,"column":17},"end":{"line":12,"column":null}},"line":9},"2":{"name":"atHour","decl":{"start":{"line":13,"column":2},"end":{"line":13,"column":9}},"loc":{"start":{"line":13,"column":24},"end":{"line":16,"column":null}},"line":13},"3":{"name":"addDays","decl":{"start":{"line":17,"column":2},"end":{"line":17,"column":10}},"loc":{"start":{"line":17,"column":25},"end":{"line":28,"column":null}},"line":17},"4":{"name":"intInclusive","decl":{"start":{"line":32,"column":2},"end":{"line":32,"column":15}},"loc":{"start":{"line":32,"column":25},"end":{"line":35,"column":null}},"line":32}},"branchMap":{},"s":{"0":3,"1":2,"2":4,"3":4,"4":1,"5":1,"6":1,"7":1,"8":3,"9":1001},"f":{"0":2,"1":4,"2":1,"3":1,"4":1001},"b":{},"meta":{"lastBranch":0,"lastFunction":5,"lastStatement":10,"seen":{"s:5:34:29:Infinity":0,"f:6:2:6:8":0,"s:7:4:7:Infinity":1,"f:9:2:9:8":1,"s:10:14:10:Infinity":2,"s:11:4:11:Infinity":3,"f:13:2:13:9":2,"s:14:14:14:Infinity":4,"s:15:4:15:Infinity":5,"f:17:2:17:10":3,"s:18:14:18:Infinity":6,"s:19:4:27:Infinity":7,"s:31:36:36:Infinity":8,"f:32:2:32:15":4,"s:34:4:34:Infinity":9},"fnNames":{}}}
,"/Volumes/VideoWorks/workspace/whisky-manager/src/desktop/session.ts": {"path":"/Volumes/VideoWorks/workspace/whisky-manager/src/desktop/session.ts","statementMap":{"0":{"start":{"line":11,"column":28},"end":{"line":15,"column":null}},"1":{"start":{"line":18,"column":24},"end":{"line":18,"column":null}},"2":{"start":{"line":19,"column":25},"end":{"line":19,"column":null}},"3":{"start":{"line":21,"column":26},"end":{"line":21,"column":null}},"4":{"start":{"line":37,"column":2},"end":{"line":37,"column":null}},"5":{"start":{"line":37,"column":25},"end":{"line":37,"column":null}},"6":{"start":{"line":38,"column":2},"end":{"line":43,"column":null}},"7":{"start":{"line":39,"column":28},"end":{"line":39,"column":null}},"8":{"start":{"line":40,"column":4},"end":{"line":40,"column":null}},"9":{"start":{"line":40,"column":69},"end":{"line":40,"column":90}},"10":{"start":{"line":42,"column":4},"end":{"line":42,"column":null}},"11":{"start":{"line":52,"column":44},"end":{"line":52,"column":null}},"12":{"start":{"line":54,"column":8},"end":{"line":54,"column":null}},"13":{"start":{"line":54,"column":23},"end":{"line":54,"column":null}},"14":{"start":{"line":55,"column":8},"end":{"line":55,"column":null}},"15":{"start":{"line":55,"column":24},"end":{"line":55,"column":null}},"16":{"start":{"line":57,"column":2},"end":{"line":108,"column":null}},"17":{"start":{"line":58,"column":20},"end":{"line":58,"column":null}},"18":{"start":{"line":59,"column":19},"end":{"line":59,"column":null}},"19":{"start":{"line":60,"column":17},"end":{"line":60,"column":null}},"20":{"start":{"line":61,"column":18},"end":{"line":61,"column":null}},"21":{"start":{"line":63,"column":10},"end":{"line":73,"column":null}},"22":{"start":{"line":64,"column":23},"end":{"line":64,"column":null}},"23":{"start":{"line":65,"column":6},"end":{"line":65,"column":null}},"24":{"start":{"line":65,"column":29},"end":{"line":65,"column":null}},"25":{"start":{"line":67,"column":21},"end":{"line":69,"column":null}},"26":{"start":{"line":70,"column":6},"end":{"line":72,"column":null}},"27":{"start":{"line":75,"column":20},"end":{"line":95,"column":null}},"28":{"start":{"line":89,"column":23},"end":{"line":89,"column":null}},"29":{"start":{"line":90,"column":25},"end":{"line":90,"column":null}},"30":{"start":{"line":97,"column":4},"end":{"line":105,"column":null}},"31":{"start":{"line":98,"column":6},"end":{"line":104,"column":null}},"32":{"start":{"line":107,"column":4},"end":{"line":107,"column":null}}},"fnMap":{"0":{"name":"parseAccounts","decl":{"start":{"line":36,"column":9},"end":{"line":36,"column":23}},"loc":{"start":{"line":36,"column":58},"end":{"line":44,"column":null}},"line":36},"1":{"name":"(anonymous_1)","decl":{"start":{"line":40,"column":42},"end":{"line":40,"column":50}},"loc":{"start":{"line":40,"column":69},"end":{"line":40,"column":90}},"line":40},"2":{"name":"createSessionRunner","decl":{"start":{"line":51,"column":16},"end":{"line":51,"column":36}},"loc":{"start":{"line":51,"column":98},"end":{"line":109,"column":null}},"line":51},"3":{"name":"(anonymous_3)","decl":{"start":{"line":54,"column":8},"end":{"line":54,"column":23}},"loc":{"start":{"line":54,"column":23},"end":{"line":54,"column":null}},"line":54},"4":{"name":"(anonymous_4)","decl":{"start":{"line":55,"column":8},"end":{"line":55,"column":24}},"loc":{"start":{"line":55,"column":24},"end":{"line":55,"column":null}},"line":55},"5":{"name":"run","decl":{"start":{"line":57,"column":24},"end":{"line":57,"column":55}},"loc":{"start":{"line":57,"column":55},"end":{"line":108,"column":null}},"line":57},"6":{"name":"(anonymous_6)","decl":{"start":{"line":63,"column":10},"end":{"line":63,"column":24}},"loc":{"start":{"line":63,"column":64},"end":{"line":73,"column":null}},"line":63},"7":{"name":"(anonymous_7)","decl":{"start":{"line":89,"column":6},"end":{"line":89,"column":23}},"loc":{"start":{"line":89,"column":23},"end":{"line":89,"column":null}},"line":89},"8":{"name":"(anonymous_8)","decl":{"start":{"line":90,"column":6},"end":{"line":90,"column":25}},"loc":{"start":{"line":90,"column":25},"end":{"line":90,"column":null}},"line":90}},"branchMap":{"0":{"loc":{"start":{"line":37,"column":2},"end":{"line":37,"column":null}},"type":"if","locations":[{"start":{"line":37,"column":2},"end":{"line":37,"column":null}},{"start":{},"end":{}}],"line":37},"1":{"loc":{"start":{"line":40,"column":11},"end":{"line":40,"column":null}},"type":"cond-expr","locations":[{"start":{"line":40,"column":35},"end":{"line":40,"column":94}},{"start":{"line":40,"column":94},"end":{"line":40,"column":null}}],"line":40},"2":{"loc":{"start":{"line":54,"column":23},"end":{"line":54,"column":null}},"type":"binary-expr","locations":[{"start":{"line":54,"column":23},"end":{"line":54,"column":60}},{"start":{"line":54,"column":60},"end":{"line":54,"column":null}}],"line":54},"3":{"loc":{"start":{"line":55,"column":24},"end":{"line":55,"column":null}},"type":"binary-expr","locations":[{"start":{"line":55,"column":24},"end":{"line":55,"column":62}},{"start":{"line":55,"column":62},"end":{"line":55,"column":null}}],"line":55},"4":{"loc":{"start":{"line":59,"column":55},"end":{"line":59,"column":78}},"type":"binary-expr","locations":[{"start":{"line":59,"column":55},"end":{"line":59,"column":74}},{"start":{"line":59,"column":74},"end":{"line":59,"column":78}}],"line":59},"5":{"loc":{"start":{"line":65,"column":6},"end":{"line":65,"column":null}},"type":"if","locations":[{"start":{"line":65,"column":6},"end":{"line":65,"column":null}},{"start":{},"end":{}}],"line":65},"6":{"loc":{"start":{"line":68,"column":29},"end":{"line":68,"column":null}},"type":"binary-expr","locations":[{"start":{"line":68,"column":29},"end":{"line":68,"column":57}},{"start":{"line":68,"column":57},"end":{"line":68,"column":null}}],"line":68},"7":{"loc":{"start":{"line":70,"column":13},"end":{"line":72,"column":null}},"type":"cond-expr","locations":[{"start":{"line":71,"column":10},"end":{"line":71,"column":null}},{"start":{"line":72,"column":10},"end":{"line":72,"column":null}}],"line":70},"8":{"loc":{"start":{"line":79,"column":14},"end":{"line":79,"column":null}},"type":"binary-expr","locations":[{"start":{"line":79,"column":14},"end":{"line":79,"column":33}},{"start":{"line":79,"column":33},"end":{"line":79,"column":null}}],"line":79},"9":{"loc":{"start":{"line":89,"column":23},"end":{"line":89,"column":null}},"type":"binary-expr","locations":[{"start":{"line":89,"column":23},"end":{"line":89,"column":43}},{"start":{"line":89,"column":43},"end":{"line":89,"column":null}}],"line":89},"10":{"loc":{"start":{"line":97,"column":4},"end":{"line":105,"column":null}},"type":"if","locations":[{"start":{"line":97,"column":4},"end":{"line":105,"column":null}},{"start":{},"end":{}}],"line":97},"11":{"loc":{"start":{"line":97,"column":8},"end":{"line":97,"column":64}},"type":"binary-expr","locations":[{"start":{"line":97,"column":8},"end":{"line":97,"column":26}},{"start":{"line":97,"column":26},"end":{"line":97,"column":64}}],"line":97}},"s":{"0":2,"1":2,"2":2,"3":2,"4":12,"5":11,"6":1,"7":1,"8":1,"9":2,"10":0,"11":18,"12":18,"13":12,"14":18,"15":12,"16":18,"17":12,"18":12,"19":12,"20":12,"21":12,"22":8,"23":8,"24":0,"25":8,"26":8,"27":12,"28":11,"29":8,"30":12,"31":6,"32":12},"f":{"0":12,"1":2,"2":18,"3":12,"4":12,"5":12,"6":8,"7":11,"8":8},"b":{"0":[11,1],"1":[1,0],"2":[12,12],"3":[12,12],"4":[12,0],"5":[0,8],"6":[8,1],"7":[7,1],"8":[12,0],"9":[11,0],"10":[6,6],"11":[12,6]},"meta":{"lastBranch":12,"lastFunction":9,"lastStatement":33,"seen":{"s:11:28:15:Infinity":0,"s:18:24:18:Infinity":1,"s:19:25:19:Infinity":2,"s:21:26:21:Infinity":3,"f:36:9:36:23":0,"b:37:2:37:Infinity:undefined:undefined:undefined:undefined":0,"s:37:2:37:Infinity":4,"s:37:25:37:Infinity":5,"s:38:2:43:Infinity":6,"s:39:28:39:Infinity":7,"s:40:4:40:Infinity":8,"b:40:35:40:94:40:94:40:Infinity":1,"f:40:42:40:50":1,"s:40:69:40:90":9,"s:42:4:42:Infinity":10,"f:51:16:51:36":2,"s:52:44:52:Infinity":11,"s:54:8:54:Infinity":12,"f:54:8:54:23":3,"s:54:23:54:Infinity":13,"b:54:23:54:60:54:60:54:Infinity":2,"s:55:8:55:Infinity":14,"f:55:8:55:24":4,"s:55:24:55:Infinity":15,"b:55:24:55:62:55:62:55:Infinity":3,"s:57:2:108:Infinity":16,"f:57:24:57:55":5,"s:58:20:58:Infinity":17,"s:59:19:59:Infinity":18,"b:59:55:59:74:59:74:59:78":4,"s:60:17:60:Infinity":19,"s:61:18:61:Infinity":20,"s:63:10:73:Infinity":21,"f:63:10:63:24":6,"s:64:23:64:Infinity":22,"b:65:6:65:Infinity:undefined:undefined:undefined:undefined":5,"s:65:6:65:Infinity":23,"s:65:29:65:Infinity":24,"s:67:21:69:Infinity":25,"b:68:29:68:57:68:57:68:Infinity":6,"s:70:6:72:Infinity":26,"b:71:10:71:Infinity:72:10:72:Infinity":7,"s:75:20:95:Infinity":27,"b:79:14:79:33:79:33:79:Infinity":8,"f:89:6:89:23":7,"s:89:23:89:Infinity":28,"b:89:23:89:43:89:43:89:Infinity":9,"f:90:6:90:25":8,"s:90:25:90:Infinity":29,"b:97:4:105:Infinity:undefined:undefined:undefined:undefined":10,"s:97:4:105:Infinity":30,"b:97:8:97:26:97:26:97:64":11,"s:98:6:104:Infinity":31,"s:107:4:107:Infinity":32},"fnNames":{}}}
,"/Volumes/VideoWorks/workspace/whisky-manager/src/desktop/sessionLoop.ts": {"path":"/Volumes/VideoWorks/workspace/whisky-manager/src/desktop/sessionLoop.ts","statementMap":{"0":{"start":{"line":33,"column":28},"end":{"line":33,"column":null}},"1":{"start":{"line":36,"column":34},"end":{"line":36,"column":null}},"2":{"start":{"line":37,"column":16},"end":{"line":37,"column":null}},"3":{"start":{"line":38,"column":27},"end":{"line":38,"column":null}},"4":{"start":{"line":41,"column":4},"end":{"line":41,"column":null}},"5":{"start":{"line":42,"column":4},"end":{"line":45,"column":null}},"6":{"start":{"line":43,"column":6},"end":{"line":43,"column":null}},"7":{"start":{"line":44,"column":6},"end":{"line":44,"column":null}},"8":{"start":{"line":54,"column":4},"end":{"line":57,"column":null}},"9":{"start":{"line":55,"column":6},"end":{"line":55,"column":null}},"10":{"start":{"line":56,"column":6},"end":{"line":56,"column":null}},"11":{"start":{"line":58,"column":4},"end":{"line":62,"column":null}},"12":{"start":{"line":59,"column":6},"end":{"line":59,"column":null}},"13":{"start":{"line":60,"column":6},"end":{"line":60,"column":null}},"14":{"start":{"line":61,"column":6},"end":{"line":61,"column":null}},"15":{"start":{"line":63,"column":4},"end":{"line":71,"column":null}},"16":{"start":{"line":64,"column":6},"end":{"line":64,"column":null}},"17":{"start":{"line":65,"column":6},"end":{"line":69,"column":null}},"18":{"start":{"line":66,"column":8},"end":{"line":66,"column":null}},"19":{"start":{"line":67,"column":8},"end":{"line":67,"column":null}},"20":{"start":{"line":68,"column":8},"end":{"line":68,"column":null}},"21":{"start":{"line":70,"column":6},"end":{"line":70,"column":null}},"22":{"start":{"line":72,"column":4},"end":{"line":72,"column":null}},"23":{"start":{"line":76,"column":4},"end":{"line":82,"column":null}},"24":{"start":{"line":77,"column":22},"end":{"line":77,"column":null}},"25":{"start":{"line":78,"column":6},"end":{"line":78,"column":null}},"26":{"start":{"line":79,"column":6},"end":{"line":79,"column":null}},"27":{"start":{"line":81,"column":6},"end":{"line":81,"column":null}},"28":{"start":{"line":86,"column":16},"end":{"line":86,"column":null}},"29":{"start":{"line":87,"column":15},"end":{"line":87,"column":null}},"30":{"start":{"line":88,"column":4},"end":{"line":92,"column":null}},"31":{"start":{"line":89,"column":6},"end":{"line":91,"column":null}},"32":{"start":{"line":90,"column":8},"end":{"line":90,"column":null}},"33":{"start":{"line":90,"column":21},"end":{"line":90,"column":null}},"34":{"start":{"line":95,"column":2},"end":{"line":111,"column":null}},"35":{"start":{"line":97,"column":6},"end":{"line":97,"column":null}},"36":{"start":{"line":97,"column":19},"end":{"line":97,"column":null}},"37":{"start":{"line":98,"column":6},"end":{"line":98,"column":null}},"38":{"start":{"line":99,"column":6},"end":{"line":99,"column":null}},"39":{"start":{"line":103,"column":6},"end":{"line":103,"column":null}},"40":{"start":{"line":107,"column":6},"end":{"line":107,"column":null}}},"fnMap":{"0":{"name":"createSessionLoop","decl":{"start":{"line":35,"column":16},"end":{"line":35,"column":34}},"loc":{"start":{"line":35,"column":70},"end":{"line":112,"column":null}},"line":35},"1":{"name":"stopAll","decl":{"start":{"line":40,"column":11},"end":{"line":40,"column":27}},"loc":{"start":{"line":40,"column":27},"end":{"line":46,"column":null}},"line":40},"2":{"name":"reactTo","decl":{"start":{"line":53,"column":11},"end":{"line":53,"column":19}},"loc":{"start":{"line":53,"column":50},"end":{"line":73,"column":null}},"line":53},"3":{"name":"runOnce","decl":{"start":{"line":75,"column":17},"end":{"line":75,"column":42}},"loc":{"start":{"line":75,"column":42},"end":{"line":83,"column":null}},"line":75},"4":{"name":"schedule","decl":{"start":{"line":85,"column":11},"end":{"line":85,"column":28}},"loc":{"start":{"line":85,"column":28},"end":{"line":93,"column":null}},"line":85},"5":{"name":"(anonymous_5)","decl":{"start":{"line":88,"column":17},"end":{"line":88,"column":32}},"loc":{"start":{"line":88,"column":32},"end":{"line":92,"column":7}},"line":88},"6":{"name":"(anonymous_6)","decl":{"start":{"line":89,"column":21},"end":{"line":89,"column":35}},"loc":{"start":{"line":89,"column":35},"end":{"line":91,"column":7}},"line":89},"7":{"name":"start","decl":{"start":{"line":96,"column":4},"end":{"line":96,"column":12}},"loc":{"start":{"line":96,"column":12},"end":{"line":100,"column":null}},"line":96},"8":{"name":"stop","decl":{"start":{"line":102,"column":4},"end":{"line":102,"column":11}},"loc":{"start":{"line":102,"column":11},"end":{"line":104,"column":null}},"line":102},"9":{"name":"isRunning","decl":{"start":{"line":106,"column":4},"end":{"line":106,"column":16}},"loc":{"start":{"line":106,"column":16},"end":{"line":108,"column":null}},"line":106}},"branchMap":{"0":{"loc":{"start":{"line":42,"column":4},"end":{"line":45,"column":null}},"type":"if","locations":[{"start":{"line":42,"column":4},"end":{"line":45,"column":null}},{"start":{},"end":{}}],"line":42},"1":{"loc":{"start":{"line":54,"column":4},"end":{"line":57,"column":null}},"type":"if","locations":[{"start":{"line":54,"column":4},"end":{"line":57,"column":null}},{"start":{},"end":{}}],"line":54},"2":{"loc":{"start":{"line":58,"column":4},"end":{"line":62,"column":null}},"type":"if","locations":[{"start":{"line":58,"column":4},"end":{"line":62,"column":null}},{"start":{},"end":{}}],"line":58},"3":{"loc":{"start":{"line":63,"column":4},"end":{"line":71,"column":null}},"type":"if","locations":[{"start":{"line":63,"column":4},"end":{"line":71,"column":null}},{"start":{},"end":{}}],"line":63},"4":{"loc":{"start":{"line":65,"column":6},"end":{"line":69,"column":null}},"type":"if","locations":[{"start":{"line":65,"column":6},"end":{"line":69,"column":null}},{"start":{},"end":{}}],"line":65},"5":{"loc":{"start":{"line":90,"column":8},"end":{"line":90,"column":null}},"type":"if","locations":[{"start":{"line":90,"column":8},"end":{"line":90,"column":null}},{"start":{},"end":{}}],"line":90},"6":{"loc":{"start":{"line":97,"column":6},"end":{"line":97,"column":null}},"type":"if","locations":[{"start":{"line":97,"column":6},"end":{"line":97,"column":null}},{"start":{},"end":{}}],"line":97}},"s":{"0":3,"1":22,"2":22,"3":22,"4":24,"5":24,"6":11,"7":11,"8":16,"9":4,"10":4,"11":12,"12":1,"13":1,"14":1,"15":11,"16":7,"17":7,"18":1,"19":1,"20":1,"21":7,"22":4,"23":17,"24":17,"25":16,"26":16,"27":1,"28":12,"29":12,"30":12,"31":2,"32":2,"33":1,"34":22,"35":12,"36":1,"37":11,"38":11,"39":22,"40":11},"f":{"0":22,"1":24,"2":16,"3":17,"4":12,"5":2,"6":2,"7":12,"8":22,"9":11},"b":{"0":[11,13],"1":[4,12],"2":[1,11],"3":[7,4],"4":[1,6],"5":[1,1],"6":[1,11]},"meta":{"lastBranch":7,"lastFunction":10,"lastStatement":41,"seen":{"s:33:28:33:Infinity":0,"f:35:16:35:34":0,"s:36:34:36:Infinity":1,"s:37:16:37:Infinity":2,"s:38:27:38:Infinity":3,"f:40:11:40:27":1,"s:41:4:41:Infinity":4,"b:42:4:45:Infinity:undefined:undefined:undefined:undefined":0,"s:42:4:45:Infinity":5,"s:43:6:43:Infinity":6,"s:44:6:44:Infinity":7,"f:53:11:53:19":2,"b:54:4:57:Infinity:undefined:undefined:undefined:undefined":1,"s:54:4:57:Infinity":8,"s:55:6:55:Infinity":9,"s:56:6:56:Infinity":10,"b:58:4:62:Infinity:undefined:undefined:undefined:undefined":2,"s:58:4:62:Infinity":11,"s:59:6:59:Infinity":12,"s:60:6:60:Infinity":13,"s:61:6:61:Infinity":14,"b:63:4:71:Infinity:undefined:undefined:undefined:undefined":3,"s:63:4:71:Infinity":15,"s:64:6:64:Infinity":16,"b:65:6:69:Infinity:undefined:undefined:undefined:undefined":4,"s:65:6:69:Infinity":17,"s:66:8:66:Infinity":18,"s:67:8:67:Infinity":19,"s:68:8:68:Infinity":20,"s:70:6:70:Infinity":21,"s:72:4:72:Infinity":22,"f:75:17:75:42":3,"s:76:4:82:Infinity":23,"s:77:22:77:Infinity":24,"s:78:6:78:Infinity":25,"s:79:6:79:Infinity":26,"s:81:6:81:Infinity":27,"f:85:11:85:28":4,"s:86:16:86:Infinity":28,"s:87:15:87:Infinity":29,"s:88:4:92:Infinity":30,"f:88:17:88:32":5,"s:89:6:91:Infinity":31,"f:89:21:89:35":6,"b:90:8:90:Infinity:undefined:undefined:undefined:undefined":5,"s:90:8:90:Infinity":32,"s:90:21:90:Infinity":33,"s:95:2:111:Infinity":34,"f:96:4:96:12":7,"b:97:6:97:Infinity:undefined:undefined:undefined:undefined":6,"s:97:6:97:Infinity":35,"s:97:19:97:Infinity":36,"s:98:6:98:Infinity":37,"s:99:6:99:Infinity":38,"f:102:4:102:11":8,"s:103:6:103:Infinity":39,"f:106:4:106:16":9,"s:107:6:107:Infinity":40},"fnNames":{}}}
,"/Volumes/VideoWorks/workspace/whisky-manager/src/desktop/db/automationSettingsRepo.ts": {"path":"/Volumes/VideoWorks/workspace/whisky-manager/src/desktop/db/automationSettingsRepo.ts","statementMap":{"0":{"start":{"line":19,"column":2},"end":{"line":24,"column":null}},"1":{"start":{"line":20,"column":28},"end":{"line":20,"column":null}},"2":{"start":{"line":21,"column":4},"end":{"line":21,"column":null}},"3":{"start":{"line":23,"column":4},"end":{"line":23,"column":null}},"4":{"start":{"line":28,"column":2},"end":{"line":58,"column":null}},"5":{"start":{"line":30,"column":18},"end":{"line":34,"column":null}},"6":{"start":{"line":35,"column":6},"end":{"line":35,"column":null}},"7":{"start":{"line":35,"column":29},"end":{"line":35,"column":null}},"8":{"start":{"line":36,"column":6},"end":{"line":41,"column":null}},"9":{"start":{"line":44,"column":21},"end":{"line":49,"column":null}},"10":{"start":{"line":50,"column":6},"end":{"line":56,"column":null}}},"fnMap":{"0":{"name":"parseLimits","decl":{"start":{"line":18,"column":9},"end":{"line":18,"column":21}},"loc":{"start":{"line":18,"column":51},"end":{"line":25,"column":null}},"line":18},"1":{"name":"createAutomationSettingsRepo","decl":{"start":{"line":27,"column":16},"end":{"line":27,"column":45}},"loc":{"start":{"line":27,"column":86},"end":{"line":59,"column":null}},"line":27},"2":{"name":"get","decl":{"start":{"line":29,"column":4},"end":{"line":29,"column":8}},"loc":{"start":{"line":29,"column":22},"end":{"line":42,"column":null}},"line":29},"3":{"name":"upsert","decl":{"start":{"line":43,"column":4},"end":{"line":43,"column":11}},"loc":{"start":{"line":43,"column":20},"end":{"line":57,"column":null}},"line":43}},"branchMap":{"0":{"loc":{"start":{"line":21,"column":11},"end":{"line":21,"column":null}},"type":"cond-expr","locations":[{"start":{"line":21,"column":60},"end":{"line":21,"column":89}},{"start":{"line":21,"column":89},"end":{"line":21,"column":null}}],"line":21},"1":{"loc":{"start":{"line":21,"column":11},"end":{"line":21,"column":60}},"type":"binary-expr","locations":[{"start":{"line":21,"column":11},"end":{"line":21,"column":41}},{"start":{"line":21,"column":41},"end":{"line":21,"column":60}}],"line":21},"2":{"loc":{"start":{"line":35,"column":6},"end":{"line":35,"column":null}},"type":"if","locations":[{"start":{"line":35,"column":6},"end":{"line":35,"column":null}},{"start":{},"end":{}}],"line":35}},"s":{"0":16,"1":16,"2":16,"3":0,"4":21,"5":26,"6":26,"7":10,"8":16,"9":23,"10":23},"f":{"0":16,"1":21,"2":26,"3":23},"b":{"0":[16,0],"1":[16,16],"2":[10,16]},"meta":{"lastBranch":3,"lastFunction":4,"lastStatement":11,"seen":{"f:18:9:18:21":0,"s:19:2:24:Infinity":0,"s:20:28:20:Infinity":1,"s:21:4:21:Infinity":2,"b:21:60:21:89:21:89:21:Infinity":0,"b:21:11:21:41:21:41:21:60":1,"s:23:4:23:Infinity":3,"f:27:16:27:45":1,"s:28:2:58:Infinity":4,"f:29:4:29:8":2,"s:30:18:34:Infinity":5,"b:35:6:35:Infinity:undefined:undefined:undefined:undefined":2,"s:35:6:35:Infinity":6,"s:35:29:35:Infinity":7,"s:36:6:41:Infinity":8,"f:43:4:43:11":3,"s:44:21:49:Infinity":9,"s:50:6:56:Infinity":10},"fnNames":{}}}
,"/Volumes/VideoWorks/workspace/whisky-manager/src/desktop/db/client.ts": {"path":"/Volumes/VideoWorks/workspace/whisky-manager/src/desktop/db/client.ts","statementMap":{"0":{"start":{"line":13,"column":17},"end":{"line":13,"column":null}},"1":{"start":{"line":14,"column":2},"end":{"line":14,"column":null}},"2":{"start":{"line":15,"column":2},"end":{"line":15,"column":null}},"3":{"start":{"line":17,"column":13},"end":{"line":17,"column":null}},"4":{"start":{"line":18,"column":2},"end":{"line":20,"column":null}},"5":{"start":{"line":19,"column":4},"end":{"line":19,"column":null}},"6":{"start":{"line":21,"column":2},"end":{"line":21,"column":null}}},"fnMap":{"0":{"name":"openDatabase","decl":{"start":{"line":12,"column":16},"end":{"line":12,"column":29}},"loc":{"start":{"line":12,"column":95},"end":{"line":22,"column":null}},"line":12}},"branchMap":{"0":{"loc":{"start":{"line":12,"column":47},"end":{"line":12,"column":95}},"type":"default-arg","locations":[{"start":{"line":12,"column":78},"end":{"line":12,"column":95}}],"line":12},"1":{"loc":{"start":{"line":18,"column":2},"end":{"line":20,"column":null}},"type":"if","locations":[{"start":{"line":18,"column":2},"end":{"line":20,"column":null}},{"start":{},"end":{}}],"line":18}},"s":{"0":88,"1":88,"2":88,"3":88,"4":88,"5":88,"6":88},"f":{"0":88},"b":{"0":[88],"1":[88,0]},"meta":{"lastBranch":2,"lastFunction":1,"lastStatement":7,"seen":{"f:12:16:12:29":0,"b:12:78:12:95":0,"s:13:17:13:Infinity":0,"s:14:2:14:Infinity":1,"s:15:2:15:Infinity":2,"s:17:13:17:Infinity":3,"b:18:2:20:Infinity:undefined:undefined:undefined:undefined":1,"s:18:2:20:Infinity":4,"s:19:4:19:Infinity":5,"s:21:2:21:Infinity":6},"fnNames":{}}}
,"/Volumes/VideoWorks/workspace/whisky-manager/src/desktop/db/dedupeStore.ts": {"path":"/Volumes/VideoWorks/workspace/whisky-manager/src/desktop/db/dedupeStore.ts","statementMap":{"0":{"start":{"line":29,"column":2},"end":{"line":29,"column":null}},"1":{"start":{"line":33,"column":2},"end":{"line":70,"column":null}},"2":{"start":{"line":35,"column":17},"end":{"line":35,"column":null}},"3":{"start":{"line":36,"column":6},"end":{"line":68,"column":null}},"4":{"start":{"line":37,"column":8},"end":{"line":63,"column":null}},"5":{"start":{"line":64,"column":8},"end":{"line":64,"column":null}},"6":{"start":{"line":66,"column":8},"end":{"line":66,"column":null}},"7":{"start":{"line":66,"column":38},"end":{"line":66,"column":null}},"8":{"start":{"line":67,"column":8},"end":{"line":67,"column":null}}},"fnMap":{"0":{"name":"isUniqueViolation","decl":{"start":{"line":28,"column":9},"end":{"line":28,"column":27}},"loc":{"start":{"line":28,"column":52},"end":{"line":30,"column":null}},"line":28},"1":{"name":"createSqliteDedupeStore","decl":{"start":{"line":32,"column":16},"end":{"line":32,"column":40}},"loc":{"start":{"line":32,"column":91},"end":{"line":71,"column":null}},"line":32},"2":{"name":"claim","decl":{"start":{"line":34,"column":10},"end":{"line":34,"column":16}},"loc":{"start":{"line":34,"column":59},"end":{"line":69,"column":null}},"line":34}},"branchMap":{"0":{"loc":{"start":{"line":29,"column":9},"end":{"line":29,"column":null}},"type":"binary-expr","locations":[{"start":{"line":29,"column":9},"end":{"line":29,"column":35}},{"start":{"line":29,"column":35},"end":{"line":29,"column":null}}],"line":29},"1":{"loc":{"start":{"line":66,"column":8},"end":{"line":66,"column":null}},"type":"if","locations":[{"start":{"line":66,"column":8},"end":{"line":66,"column":null}},{"start":{},"end":{}}],"line":66}},"s":{"0":11,"1":88,"2":85,"3":85,"4":85,"5":85,"6":11,"7":11,"8":0},"f":{"0":11,"1":88,"2":85},"b":{"0":[11,11],"1":[11,0]},"meta":{"lastBranch":2,"lastFunction":3,"lastStatement":9,"seen":{"f:28:9:28:27":0,"s:29:2:29:Infinity":0,"b:29:9:29:35:29:35:29:Infinity":0,"f:32:16:32:40":1,"s:33:2:70:Infinity":1,"f:34:10:34:16":2,"s:35:17:35:Infinity":2,"s:36:6:68:Infinity":3,"s:37:8:63:Infinity":4,"s:64:8:64:Infinity":5,"b:66:8:66:Infinity:undefined:undefined:undefined:undefined":1,"s:66:8:66:Infinity":6,"s:66:38:66:Infinity":7,"s:67:8:67:Infinity":8},"fnNames":{}}}
,"/Volumes/VideoWorks/workspace/whisky-manager/src/desktop/db/executionsRepo.ts": {"path":"/Volumes/VideoWorks/workspace/whisky-manager/src/desktop/db/executionsRepo.ts","statementMap":{"0":{"start":{"line":69,"column":2},"end":{"line":74,"column":null}},"1":{"start":{"line":70,"column":28},"end":{"line":70,"column":null}},"2":{"start":{"line":71,"column":4},"end":{"line":71,"column":null}},"3":{"start":{"line":73,"column":4},"end":{"line":73,"column":null}},"4":{"start":{"line":87,"column":2},"end":{"line":94,"column":null}},"5":{"start":{"line":98,"column":2},"end":{"line":200,"column":null}},"6":{"start":{"line":100,"column":46},"end":{"line":100,"column":null}},"7":{"start":{"line":101,"column":6},"end":{"line":101,"column":null}},"8":{"start":{"line":101,"column":40},"end":{"line":101,"column":null}},"9":{"start":{"line":102,"column":6},"end":{"line":102,"column":null}},"10":{"start":{"line":102,"column":38},"end":{"line":102,"column":null}},"11":{"start":{"line":103,"column":6},"end":{"line":103,"column":null}},"12":{"start":{"line":103,"column":41},"end":{"line":103,"column":null}},"13":{"start":{"line":104,"column":6},"end":{"line":104,"column":null}},"14":{"start":{"line":104,"column":42},"end":{"line":104,"column":null}},"15":{"start":{"line":105,"column":6},"end":{"line":105,"column":null}},"16":{"start":{"line":105,"column":44},"end":{"line":105,"column":null}},"17":{"start":{"line":106,"column":6},"end":{"line":106,"column":null}},"18":{"start":{"line":106,"column":44},"end":{"line":106,"column":null}},"19":{"start":{"line":107,"column":6},"end":{"line":107,"column":null}},"20":{"start":{"line":107,"column":40},"end":{"line":107,"column":null}},"21":{"start":{"line":108,"column":6},"end":{"line":108,"column":null}},"22":{"start":{"line":108,"column":42},"end":{"line":108,"column":null}},"23":{"start":{"line":109,"column":6},"end":{"line":109,"column":null}},"24":{"start":{"line":109,"column":42},"end":{"line":109,"column":null}},"25":{"start":{"line":111,"column":6},"end":{"line":111,"column":null}},"26":{"start":{"line":115,"column":6},"end":{"line":125,"column":null}},"27":{"start":{"line":131,"column":6},"end":{"line":135,"column":null}},"28":{"start":{"line":139,"column":6},"end":{"line":146,"column":null}},"29":{"start":{"line":150,"column":6},"end":{"line":155,"column":null}},"30":{"start":{"line":159,"column":6},"end":{"line":180,"column":null}},"31":{"start":{"line":167,"column":10},"end":{"line":179,"column":null}},"32":{"start":{"line":184,"column":16},"end":{"line":184,"column":null}},"33":{"start":{"line":185,"column":6},"end":{"line":185,"column":null}},"34":{"start":{"line":185,"column":27},"end":{"line":185,"column":null}},"35":{"start":{"line":186,"column":6},"end":{"line":198,"column":null}}},"fnMap":{"0":{"name":"parseFlags","decl":{"start":{"line":68,"column":9},"end":{"line":68,"column":20}},"loc":{"start":{"line":68,"column":45},"end":{"line":75,"column":null}},"line":68},"1":{"name":"toUnresolvedRow","decl":{"start":{"line":86,"column":9},"end":{"line":86,"column":25}},"loc":{"start":{"line":86,"column":51},"end":{"line":95,"column":null}},"line":86},"2":{"name":"createExecutionsRepo","decl":{"start":{"line":97,"column":16},"end":{"line":97,"column":37}},"loc":{"start":{"line":97,"column":70},"end":{"line":201,"column":null}},"line":97},"3":{"name":"applyPatch","decl":{"start":{"line":99,"column":4},"end":{"line":99,"column":15}},"loc":{"start":{"line":99,"column":26},"end":{"line":112,"column":null}},"line":99},"4":{"name":"countSuccessSince","decl":{"start":{"line":114,"column":4},"end":{"line":114,"column":22}},"loc":{"start":{"line":114,"column":45},"end":{"line":126,"column":null}},"line":114},"5":{"name":"countExecutedSince","decl":{"start":{"line":128,"column":4},"end":{"line":128,"column":23}},"loc":{"start":{"line":128,"column":46},"end":{"line":136,"column":null}},"line":128},"6":{"name":"listUnresolved","decl":{"start":{"line":138,"column":4},"end":{"line":138,"column":19}},"loc":{"start":{"line":138,"column":33},"end":{"line":147,"column":null}},"line":138},"7":{"name":"listByStatus","decl":{"start":{"line":149,"column":4},"end":{"line":149,"column":17}},"loc":{"start":{"line":149,"column":39},"end":{"line":156,"column":null}},"line":149},"8":{"name":"listQueued","decl":{"start":{"line":158,"column":4},"end":{"line":158,"column":15}},"loc":{"start":{"line":158,"column":29},"end":{"line":181,"column":null}},"line":158},"9":{"name":"(anonymous_9)","decl":{"start":{"line":164,"column":9},"end":{"line":164,"column":18}},"loc":{"start":{"line":167,"column":10},"end":{"line":179,"column":null}},"line":167},"10":{"name":"getById","decl":{"start":{"line":183,"column":4},"end":{"line":183,"column":12}},"loc":{"start":{"line":183,"column":16},"end":{"line":199,"column":null}},"line":183}},"branchMap":{"0":{"loc":{"start":{"line":71,"column":11},"end":{"line":71,"column":null}},"type":"cond-expr","locations":[{"start":{"line":71,"column":36},"end":{"line":71,"column":60}},{"start":{"line":71,"column":60},"end":{"line":71,"column":null}}],"line":71},"1":{"loc":{"start":{"line":101,"column":6},"end":{"line":101,"column":null}},"type":"if","locations":[{"start":{"line":101,"column":6},"end":{"line":101,"column":null}},{"start":{},"end":{}}],"line":101},"2":{"loc":{"start":{"line":102,"column":6},"end":{"line":102,"column":null}},"type":"if","locations":[{"start":{"line":102,"column":6},"end":{"line":102,"column":null}},{"start":{},"end":{}}],"line":102},"3":{"loc":{"start":{"line":103,"column":6},"end":{"line":103,"column":null}},"type":"if","locations":[{"start":{"line":103,"column":6},"end":{"line":103,"column":null}},{"start":{},"end":{}}],"line":103},"4":{"loc":{"start":{"line":104,"column":6},"end":{"line":104,"column":null}},"type":"if","locations":[{"start":{"line":104,"column":6},"end":{"line":104,"column":null}},{"start":{},"end":{}}],"line":104},"5":{"loc":{"start":{"line":105,"column":6},"end":{"line":105,"column":null}},"type":"if","locations":[{"start":{"line":105,"column":6},"end":{"line":105,"column":null}},{"start":{},"end":{}}],"line":105},"6":{"loc":{"start":{"line":106,"column":6},"end":{"line":106,"column":null}},"type":"if","locations":[{"start":{"line":106,"column":6},"end":{"line":106,"column":null}},{"start":{},"end":{}}],"line":106},"7":{"loc":{"start":{"line":107,"column":6},"end":{"line":107,"column":null}},"type":"if","locations":[{"start":{"line":107,"column":6},"end":{"line":107,"column":null}},{"start":{},"end":{}}],"line":107},"8":{"loc":{"start":{"line":108,"column":6},"end":{"line":108,"column":null}},"type":"if","locations":[{"start":{"line":108,"column":6},"end":{"line":108,"column":null}},{"start":{},"end":{}}],"line":108},"9":{"loc":{"start":{"line":109,"column":6},"end":{"line":109,"column":null}},"type":"if","locations":[{"start":{"line":109,"column":6},"end":{"line":109,"column":null}},{"start":{},"end":{}}],"line":109},"10":{"loc":{"start":{"line":167,"column":10},"end":{"line":179,"column":null}},"type":"cond-expr","locations":[{"start":{"line":168,"column":14},"end":{"line":168,"column":null}},{"start":{"line":169,"column":14},"end":{"line":179,"column":null}}],"line":167},"11":{"loc":{"start":{"line":185,"column":6},"end":{"line":185,"column":null}},"type":"if","locations":[{"start":{"line":185,"column":6},"end":{"line":185,"column":null}},{"start":{},"end":{}}],"line":185}},"s":{"0":14,"1":14,"2":14,"3":0,"4":29,"5":70,"6":116,"7":116,"8":22,"9":116,"10":24,"11":116,"12":49,"13":116,"14":65,"15":116,"16":73,"17":116,"18":0,"19":116,"20":33,"21":116,"22":30,"23":116,"24":51,"25":116,"26":1,"27":44,"28":60,"29":96,"30":46,"31":7,"32":15,"33":15,"34":1,"35":14},"f":{"0":14,"1":29,"2":70,"3":116,"4":1,"5":44,"6":60,"7":96,"8":46,"9":7,"10":15},"b":{"0":[14,0],"1":[22,94],"2":[24,92],"3":[49,67],"4":[65,51],"5":[73,43],"6":[0,116],"7":[33,83],"8":[30,86],"9":[51,65],"10":[1,6],"11":[1,14]},"meta":{"lastBranch":12,"lastFunction":11,"lastStatement":36,"seen":{"f:68:9:68:20":0,"s:69:2:74:Infinity":0,"s:70:28:70:Infinity":1,"s:71:4:71:Infinity":2,"b:71:36:71:60:71:60:71:Infinity":0,"s:73:4:73:Infinity":3,"f:86:9:86:25":1,"s:87:2:94:Infinity":4,"f:97:16:97:37":2,"s:98:2:200:Infinity":5,"f:99:4:99:15":3,"s:100:46:100:Infinity":6,"b:101:6:101:Infinity:undefined:undefined:undefined:undefined":1,"s:101:6:101:Infinity":7,"s:101:40:101:Infinity":8,"b:102:6:102:Infinity:undefined:undefined:undefined:undefined":2,"s:102:6:102:Infinity":9,"s:102:38:102:Infinity":10,"b:103:6:103:Infinity:undefined:undefined:undefined:undefined":3,"s:103:6:103:Infinity":11,"s:103:41:103:Infinity":12,"b:104:6:104:Infinity:undefined:undefined:undefined:undefined":4,"s:104:6:104:Infinity":13,"s:104:42:104:Infinity":14,"b:105:6:105:Infinity:undefined:undefined:undefined:undefined":5,"s:105:6:105:Infinity":15,"s:105:44:105:Infinity":16,"b:106:6:106:Infinity:undefined:undefined:undefined:undefined":6,"s:106:6:106:Infinity":17,"s:106:44:106:Infinity":18,"b:107:6:107:Infinity:undefined:undefined:undefined:undefined":7,"s:107:6:107:Infinity":19,"s:107:40:107:Infinity":20,"b:108:6:108:Infinity:undefined:undefined:undefined:undefined":8,"s:108:6:108:Infinity":21,"s:108:42:108:Infinity":22,"b:109:6:109:Infinity:undefined:undefined:undefined:undefined":9,"s:109:6:109:Infinity":23,"s:109:42:109:Infinity":24,"s:111:6:111:Infinity":25,"f:114:4:114:22":4,"s:115:6:125:Infinity":26,"f:128:4:128:23":5,"s:131:6:135:Infinity":27,"f:138:4:138:19":6,"s:139:6:146:Infinity":28,"f:149:4:149:17":7,"s:150:6:155:Infinity":29,"f:158:4:158:15":8,"s:159:6:180:Infinity":30,"f:164:9:164:18":9,"s:167:10:179:Infinity":31,"b:168:14:168:Infinity:169:14:179:Infinity":10,"f:183:4:183:12":10,"s:184:16:184:Infinity":32,"b:185:6:185:Infinity:undefined:undefined:undefined:undefined":11,"s:185:6:185:Infinity":33,"s:185:27:185:Infinity":34,"s:186:6:198:Infinity":35},"fnNames":{}}}
[...]
nd":{"line":95,"column":35}},"loc":{"start":{"line":95,"column":78},"end":{"line":98,"column":null}},"line":95}},"branchMap":{"0":{"loc":{"start":{"line":85,"column":2},"end":{"line":85,"column":null}},"type":"if","locations":[{"start":{"line":85,"column":2},"end":{"line":85,"column":null}},{"start":{},"end":{}}],"line":85},"1":{"loc":{"start":{"line":85,"column":6},"end":{"line":85,"column":51}},"type":"binary-expr","locations":[{"start":{"line":85,"column":6},"end":{"line":85,"column":35}},{"start":{"line":85,"column":35},"end":{"line":85,"column":51}}],"line":85},"2":{"loc":{"start":{"line":87,"column":9},"end":{"line":87,"column":null}},"type":"cond-expr","locations":[{"start":{"line":87,"column":36},"end":{"line":87,"column":43}},{"start":{"line":87,"column":43},"end":{"line":87,"column":null}}],"line":87},"3":{"loc":{"start":{"line":92,"column":9},"end":{"line":92,"column":null}},"type":"binary-expr","locations":[{"start":{"line":92,"column":9},"end":{"line":92,"column":26}},{"start":{"line":92,"column":26},"end":{"line":92,"column":null}}],"line":92},"4":{"loc":{"start":{"line":97,"column":9},"end":{"line":97,"column":null}},"type":"binary-expr","locations":[{"start":{"line":97,"column":9},"end":{"line":97,"column":26}},{"start":{"line":97,"column":26},"end":{"line":97,"column":null}}],"line":97}},"s":{"0":6,"1":6,"2":6,"3":6,"4":13,"5":2,"6":11,"7":11,"8":5,"9":5,"10":8,"11":8},"f":{"0":13,"1":5,"2":8},"b":{"0":[2,11],"1":[13,12],"2":[11,0],"3":[5,3],"4":[8,8]},"meta":{"lastBranch":5,"lastFunction":3,"lastStatement":12,"seen":{"s:3:32:3:Infinity":0,"s:6:24:12:Infinity":1,"s:67:26:74:Infinity":2,"s:75:32:82:Infinity":3,"f:84:9:84:21":0,"b:85:2:85:Infinity:undefined:undefined:undefined:undefined":0,"s:85:2:85:Infinity":4,"b:85:6:85:35:85:35:85:51":1,"s:85:51:85:Infinity":5,"s:86:16:86:Infinity":6,"s:87:2:87:Infinity":7,"b:87:36:87:43:87:43:87:Infinity":2,"f:90:16:90:29":1,"s:91:15:91:Infinity":8,"s:92:2:92:Infinity":9,"b:92:9:92:26:92:26:92:Infinity":3,"f:95:16:95:35":2,"s:96:15:96:Infinity":10,"s:97:2:97:Infinity":11,"b:97:9:97:26:97:26:97:Infinity":4},"fnNames":{}}}
,"/Volumes/VideoWorks/workspace/whisky-manager/src/shared/schedule.ts": {"path":"/Volumes/VideoWorks/workspace/whisky-manager/src/shared/schedule.ts","statementMap":{"0":{"start":{"line":4,"column":15},"end":{"line":4,"column":null}},"1":{"start":{"line":5,"column":17},"end":{"line":5,"column":null}},"2":{"start":{"line":8,"column":19},"end":{"line":8,"column":null}},"3":{"start":{"line":9,"column":2},"end":{"line":9,"column":null}},"4":{"start":{"line":17,"column":19},"end":{"line":17,"column":null}},"5":{"start":{"line":18,"column":2},"end":{"line":20,"column":null}},"6":{"start":{"line":19,"column":4},"end":{"line":19,"column":null}},"7":{"start":{"line":21,"column":2},"end":{"line":21,"column":null}},"8":{"start":{"line":25,"column":24},"end":{"line":25,"column":null}},"9":{"start":{"line":26,"column":2},"end":{"line":26,"column":null}},"10":{"start":{"line":35,"column":15},"end":{"line":35,"column":null}},"11":{"start":{"line":36,"column":21},"end":{"line":36,"column":null}},"12":{"start":{"line":37,"column":20},"end":{"line":37,"column":null}},"13":{"start":{"line":39,"column":2},"end":{"line":41,"column":null}},"14":{"start":{"line":45,"column":2},"end":{"line":45,"column":null}}},"fnMap":{"0":{"name":"isWithinActiveHours","decl":{"start":{"line":7,"column":16},"end":{"line":7,"column":36}},"loc":{"start":{"line":7,"column":92},"end":{"line":10,"column":null}},"line":7},"1":{"name":"nextActiveStart","decl":{"start":{"line":16,"column":16},"end":{"line":16,"column":32}},"loc":{"start":{"line":16,"column":87},"end":{"line":22,"column":null}},"line":16},"2":{"name":"isWeekend","decl":{"start":{"line":24,"column":9},"end":{"line":24,"column":19}},"loc":{"start":{"line":24,"column":59},"end":{"line":27,"column":null}},"line":24},"3":{"name":"nextSessionStart","decl":{"start":{"line":29,"column":16},"end":{"line":29,"column":null}},"loc":{"start":{"line":34,"column":10},"end":{"line":42,"column":null}},"line":34},"4":{"name":"nextActionDelayMs","decl":{"start":{"line":44,"column":16},"end":{"line":44,"column":34}},"loc":{"start":{"line":44,"column":74},"end":{"line":46,"column":null}},"line":44}},"branchMap":{"0":{"loc":{"start":{"line":9,"column":9},"end":{"line":9,"column":null}},"type":"binary-expr","locations":[{"start":{"line":9,"column":9},"end":{"line":9,"column":43}},{"start":{"line":9,"column":43},"end":{"line":9,"column":null}}],"line":9},"1":{"loc":{"start":{"line":18,"column":2},"end":{"line":20,"column":null}},"type":"if","locations":[{"start":{"line":18,"column":2},"end":{"line":20,"column":null}},{"start":{},"end":{}}],"line":18},"2":{"loc":{"start":{"line":26,"column":9},"end":{"line":26,"column":null}},"type":"binary-expr","locations":[{"start":{"line":26,"column":9},"end":{"line":26,"column":35}},{"start":{"line":26,"column":35},"end":{"line":26,"column":null}}],"line":26},"3":{"loc":{"start":{"line":36,"column":21},"end":{"line":36,"column":null}},"type":"cond-expr","locations":[{"start":{"line":36,"column":62},"end":{"line":36,"column":97}},{"start":{"line":36,"column":97},"end":{"line":36,"column":null}}],"line":36},"4":{"loc":{"start":{"line":39,"column":9},"end":{"line":41,"column":null}},"type":"cond-expr","locations":[{"start":{"line":40,"column":6},"end":{"line":40,"column":null}},{"start":{"line":41,"column":6},"end":{"line":41,"column":null}}],"line":39}},"s":{"0":5,"1":5,"2":66,"3":66,"4":3,"5":3,"6":3,"7":0,"8":15,"9":15,"10":15,"11":15,"12":15,"13":15,"14":33},"f":{"0":66,"1":3,"2":15,"3":15,"4":33},"b":{"0":[66,63],"1":[3,0],"2":[15,13],"3":[2,13],"4":[14,1]},"meta":{"lastBranch":5,"lastFunction":5,"lastStatement":15,"seen":{"s:4:15:4:Infinity":0,"s:5:17:5:Infinity":1,"f:7:16:7:36":0,"s:8:19:8:Infinity":2,"s:9:2:9:Infinity":3,"b:9:9:9:43:9:43:9:Infinity":0,"f:16:16:16:32":1,"s:17:19:17:Infinity":4,"b:18:2:20:Infinity:undefined:undefined:undefined:undefined":1,"s:18:2:20:Infinity":5,"s:19:4:19:Infinity":6,"s:21:2:21:Infinity":7,"f:24:9:24:19":2,"s:25:24:25:Infinity":8,"s:26:2:26:Infinity":9,"b:26:9:26:35:26:35:26:Infinity":2,"f:29:16:29:Infinity":3,"s:35:15:35:Infinity":10,"s:36:21:36:Infinity":11,"b:36:62:36:97:36:97:36:Infinity":3,"s:37:20:37:Infinity":12,"s:39:2:41:Infinity":13,"b:40:6:40:Infinity:41:6:41:Infinity":4,"f:44:16:44:34":4,"s:45:2:45:Infinity":14},"fnNames":{}}}
,"/Volumes/VideoWorks/workspace/whisky-manager/src/shared/statusMachine.ts": {"path":"/Volumes/VideoWorks/workspace/whisky-manager/src/shared/statusMachine.ts","statementMap":{"0":{"start":{"line":16,"column":4},"end":{"line":16,"column":null}},"1":{"start":{"line":17,"column":4},"end":{"line":17,"column":null}},"2":{"start":{"line":22,"column":2},"end":{"line":29,"column":null}},"3":{"start":{"line":24,"column":6},"end":{"line":24,"column":null}},"4":{"start":{"line":26,"column":6},"end":{"line":26,"column":null}},"5":{"start":{"line":28,"column":6},"end":{"line":28,"column":null}},"6":{"start":{"line":37,"column":2},"end":{"line":42,"column":null}},"7":{"start":{"line":41,"column":4},"end":{"line":41,"column":null}},"8":{"start":{"line":44,"column":2},"end":{"line":66,"column":null}},"9":{"start":{"line":46,"column":6},"end":{"line":46,"column":null}},"10":{"start":{"line":46,"column":37},"end":{"line":46,"column":null}},"11":{"start":{"line":47,"column":6},"end":{"line":47,"column":null}},"12":{"start":{"line":47,"column":37},"end":{"line":47,"column":null}},"13":{"start":{"line":48,"column":6},"end":{"line":48,"column":null}},"14":{"start":{"line":48,"column":45},"end":{"line":48,"column":null}},"15":{"start":{"line":49,"column":6},"end":{"line":49,"column":null}},"16":{"start":{"line":52,"column":6},"end":{"line":52,"column":null}},"17":{"start":{"line":52,"column":48},"end":{"line":52,"column":null}},"18":{"start":{"line":53,"column":6},"end":{"line":55,"column":null}},"19":{"start":{"line":54,"column":8},"end":{"line":54,"column":null}},"20":{"start":{"line":56,"column":6},"end":{"line":56,"column":null}},"21":{"start":{"line":56,"column":47},"end":{"line":56,"column":null}},"22":{"start":{"line":57,"column":6},"end":{"line":57,"column":null}},"23":{"start":{"line":60,"column":6},"end":{"line":60,"column":null}},"24":{"start":{"line":60,"column":38},"end":{"line":60,"column":null}},"25":{"start":{"line":61,"column":6},"end":{"line":61,"column":null}},"26":{"start":{"line":61,"column":45},"end":{"line":61,"column":null}},"27":{"start":{"line":62,"column":6},"end":{"line":62,"column":null}},"28":{"start":{"line":65,"column":6},"end":{"line":65,"column":null}},"29":{"start":{"line":68,"column":2},"end":{"line":68,"column":null}}},"fnMap":{"0":{"name":"constructor","decl":{"start":{"line":15,"column":2},"end":{"line":15,"column":14}},"loc":{"start":{"line":15,"column":68},"end":{"line":18,"column":null}},"line":15},"1":{"name":"initialStatus","decl":{"start":{"line":21,"column":16},"end":{"line":21,"column":30}},"loc":{"start":{"line":21,"column":73},"end":{"line":30,"column":null}},"line":21},"2":{"name":"transition","decl":{"start":{"line":32,"column":16},"end":{"line":32,"column":null}},"loc":{"start":{"line":36,"column":19},"end":{"line":69,"column":null}},"line":36}},"branchMap":{"0":{"loc":{"start":{"line":22,"column":2},"end":{"line":29,"column":null}},"type":"switch","locations":[{"start":{"line":23,"column":4},"end":{"line":24,"column":null}},{"start":{"line":25,"column":4},"end":{"line":26,"column":null}},{"start":{"line":27,"column":4},"end":{"line":28,"column":null}}],"line":22},"1":{"loc":{"start":{"line":37,"column":2},"end":{"line":42,"column":null}},"type":"if","locations":[{"start":{"line":37,"column":2},"end":{"line":42,"column":null}},{"start":{},"end":{}}],"line":37},"2":{"loc":{"start":{"line":38,"column":4},"end":{"line":39,"column":null}},"type":"binary-expr","locations":[{"start":{"line":38,"column":4},"end":{"line":38,"column":null}},{"start":{"line":39,"column":5},"end":{"line":39,"column":40}},{"start":{"line":39,"column":40},"end":{"line":39,"column":64}},{"start":{"line":39,"column":64},"end":{"line":39,"column":null}}],"line":38},"3":{"loc":{"start":{"line":44,"column":2},"end":{"line":66,"column":null}},"type":"switch","locations":[{"start":{"line":45,"column":4},"end":{"line":49,"column":null}},{"start":{"line":51,"column":4},"end":{"line":57,"column":null}},{"start":{"line":59,"column":4},"end":{"line":62,"column":null}},{"start":{"line":64,"column":4},"end":{"line":65,"column":null}}],"line":44},"4":{"loc":{"start":{"line":46,"column":6},"end":{"line":46,"column":null}},"type":"if","locations":[{"start":{"line":46,"column":6},"end":{"line":46,"column":null}},{"start":{},"end":{}}],"line":46},"5":{"loc":{"start":{"line":47,"column":6},"end":{"line":47,"column":null}},"type":"if","locations":[{"start":{"line":47,"column":6},"end":{"line":47,"column":null}},{"start":{},"end":{}}],"line":47},"6":{"loc":{"start":{"line":48,"column":6},"end":{"line":48,"column":null}},"type":"if","locations":[{"start":{"line":48,"column":6},"end":{"line":48,"column":null}},{"start":{},"end":{}}],"line":48},"7":{"loc":{"start":{"line":52,"column":6},"end":{"line":52,"column":null}},"type":"if","locations":[{"start":{"line":52,"column":6},"end":{"line":52,"column":null}},{"start":{},"end":{}}],"line":52},"8":{"loc":{"start":{"line":53,"column":6},"end":{"line":55,"column":null}},"type":"if","locations":[{"start":{"line":53,"column":6},"end":{"line":55,"column":null}},{"start":{},"end":{}}],"line":53},"9":{"loc":{"start":{"line":54,"column":15},"end":{"line":54,"column":null}},"type":"cond-expr","locations":[{"start":{"line":54,"column":54},"end":{"line":54,"column":65}},{"start":{"line":54,"column":65},"end":{"line":54,"column":null}}],"line":54},"10":{"loc":{"start":{"line":56,"column":6},"end":{"line":56,"column":null}},"type":"if","locations":[{"start":{"line":56,"column":6},"end":{"line":56,"column":null}},{"start":{},"end":{}}],"line":56},"11":{"loc":{"start":{"line":60,"column":6},"end":{"line":60,"column":null}},"type":"if","locations":[{"start":{"line":60,"column":6},"end":{"line":60,"column":null}},{"start":{},"end":{}}],"line":60},"12":{"loc":{"start":{"line":61,"column":6},"end":{"line":61,"column":null}},"type":"if","locations":[{"start":{"line":61,"column":6},"end":{"line":61,"column":null}},{"start":{},"end":{}}],"line":61}},"s":{"0":8,"1":8,"2":50,"3":36,"4":8,"5":6,"6":61,"7":2,"8":59,"9":8,"10":2,"11":6,"12":2,"13":4,"14":3,"15":1,"16":38,"17":22,"18":16,"19":11,"20":5,"21":4,"22":1,"23":7,"24":4,"25":3,"26":3,"27":0,"28":6,"29":8},"f":{"0":8,"1":50,"2":61},"b":{"0":[36,8,6],"1":[2,59],"2":[61,2,1,0],"3":[8,38,7,6],"4":[2,6],"5":[2,4],"6":[3,1],"7":[22,16],"8":[11,5],"9":[1,10],"10":[4,1],"11":[4,3],"12":[3,0]},"meta":{"lastBranch":13,"lastFunction":3,"lastStatement":30,"seen":{"f:15:2:15:14":0,"s:16:4:16:Infinity":0,"s:17:4:17:Infinity":1,"f:21:16:21:30":1,"b:23:4:24:Infinity:25:4:26:Infinity:27:4:28:Infinity":0,"s:22:2:29:Infinity":2,"s:24:6:24:Infinity":3,"s:26:6:26:Infinity":4,"s:28:6:28:Infinity":5,"f:32:16:32:Infinity":2,"b:37:2:42:Infinity:undefined:undefined:undefined:undefined":1,"s:37:2:42:Infinity":6,"b:38:4:38:Infinity:39:5:39:40:39:40:39:64:39:64:39:Infinity":2,"s:41:4:41:Infinity":7,"b:45:4:49:Infinity:51:4:57:Infinity:59:4:62:Infinity:64:4:65:Infinity":3,"s:44:2:66:Infinity":8,"b:46:6:46:Infinity:undefined:undefined:undefined:undefined":4,"s:46:6:46:Infinity":9,"s:46:37:46:Infinity":10,"b:47:6:47:Infinity:undefined:undefined:undefined:undefined":5,"s:47:6:47:Infinity":11,"s:47:37:47:Infinity":12,"b:48:6:48:Infinity:undefined:undefined:undefined:undefined":6,"s:48:6:48:Infinity":13,"s:48:45:48:Infinity":14,"s:49:6:49:Infinity":15,"b:52:6:52:Infinity:undefined:undefined:undefined:undefined":7,"s:52:6:52:Infinity":16,"s:52:48:52:Infinity":17,"b:53:6:55:Infinity:undefined:undefined:undefined:undefined":8,"s:53:6:55:Infinity":18,"s:54:8:54:Infinity":19,"b:54:54:54:65:54:65:54:Infinity":9,"b:56:6:56:Infinity:undefined:undefined:undefined:undefined":10,"s:56:6:56:Infinity":20,"s:56:47:56:Infinity":21,"s:57:6:57:Infinity":22,"b:60:6:60:Infinity:undefined:undefined:undefined:undefined":11,"s:60:6:60:Infinity":23,"s:60:38:60:Infinity":24,"b:61:6:61:Infinity:undefined:undefined:undefined:undefined":12,"s:61:6:61:Infinity":25,"s:61:45:61:Infinity":26,"s:62:6:62:Infinity":27,"s:65:6:65:Infinity":28,"s:68:2:68:Infinity":29},"fnNames":{}}}
,"/Volumes/VideoWorks/workspace/whisky-manager/src/shared/templates.ts": {"path":"/Volumes/VideoWorks/workspace/whisky-manager/src/shared/templates.ts","statementMap":{"0":{"start":{"line":4,"column":20},"end":{"line":4,"column":null}},"1":{"start":{"line":11,"column":2},"end":{"line":11,"column":null}},"2":{"start":{"line":11,"column":30},"end":{"line":11,"column":null}},"3":{"start":{"line":12,"column":2},"end":{"line":12,"column":null}},"4":{"start":{"line":12,"column":30},"end":{"line":12,"column":null}},"5":{"start":{"line":13,"column":16},"end":{"line":13,"column":null}},"6":{"start":{"line":14,"column":2},"end":{"line":14,"column":null}},"7":{"start":{"line":24,"column":28},"end":{"line":24,"column":null}},"8":{"start":{"line":26,"column":15},"end":{"line":34,"column":null}},"9":{"start":{"line":27,"column":17},"end":{"line":27,"column":null}},"10":{"start":{"line":28,"column":18},"end":{"line":28,"column":null}},"11":{"start":{"line":29,"column":4},"end":{"line":32,"column":null}},"12":{"start":{"line":30,"column":6},"end":{"line":30,"column":null}},"13":{"start":{"line":30,"column":35},"end":{"line":30,"column":null}},"14":{"start":{"line":31,"column":6},"end":{"line":31,"column":null}},"15":{"start":{"line":33,"column":4},"end":{"line":33,"column":null}},"16":{"start":{"line":36,"column":2},"end":{"line":36,"column":null}}},"fnMap":{"0":{"name":"pickTemplate","decl":{"start":{"line":10,"column":16},"end":{"line":10,"column":29}},"loc":{"start":{"line":10,"column":94},"end":{"line":15,"column":null}},"line":10},"1":{"name":"renderTemplate","decl":{"start":{"line":23,"column":16},"end":{"line":23,"column":31}},"loc":{"start":{"line":23,"column":99},"end":{"line":37,"column":null}},"line":23},"2":{"name":"(anonymous_2)","decl":{"start":{"line":26,"column":28},"end":{"line":26,"column":42}},"loc":{"start":{"line":26,"column":70},"end":{"line":34,"column":3}},"line":26}},"branchMap":{"0":{"loc":{"start":{"line":11,"column":2},"end":{"line":11,"column":null}},"type":"if","locations":[{"start":{"line":11,"column":2},"end":{"line":11,"column":null}},{"start":{},"end":{}}],"line":11},"1":{"loc":{"start":{"line":12,"column":2},"end":{"line":12,"column":null}},"type":"if","locations":[{"start":{"line":12,"column":2},"end":{"line":12,"column":null}},{"start":{},"end":{}}],"line":12},"2":{"loc":{"start":{"line":12,"column":37},"end":{"line":12,"column":null}},"type":"binary-expr","locations":[{"start":{"line":12,"column":37},"end":{"line":12,"column":53}},{"start":{"line":12,"column":53},"end":{"line":12,"column":null}}],"line":12},"3":{"loc":{"start":{"line":14,"column":9},"end":{"line":14,"column":null}},"type":"binary-expr","locations":[{"start":{"line":14,"column":9},"end":{"line":14,"column":29}},{"start":{"line":14,"column":29},"end":{"line":14,"column":null}}],"line":14},"4":{"loc":{"start":{"line":29,"column":4},"end":{"line":32,"column":null}},"type":"if","locations":[{"start":{"line":29,"column":4},"end":{"line":32,"column":null}},{"start":{},"end":{}}],"line":29},"5":{"loc":{"start":{"line":29,"column":8},"end":{"line":29,"column":45}},"type":"binary-expr","locations":[{"start":{"line":29,"column":8},"end":{"line":29,"column":31}},{"start":{"line":29,"column":31},"end":{"line":29,"column":45}}],"line":29},"6":{"loc":{"start":{"line":30,"column":6},"end":{"line":30,"column":null}},"type":"if","locations":[{"start":{"line":30,"column":6},"end":{"line":30,"column":null}},{"start":{},"end":{}}],"line":30},"7":{"loc":{"start":{"line":36,"column":9},"end":{"line":36,"column":null}},"type":"cond-expr","locations":[{"start":{"line":36,"column":30},"end":{"line":36,"column":55}},{"start":{"line":36,"column":55},"end":{"line":36,"column":null}}],"line":36}},"s":{"0":3,"1":12,"2":1,"3":11,"4":9,"5":2,"6":2,"7":13,"8":13,"9":8,"10":8,"11":8,"12":3,"13":3,"14":3,"15":5,"16":13},"f":{"0":12,"1":13,"2":8},"b":{"0":[1,11],"1":[9,2],"2":[9,0],"3":[2,0],"4":[3,5],"5":[8,7],"6":[3,0],"7":[3,10]},"meta":{"lastBranch":8,"lastFunction":3,"lastStatement":17,"seen":{"s:4:20:4:Infinity":0,"f:10:16:10:29":0,"b:11:2:11:Infinity:undefined:undefined:undefined:undefined":0,"s:11:2:11:Infinity":1,"s:11:30:11:Infinity":2,"b:12:2:12:Infinity:undefined:undefined:undefined:undefined":1,"s:12:2:12:Infinity":3,"s:12:30:12:Infinity":4,"b:12:37:12:53:12:53:12:Infinity":2,"s:13:16:13:Infinity":5,"s:14:2:14:Infinity":6,"b:14:9:14:29:14:29:14:Infinity":3,"f:23:16:23:31":1,"s:24:28:24:Infinity":7,"s:26:15:34:Infinity":8,"f:26:28:26:42":2,"s:27:17:27:Infinity":9,"s:28:18:28:Infinity":10,"b:29:4:32:Infinity:undefined:undefined:undefined:undefined":4,"s:29:4:32:Infinity":11,"b:29:8:29:31:29:31:29:45":5,"b:30:6:30:Infinity:undefined:undefined:undefined:undefined":6,"s:30:6:30:Infinity":12,"s:30:35:30:Infinity":13,"s:31:6:31:Infinity":14,"s:33:4:33:Infinity":15,"s:36:2:36:Infinity":16,"b:36:30:36:55:36:55:36:Infinity":7},"fnNames":{}}}
,"/Volumes/VideoWorks/workspace/whisky-manager/src/shared/types.ts": {"path":"/Volumes/VideoWorks/workspace/whisky-manager/src/shared/types.ts","statementMap":{"0":{"start":{"line":14,"column":35},"end":{"line":14,"column":null}},"1":{"start":{"line":19,"column":2},"end":{"line":19,"column":null}}},"fnMap":{"0":{"name":"isUnresolved","decl":{"start":{"line":18,"column":16},"end":{"line":18,"column":29}},"loc":{"start":{"line":18,"column":82},"end":{"line":20,"column":null}},"line":18}},"branchMap":{},"s":{"0":7,"1":6},"f":{"0":6},"b":{},"meta":{"lastBranch":0,"lastFunction":1,"lastStatement":2,"seen":{"s:14:35:14:Infinity":0,"f:18:16:18:29":0,"s:19:2:19:Infinity":1},"fnNames":{}}}
}
