{"/Volumes/VideoWorks/workspace/whisky-manager/src/shared/guards.ts": {"path":"/Volumes/VideoWorks/workspace/whisky-manager/src/shared/guards.ts","statementMap":{"0":{"start":{"line":28,"column":13},"end":{"line":35,"column":null}},"1":{"start":{"line":29,"column":2},"end":{"line":31,"column":null}},"2":{"start":{"line":30,"column":4},"end":{"line":30,"column":null}},"3":{"start":{"line":32,"column":20},"end":{"line":32,"column":null}},"4":{"start":{"line":33,"column":18},"end":{"line":33,"column":null}},"5":{"start":{"line":33,"column":62},"end":{"line":33,"column":83}},"6":{"start":{"line":34,"column":2},"end":{"line":34,"column":null}},"7":{"start":{"line":42,"column":28},"end":{"line":42,"column":null}},"8":{"start":{"line":43,"column":2},"end":{"line":50,"column":null}},"9":{"start":{"line":44,"column":20},"end":{"line":44,"column":null}},"10":{"start":{"line":45,"column":4},"end":{"line":45,"column":null}},"11":{"start":{"line":45,"column":26},"end":{"line":45,"column":null}},"12":{"start":{"line":46,"column":4},"end":{"line":48,"column":null}},"13":{"start":{"line":47,"column":6},"end":{"line":47,"column":null}},"14":{"start":{"line":49,"column":4},"end":{"line":49,"column":null}},"15":{"start":{"line":51,"column":2},"end":{"line":51,"column":null}}},"fnMap":{"0":{"name":"(anonymous_0)","decl":{"start":{"line":28,"column":13},"end":{"line":28,"column":53}},"loc":{"start":{"line":28,"column":73},"end":{"line":35,"column":null}},"line":28},"1":{"name":"(anonymous_1)","decl":{"start":{"line":33,"column":45},"end":{"line":33,"column":51}},"loc":{"start":{"line":33,"column":62},"end":{"line":33,"column":83}},"line":33},"2":{"name":"evaluateGuards","decl":{"start":{"line":37,"column":16},"end":{"line":37,"column":null}},"loc":{"start":{"line":41,"column":19},"end":{"line":52,"column":null}},"line":41}},"branchMap":{"0":{"loc":{"start":{"line":29,"column":2},"end":{"line":31,"column":null}},"type":"if","locations":[{"start":{"line":29,"column":2},"end":{"line":31,"column":null}},{"start":{},"end":{}}],"line":29},"1":{"loc":{"start":{"line":34,"column":9},"end":{"line":34,"column":null}},"type":"cond-expr","locations":[{"start":{"line":34,"column":19},"end":{"line":34,"column":67}},{"start":{"line":34,"column":67},"end":{"line":34,"column":null}}],"line":34},"2":{"loc":{"start":{"line":45,"column":4},"end":{"line":45,"column":null}},"type":"if","locations":[{"start":{"line":45,"column":4},"end":{"line":45,"column":null}},{"start":{},"end":{}}],"line":45},"3":{"loc":{"start":{"line":46,"column":4},"end":{"line":48,"column":null}},"type":"if","locations":[{"start":{"line":46,"column":4},"end":{"line":48,"column":null}},{"start":{},"end":{}}],"line":46}},"s":{"0":2,"1":31,"2":3,"3":28,"4":28,"5":4,"6":28,"7":29,"8":29,"9":32,"10":32,"11":26,"12":6,"13":2,"14":4,"15":27},"f":{"0":31,"1":4,"2":29},"b":{"0":[3,28],"1":[3,25],"2":[26,6],"3":[2,4]},"meta":{"lastBranch":4,"lastFunction":3,"lastStatement":16,"seen":{"s:28:13:35:Infinity":0,"f:28:13:28:53":0,"b:29:2:31:Infinity:undefined:undefined:undefined:undefined":0,"s:29:2:31:Infinity":1,"s:30:4:30:Infinity":2,"s:32:20:32:Infinity":3,"s:33:18:33:Infinity":4,"f:33:45:33:51":1,"s:33:62:33:83":5,"s:34:2:34:Infinity":6,"b:34:19:34:67:34:67:34:Infinity":1,"f:37:16:37:Infinity":2,"s:42:28:42:Infinity":7,"s:43:2:50:Infinity":8,"s:44:20:44:Infinity":9,"b:45:4:45:Infinity:undefined:undefined:undefined:undefined":2,"s:45:4:45:Infinity":10,"s:45:26:45:Infinity":11,"b:46:4:48:Infinity:undefined:undefined:undefined:undefined":3,"s:46:4:48:Infinity":12,"s:47:6:47:Infinity":13,"s:49:4:49:Infinity":14,"s:51:2:51:Infinity":15},"fnNames":{}}}
,"/Volumes/VideoWorks/workspace/whisky-manager/src/shared/index.ts": {"path":"/Volumes/VideoWorks/workspace/whisky-manager/src/shared/index.ts","statementMap":{},"fnMap":{},"branchMap":{},"s":{},"f":{},"b":{},"meta":{"lastBranch":0,"lastFunction":0,"lastStatement":0,"seen":{},"fnNames":{}}}
,"/Volumes/VideoWorks/workspace/whisky-manager/src/shared/limits.ts": {"path":"/Volumes/VideoWorks/workspace/whisky-manager/src/shared/limits.ts","statementMap":{"0":{"start":{"line":15,"column":2},"end":{"line":17,"column":null}},"1":{"start":{"line":16,"column":4},"end":{"line":16,"column":null}},"2":{"start":{"line":18,"column":2},"end":{"line":20,"column":null}},"3":{"start":{"line":19,"column":4},"end":{"line":19,"column":null}},"4":{"start":{"line":21,"column":2},"end":{"line":23,"column":null}},"5":{"start":{"line":22,"column":4},"end":{"line":22,"column":null}},"6":{"start":{"line":24,"column":2},"end":{"line":24,"column":null}},"7":{"start":{"line":37,"column":2},"end":{"line":37,"column":null}},"8":{"start":{"line":37,"column":35},"end":{"line":37,"column":81}},"9":{"start":{"line":46,"column":19},"end":{"line":46,"column":null}},"10":{"start":{"line":47,"column":2},"end":{"line":49,"column":null}},"11":{"start":{"line":48,"column":4},"end":{"line":48,"column":null}},"12":{"start":{"line":50,"column":2},"end":{"line":50,"column":null}}},"fnMap":{"0":{"name":"checkGates","decl":{"start":{"line":14,"column":16},"end":{"line":14,"column":27}},"loc":{"start":{"line":14,"column":74},"end":{"line":25,"column":null}},"line":14},"1":{"name":"hasStaleBacklog","decl":{"start":{"line":32,"column":16},"end":{"line":32,"column":null}},"loc":{"start":{"line":36,"column":11},"end":{"line":38,"column":null}},"line":36},"2":{"name":"(anonymous_2)","decl":{"start":{"line":37,"column":20},"end":{"line":37,"column":26}},"loc":{"start":{"line":37,"column":35},"end":{"line":37,"column":81}},"line":37},"3":{"name":"dailyWindowStart","decl":{"start":{"line":45,"column":16},"end":{"line":45,"column":33}},"loc":{"start":{"line":45,"column":88},"end":{"line":51,"column":null}},"line":45}},"branchMap":{"0":{"loc":{"start":{"line":15,"column":2},"end":{"line":17,"column":null}},"type":"if","locations":[{"start":{"line":15,"column":2},"end":{"line":17,"column":null}},{"start":{},"end":{}}],"line":15},"1":{"loc":{"start":{"line":18,"column":2},"end":{"line":20,"column":null}},"type":"if","locations":[{"start":{"line":18,"column":2},"end":{"line":20,"column":null}},{"start":{},"end":{}}],"line":18},"2":{"loc":{"start":{"line":21,"column":2},"end":{"line":23,"column":null}},"type":"if","locations":[{"start":{"line":21,"column":2},"end":{"line":23,"column":null}},{"start":{},"end":{}}],"line":21},"3":{"loc":{"start":{"line":47,"column":2},"end":{"line":49,"column":null}},"type":"if","locations":[{"start":{"line":47,"column":2},"end":{"line":49,"column":null}},{"start":{},"end":{}}],"line":47}},"s":{"0":30,"1":2,"2":28,"3":2,"4":26,"5":4,"6":22,"7":29,"8":87,"9":26,"10":26,"11":25,"12":1},"f":{"0":30,"1":29,"2":87,"3":26},"b":{"0":[2,28],"1":[2,26],"2":[4,22],"3":[25,1]},"meta":{"lastBranch":4,"lastFunction":4,"lastStatement":13,"seen":{"f:14:16:14:27":0,"b:15:2:17:Infinity:undefined:undefined:undefined:undefined":0,"s:15:2:17:Infinity":0,"s:16:4:16:Infinity":1,"b:18:2:20:Infinity:undefined:undefined:undefined:undefined":1,"s:18:2:20:Infinity":2,"s:19:4:19:Infinity":3,"b:21:2:23:Infinity:undefined:undefined:undefined:undefined":2,"s:21:2:23:Infinity":4,"s:22:4:22:Infinity":5,"s:24:2:24:Infinity":6,"f:32:16:32:Infinity":1,"s:37:2:37:Infinity":7,"f:37:20:37:26":2,"s:37:35:37:81":8,"f:45:16:45:33":3,"s:46:19:46:Infinity":9,"b:47:2:49:Infinity:undefined:undefined:undefined:undefined":3,"s:47:2:49:Infinity":10,"s:48:4:48:Infinity":11,"s:50:2:50:Infinity":12},"fnNames":{}}}
,"/Volumes/VideoWorks/workspace/whisky-manager/src/shared/policy.ts": {"path":"/Volumes/VideoWorks/workspace/whisky-manager/src/shared/policy.ts","statementMap":{"0":{"start":{"line":14,"column":2},"end":{"line":16,"column":null}},"1":{"start":{"line":15,"column":4},"end":{"line":15,"column":null}},"2":{"start":{"line":17,"column":2},"end":{"line":19,"column":null}},"3":{"start":{"line":18,"column":4},"end":{"line":18,"column":null}},"4":{"start":{"line":20,"column":2},"end":{"line":22,"column":null}},"5":{"start":{"line":21,"column":4},"end":{"line":21,"column":null}},"6":{"start":{"line":23,"column":2},"end":{"line":23,"column":null}}},"fnMap":{"0":{"name":"decide","decl":{"start":{"line":13,"column":16},"end":{"line":13,"column":23}},"loc":{"start":{"line":13,"column":89},"end":{"line":24,"column":null}},"line":13}},"branchMap":{"0":{"loc":{"start":{"line":14,"column":2},"end":{"line":16,"column":null}},"type":"if","locations":[{"start":{"line":14,"column":2},"end":{"line":16,"column":null}},{"start":{},"end":{}}],"line":14},"1":{"loc":{"start":{"line":17,"column":2},"end":{"line":19,"column":null}},"type":"if","locations":[{"start":{"line":17,"column":2},"end":{"line":19,"column":null}},{"start":{},"end":{}}],"line":17},"2":{"loc":{"start":{"line":20,"column":2},"end":{"line":22,"column":null}},"type":"if","locations":[{"start":{"line":20,"column":2},"end":{"line":22,"column":null}},{"start":{},"end":{}}],"line":20},"3":{"loc":{"start":{"line":23,"column":9},"end":{"line":23,"column":null}},"type":"cond-expr","locations":[{"start":{"line":23,"column":29},"end":{"line":23,"column":72}},{"start":{"line":23,"column":72},"end":{"line":23,"column":null}}],"line":23}},"s":{"0":35,"1":4,"2":31,"3":3,"4":28,"5":24,"6":4},"f":{"0":35},"b":{"0":[4,31],"1":[3,28],"2":[24,4],"3":[2,2]},"meta":{"lastBranch":4,"lastFunction":1,"lastStatement":7,"seen":{"f:13:16:13:23":0,"b:14:2:16:Infinity:undefined:undefined:undefined:undefined":0,"s:14:2:16:Infinity":0,"s:15:4:15:Infinity":1,"b:17:2:19:Infinity:undefined:undefined:undefined:undefined":1,"s:17:2:19:Infinity":2,"s:18:4:18:Infinity":3,"b:20:2:22:Infinity:undefined:undefined:undefined:undefined":2,"s:20:2:22:Infinity":4,"s:21:4:21:Infinity":5,"s:23:2:23:Infinity":6,"b:23:29:23:72:23:72:23:Infinity":3},"fnNames":{}}}
,"/Volumes/VideoWorks/workspace/whisky-manager/src/shared/ports.ts": {"path":"/Volumes/VideoWorks/workspace/whisky-manager/src/shared/ports.ts","statementMap":{},"fnMap":{},"branchMap":{},"s":{},"f":{},"b":{},"meta":{"lastBranch":0,"lastFunction":0,"lastStatement":0,"seen":{},"fnNames":{}}}
,"/Volumes/VideoWorks/workspace/whisky-manager/src/shared/postId.ts": {"path":"/Volumes/VideoWorks/workspace/whisky-manager/src/shared/postId.ts","statementMap":{"0":{"start":{"line":1,"column":16},"end":{"line":1,"column":null}},"1":{"start":{"line":10,"column":2},"end":{"line":10,"column":null}},"2":{"start":{"line":10,"column":24},"end":{"line":10,"column":null}},"3":{"start":{"line":11,"column":2},"end":{"line":13,"column":null}},"4":{"start":{"line":12,"column":4},"end":{"line":12,"column":null}},"5":{"start":{"line":14,"column":2},"end":{"line":14,"column":null}}},"fnMap":{"0":{"name":"laterPostId","decl":{"start":{"line":9,"column":16},"end":{"line":9,"column":28}},"loc":{"start":{"line":9,"column":79},"end":{"line":15,"column":null}},"line":9}},"branchMap":{"0":{"loc":{"start":{"line":10,"column":2},"end":{"line":10,"column":null}},"type":"if","locations":[{"start":{"line":10,"column":2},"end":{"line":10,"column":null}},{"start":{},"end":{}}],"line":10},"1":{"loc":{"start":{"line":11,"column":2},"end":{"line":13,"column":null}},"type":"if","locations":[{"start":{"line":11,"column":2},"end":{"line":13,"column":null}},{"start":{},"end":{}}],"line":11},"2":{"loc":{"start":{"line":11,"column":6},"end":{"line":11,"column":56}},"type":"binary-expr","locations":[{"start":{"line":11,"column":6},"end":{"line":11,"column":31}},{"start":{"line":11,"column":31},"end":{"line":11,"column":56}}],"line":11},"3":{"loc":{"start":{"line":12,"column":11},"end":{"line":12,"column":null}},"type":"cond-expr","locations":[{"start":{"line":12,"column":49},"end":{"line":12,"column":61}},{"start":{"line":12,"column":61},"end":{"line":12,"column":null}}],"line":12},"4":{"loc":{"start":{"line":14,"column":9},"end":{"line":14,"column":null}},"type":"cond-expr","locations":[{"start":{"line":14,"column":31},"end":{"line":14,"column":43}},{"start":{"line":14,"column":43},"end":{"line":14,"column":null}}],"line":14}},"s":{"0":2,"1":33,"2":22,"3":11,"4":10,"5":1},"f":{"0":33},"b":{"0":[22,11],"1":[10,1],"2":[11,10],"3":[6,4],"4":[1,0]},"meta":{"lastBranch":5,"lastFunction":1,"lastStatement":6,"seen":{"s:1:16:1:Infinity":0,"f:9:16:9:28":0,"b:10:2:10:Infinity:undefined:undefined:undefined:undefined":0,"s:10:2:10:Infinity":1,"s:10:24:10:Infinity":2,"b:11:2:13:Infinity:undefined:undefined:undefined:undefined":1,"s:11:2:13:Infinity":3,"b:11:6:11:31:11:31:11:56":2,"s:12:4:12:Infinity":4,"b:12:49:12:61:12:61:12:Infinity":3,"s:14:2:14:Infinity":5,"b:14:31:14:43:14:43:14:Infinity":4},"fnNames":{}}}
,"/Volumes/VideoWorks/workspace/whisky-manager/src/shared/profiles.ts": {"path":"/Volumes/VideoWorks/workspace/whisky-manager/src/shared/profiles.ts","statementMap":{"0":{"start":{"line":3,"column":15},"end":{"line":3,"column":null}},"1":{"start":{"line":4,"column":15},"end":{"line":4,"column":null}},"2":{"start":{"line":5,"column":13},"end":{"line":5,"column":null}},"3":{"start":{"line":7,"column":15},"end":{"line":14,"column":null}},"4":{"start":{"line":16,"column":49},"end":{"line":35,"column":null}}},"fnMap":{},"branchMap":{},"s":{"0":8,"1":8,"2":8,"3":8,"4":8},"f":{},"b":{},"meta":{"lastBranch":0,"lastFunction":0,"lastStatement":5,"seen":{"s:3:15:3:Infinity":0,"s:4:15:4:Infinity":1,"s:5:13:5:Infinity":2,"s:7:15:14:Infinity":3,"s:16:49:35:Infinity":4},"fnNames":{}}}
,"/Volumes/VideoWorks/workspace/whisky-manager/src/shared/protocol.ts": {"path":"/Volumes/VideoWorks/workspace/whisky-manager/src/shared/protocol.ts","statementMap":{"0":{"start":{"line":3,"column":32},"end":{"line":3,"column":null}},"1":{"start":{"line":6,"column":24},"end":{"line":12,"column":null}},"2":{"start":{"line":67,"column":26},"end":{"line":74,"column":null}},"3":{"start":{"line":75,"column":32},"end":{"line":82,"column":null}},"4":{"start":{"line":85,"column":2},"end":{"line":85,"column":null}},"5":{"start":{"line":85,"column":51},"end":{"line":85,"column":null}},"6":{"start":{"line":86,"column":16},"end":{"line":86,"column":null}},"7":{"start":{"line":87,"column":2},"end":{"line":87,"column":null}},"8":{"start":{"line":91,"column":15},"end":{"line":91,"column":null}},"9":{"start":{"line":92,"column":2},"end":{"line":92,"column":null}},"10":{"start":{"line":96,"column":15},"end":{"line":96,"column":null}},"11":{"start":{"line":97,"column":2},"end":{"line":97,"column":null}}},"fnMap":{"0":{"name":"messageType","decl":{"start":{"line":84,"column":9},"end":{"line":84,"column":21}},"loc":{"start":{"line":84,"column":52},"end":{"line":88,"column":null}},"line":84},"1":{"name":"isAppMessage","decl":{"start":{"line":90,"column":16},"end":{"line":90,"column":29}},"loc":{"start":{"line":90,"column":66},"end":{"line":93,"column":null}},"line":90},"2":{"name":"isExtensionMessage","decl":{"start":{"line":95,"column":16},"end":{"line":95,"column":35}},"loc":{"start":{"line":95,"column":78},"end":{"line":98,"column":null}},"line":95}},"branchMap":{"0":{"loc":{"start":{"line":85,"column":2},"end":{"line":85,"column":null}},"type":"if","locations":[{"start":{"line":85,"column":2},"end":{"line":85,"column":null}},{"start":{},"end":{}}],"line":85},"1":{"loc":{"start":{"line":85,"column":6},"end":{"line":85,"column":51}},"type":"binary-expr","locations":[{"start":{"line":85,"column":6},"end":{"line":85,"column":35}},{"start":{"line":85,"column":35},"end":{"line":85,"column":51}}],"line":85},"2":{"loc":{"start":{"line":87,"column":9},"end":{"line":87,"column":null}},"type":"cond-expr","locations":[{"start":{"line":87,"column":36},"end":{"line":87,"column":43}},{"start":{"line":87,"column":43},"end":{"line":87,"column":null}}],"line":87},"3":{"loc":{"start":{"line":92,"column":9},"end":{"line":92,"column":null}},"type":"binary-expr","locations":[{"start":{"line":92,"column":9},"end":{"line":92,"column":26}},{"start":{"line":92,"column":26},"end":{"line":92,"column":null}}],"line":92},"4":{"loc":{"start":{"line":97,"column":9},"end":{"line":97,"column":null}},"type":"binary-expr","locations":[{"start":{"line":97,"column":9},"end":{"line":97,"column":26}},{"start":{"line":97,"column":26},"end":{"line":97,"column":null}}],"line":97}},"s":{"0":5,"1":5,"2":5,"3":5,"4":13,"5":2,"6":11,"7":11,"8":5,"9":5,"10":8,"11":8},"f":{"0":13,"1":5,"2":8},"b":{"0":[2,11],"1":[13,12],"2":[11,0],"3":[5,3],"4":[8,8]},"meta":{"lastBranch":5,"lastFunction":3,"lastStatement":12,"seen":{"s:3:32:3:Infinity":0,"s:6:24:12:Infinity":1,"s:67:26:74:Infinity":2,"s:75:32:82:Infinity":3,"f:84:9:84:21":0,"b:85:2:85:Infinity:undefined:undefined:undefined:undefined":0,"s:85:2:85:Infinity":4,"b:85:6:85:35:85:35:85:51":1,"s:85:51:85:Infinity":5,"s:86:16:86:Infinity":6,"s:87:2:87:Infinity":7,"b:87:36:87:43:87:43:87:Infinity":2,"f:90:16:90:29":1,"s:91:15:91:Infinity":8,"s:92:2:92:Infinity":9,"b:92:9:92:26:92:26:92:Infinity":3,"f:95:16:95:35":2,"s:96:15:96:Infinity":10,"s:97:2:97:Infinity":11,"b:97:9:97:26:97:26:97:Infinity":4},"fnNames":{}}}
,"/Volumes/VideoWorks/workspace/whisky-manager/src/shared/schedule.ts": {"path":"/Volumes/VideoWorks/workspace/whisky-manager/src/shared/schedule.ts","statementMap":{"0":{"start":{"line":4,"column":15},"end":{"line":4,"column":null}},"1":{"start":{"line":5,"column":17},"end":{"line":5,"column":null}},"2":{"start":{"line":8,"column":19},"end":{"line":8,"column":null}},"3":{"start":{"line":9,"column":2},"end":{"line":9,"column":null}},"4":{"start":{"line":17,"column":19},"end":{"line":17,"column":null}},"5":{"start":{"line":18,"column":2},"end":{"line":20,"column":null}},"6":{"start":{"line":19,"column":4},"end":{"line":19,"column":null}},"7":{"start":{"line":21,"column":2},"end":{"line":21,"column":null}},"8":{"start":{"line":25,"column":24},"end":{"line":25,"column":null}},"9":{"start":{"line":26,"column":2},"end":{"line":26,"column":null}},"10":{"start":{"line":35,"column":15},"end":{"line":35,"column":null}},"11":{"start":{"line":36,"column":21},"end":{"line":36,"column":null}},"12":{"start":{"line":37,"column":20},"end":{"line":37,"column":null}},"13":{"start":{"line":39,"column":2},"end":{"line":41,"column":null}},"14":{"start":{"line":45,"column":2},"end":{"line":45,"column":null}}},"fnMap":{"0":{"name":"isWithinActiveHours","decl":{"start":{"line":7,"column":16},"end":{"line":7,"column":36}},"loc":{"start":{"line":7,"column":92},"end":{"line":10,"column":null}},"line":7},"1":{"name":"nextActiveStart","decl":{"start":{"line":16,"column":16},"end":{"line":16,"column":32}},"loc":{"start":{"line":16,"column":87},"end":{"line":22,"column":null}},"line":16},"2":{"name":"isWeekend","decl":{"start":{"line":24,"column":9},"end":{"line":24,"column":19}},"loc":{"start":{"line":24,"column":59},"end":{"line":27,"column":null}},"line":24},"3":{"name":"nextSessionStart","decl":{"start":{"line":29,"column":16},"end":{"line":29,"column":null}},"loc":{"start":{"line":34,"column":10},"end":{"line":42,"column":null}},"line":34},"4":{"name":"nextActionDelayMs","decl":{"start":{"line":44,"column":16},"end":{"line":44,"column":34}},"loc":{"start":{"line":44,"column":74},"end":{"line":46,"column":null}},"line":44}},"branchMap":{"0":{"loc":{"start":{"line":9,"column":9},"end":{"line":9,"column":null}},"type":"binary-expr","locations":[{"start":{"line":9,"column":9},"end":{"line":9,"column":43}},{"start":{"line":9,"column":43},"end":{"line":9,"column":null}}],"line":9},"1":{"loc":{"start":{"line":18,"column":2},"end":{"line":20,"column":null}},"type":"if","locations":[{"start":{"line":18,"column":2},"end":{"line":20,"column":null}},{"start":{},"end":{}}],"line":18},"2":{"loc":{"start":{"line":26,"column":9},"end":{"line":26,"column":null}},"type":"binary-expr","locations":[{"start":{"line":26,"column":9},"end":{"line":26,"column":35}},{"start":{"line":26,"column":35},"end":{"line":26,"column":null}}],"line":26},"3":{"loc":{"start":{"line":36,"column":21},"end":{"line":36,"column":null}},"type":"cond-expr","locations":[{"start":{"line":36,"column":62},"end":{"line":36,"column":97}},{"start":{"line":36,"column":97},"end":{"line":36,"column":null}}],"line":36},"4":{"loc":{"start":{"line":39,"column":9},"end":{"line":41,"column":null}},"type":"cond-expr","locations":[{"start":{"line":40,"column":6},"end":{"line":40,"column":null}},{"start":{"line":41,"column":6},"end":{"line":41,"column":null}}],"line":39}},"s":{"0":4,"1":4,"2":39,"3":39,"4":3,"5":3,"6":3,"7":0,"8":8,"9":8,"10":8,"11":8,"12":8,"13":8,"14":22},"f":{"0":39,"1":3,"2":8,"3":8,"4":22},"b":{"0":[39,36],"1":[3,0],"2":[8,7],"3":[1,7],"4":[7,1]},"meta":{"lastBranch":5,"lastFunction":5,"lastStatement":15,"seen":{"s:4:15:4:Infinity":0,"s:5:17:5:Infinity":1,"f:7:16:7:36":0,"s:8:19:8:Infinity":2,"s:9:2:9:Infinity":3,"b:9:9:9:43:9:43:9:Infinity":0,"f:16:16:16:32":1,"s:17:19:17:Infinity":4,"b:18:2:20:Infinity:undefined:undefined:undefined:undefined":1,"s:18:2:20:Infinity":5,"s:19:4:19:Infinity":6,"s:21:2:21:Infinity":7,"f:24:9:24:19":2,"s:25:24:25:Infinity":8,"s:26:2:26:Infinity":9,"b:26:9:26:35:26:35:26:Infinity":2,"f:29:16:29:Infinity":3,"s:35:15:35:Infinity":10,"s:36:21:36:Infinity":11,"b:36:62:36:97:36:97:36:Infinity":3,"s:37:20:37:Infinity":12,"s:39:2:41:Infinity":13,"b:40:6:40:Infinity:41:6:41:Infinity":4,"f:44:16:44:34":4,"s:45:2:45:Infinity":14},"fnNames":{}}}
,"/Volumes/VideoWorks/workspace/whisky-manager/src/shared/statusMachine.ts": {"path":"/Volumes/VideoWorks/workspace/whisky-manager/src/shared/statusMachine.ts","statementMap":{"0":{"start":{"line":16,"column":4},"end":{"line":16,"column":null}},"1":{"start":{"line":17,"column":4},"end":{"line":17,"column":null}},"2":{"start":{"line":22,"column":2},"end":{"line":29,"column":null}},"3":{"start":{"line":24,"column":6},"end":{"line":24,"column":null}},"4":{"start":{"line":26,"column":6},"end":{"line":26,"column":null}},"5":{"start":{"line":28,"column":6},"end":{"line":28,"column":null}},"6":{"start":{"line":37,"column":2},"end":{"line":42,"column":null}},"7":{"start":{"line":41,"column":4},"end":{"line":41,"column":null}},"8":{"start":{"line":44,"column":2},"end":{"line":66,"column":null}},"9":{"start":{"line":46,"column":6},"end":{"line":46,"column":null}},"10":{"start":{"line":46,"column":37},"end":{"line":46,"column":null}},"11":{"start":{"line":47,"column":6},"end":{"line":47,"column":null}},"12":{"start":{"line":47,"column":37},"end":{"line":47,"column":null}},"13":{"start":{"line":48,"column":6},"end":{"line":48,"column":null}},"14":{"start":{"line":48,"column":45},"end":{"line":48,"column":null}},"15":{"start":{"line":49,"column":6},"end":{"line":49,"column":null}},"16":{"start":{"line":52,"column":6},"end":{"line":52,"column":null}},"17":{"start":{"line":52,"column":48},"end":{"line":52,"column":null}},"18":{"start":{"line":53,"column":6},"end":{"line":55,"column":null}},"19":{"start":{"line":54,"column":8},"end":{"line":54,"column":null}},"20":{"start":{"line":56,"column":6},"end":{"line":56,"column":null}},"21":{"start":{"line":56,"column":47},"end":{"line":56,"column":null}},"22":{"start":{"line":57,"column":6},"end":{"line":57,"column":null}},"23":{"start":{"line":60,"column":6},"end":{"line":60,"column":null}},"24":{"start":{"line":60,"column":38},"end":{"line":60,"column":null}},"25":{"start":{"line":61,"column":6},"end":{"line":61,"column":null}},"26":{"start":{"line":61,"column":45},"end":{"line":61,"column":null}},"27":{"start":{"line":62,"column":6},"end":{"line":62,"column":null}},"28":{"start":{"line":65,"column":6},"end":{"line":65,"column":null}},"29":{"start":{"line":68,"column":2},"end":{"line":68,"column":null}}},"fnMap":{"0":{"name":"constructor","decl":{"start":{"line":15,"column":2},"end":{"line":15,"column":14}},"loc":{"start":{"line":15,"column":68},"end":{"line":18,"column":null}},"line":15},"1":{"name":"initialStatus","decl":{"start":{"line":21,"column":16},"end":{"line":21,"column":30}},"loc":{"start":{"line":21,"column":73},"end":{"line":30,"column":null}},"line":21},"2":{"name":"transition","decl":{"start":{"line":32,"column":16},"end":{"line":32,"column":null}},"loc":{"start":{"line":36,"column":19},"end":{"line":69,"column":null}},"line":36}},"branchMap":{"0":{"loc":{"start":{"line":22,"column":2},"end":{"line":29,"column":null}},"type":"switch","locations":[{"start":{"line":23,"column":4},"end":{"line":24,"column":null}},{"start":{"line":25,"column":4},"end":{"line":26,"column":null}},{"start":{"line":27,"column":4},"end":{"line":28,"column":null}}],"line":22},"1":{"loc":{"start":{"line":37,"column":2},"end":{"line":42,"column":null}},"type":"if","locations":[{"start":{"line":37,"column":2},"end":{"line":42,"column":null}},{"start":{},"end":{}}],"line":37},"2":{"loc":{"start":{"line":38,"column":4},"end":{"line":39,"column":null}},"type":"binary-expr","locations":[{"start":{"line":38,"column":4},"end":{"line":38,"column":null}},{"start":{"line":39,"column":5},"end":{"line":39,"column":40}},{"start":{"line":39,"column":40},"end":{"line":39,"column":64}},{"start":{"line":39,"column":64},"end":{"line":39,"column":null}}],"line":38},"3":{"loc":{"start":{"line":44,"column":2},"end":{"line":66,"column":null}},"type":"switch","locations":[{"start":{"line":45,"column":4},"end":{"line":49,"column":null}},{"start":{"line":51,"column":4},"end":{"line":57,"column":null}},{"start":{"line":59,"column":4},"end":{"line":62,"column":null}},{"start":{"line":64,"column":4},"end":{"line":65,"column":null}}],"line":44},"4":{"loc":{"start":{"line":46,"column":6},"end":{"line":46,"column":null}},"type":"if","locations":[{"start":{"line":46,"column":6},"end":{"line":46,"column":null}},{"start":{},"end":{}}],"line":46},"5":{"loc":{"start":{"line":47,"column":6},"end":{"line":47,"column":null}},"type":"if","locations":[{"start":{"line":47,"column":6},"end":{"line":47,"column":null}},{"start":{},"end":{}}],"line":47},"6":{"loc":{"start":{"line":48,"column":6},"end":{"line":48,"column":null}},"type":"if","locations":[{"start":{"line":48,"column":6},"end":{"line":48,"column":null}},{"start":{},"end":{}}],"line":48},"7":{"loc":{"start":{"line":52,"column":6},"end":{"line":52,"column":null}},"type":"if","locations":[{"start":{"line":52,"column":6},"end":{"line":52,"column":null}},{"start":{},"end":{}}],"line":52},"8":{"loc":{"start":{"line":53,"column":6},"end":{"line":55,"column":null}},"type":"if","locations":[{"start":{"line":53,"column":6},"end":{"line":55,"column":null}},{"start":{},"end":{}}],"line":53},"9":{"loc":{"start":{"line":54,"column":15},"end":{"line":54,"column":null}},"type":"cond-expr","locations":[{"start":{"line":54,"column":54},"end":{"line":54,"column":65}},{"start":{"line":54,"column":65},"end":{"line":54,"column":null}}],"line":54},"10":{"loc":{"start":{"line":56,"column":6},"end":{"line":56,"column":null}},"type":"if","locations":[{"start":{"line":56,"column":6},"end":{"line":56,"column":null}},{"start":{},"end":{}}],"line":56},"11":{"loc":{"start":{"line":60,"column":6},"end":{"line":60,"column":null}},"type":"if","locations":[{"start":{"line":60,"column":6},"end":{"line":60,"column":null}},{"start":{},"end":{}}],"line":60},"12":{"loc":{"start":{"line":61,"column":6},"end":{"line":61,"column":null}},"type":"if","locations":[{"start":{"line":61,"column":6},"end":{"line":61,"column":null}},{"start":{},"end":{}}],"line":61}},"s":{"0":8,"1":8,"2":29,"3":23,"4":3,"5":3,"6":44,"7":1,"8":43,"9":7,"10":2,"11":5,"12":2,"13":3,"14":2,"15":1,"16":26,"17":15,"18":11,"19":8,"20":3,"21":2,"22":1,"23":4,"24":2,"25":2,"26":2,"27":0,"28":6,"29":8},"f":{"0":8,"1":29,"2":44},"b":{"0":[23,3,3],"1":[1,43],"2":[44,1,0,0],"3":[7,26,4,6],"4":[2,5],"5":[2,3],"6":[2,1],"7":[15,11],"8":[8,3],"9":[1,7],"10":[2,1],"11":[2,2],"12":[2,0]},"meta":{"lastBranch":13,"lastFunction":3,"lastStatement":30,"seen":{"f:15:2:15:14":0,"s:16:4:16:Infinity":0,"s:17:4:17:Infinity":1,"f:21:16:21:30":1,"b:23:4:24:Infinity:25:4:26:Infinity:27:4:28:Infinity":0,"s:22:2:29:Infinity":2,"s:24:6:24:Infinity":3,"s:26:6:26:Infinity":4,"s:28:6:28:Infinity":5,"f:32:16:32:Infinity":2,"b:37:2:42:Infinity:undefined:undefined:undefined:undefined":1,"s:37:2:42:Infinity":6,"b:38:4:38:Infinity:39:5:39:40:39:40:39:64:39:64:39:Infinity":2,"s:41:4:41:Infinity":7,"b:45:4:49:Infinity:51:4:57:Infinity:59:4:62:Infinity:64:4:65:Infinity":3,"s:44:2:66:Infinity":8,"b:46:6:46:Infinity:undefined:undefined:undefined:undefined":4,"s:46:6:46:Infinity":9,"s:46:37:46:Infinity":10,"b:47:6:47:Infinity:undefined:undefined:undefined:undefined":5,"s:47:6:47:Infinity":11,"s:47:37:47:Infinity":12,"b:48:6:48:Infinity:undefined:undefined:undefined:undefined":6,"s:48:6:48:Infinity":13,"s:48:45:48:Infinity":14,"s:49:6:49:Infinity":15,"b:52:6:52:Infinity:undefined:undefined:undefined:undefined":7,"s:52:6:52:Infinity":16,"s:52:48:52:Infinity":17,"b:53:6:55:Infinity:undefined:undefined:undefined:undefined":8,"s:53:6:55:Infinity":18,"s:54:8:54:Infinity":19,"b:54:54:54:65:54:65:54:Infinity":9,"b:56:6:56:Infinity:undefined:undefined:undefined:undefined":10,"s:56:6:56:Infinity":20,"s:56:47:56:Infinity":21,"s:57:6:57:Infinity":22,"b:60:6:60:Infinity:undefined:undefined:undefined:undefined":11,"s:60:6:60:Infinity":23,"s:60:38:60:Infinity":24,"b:61:6:61:Infinity:undefined:undefined:undefined:undefined":12,"s:61:6:61:Infinity":25,"s:61:45:61:Infinity":26,"s:62:6:62:Infinity":27,"s:65:6:65:Infinity":28,"s:68:2:68:Infinity":29},"fnNames":{}}}
,"/Volumes/VideoWorks/workspace/whisky-manager/src/shared/templates.ts": {"path":"/Volumes/VideoWorks/workspace/whisky-manager/src/shared/templates.ts","statementMap":{"0":{"start":{"line":4,"column":20},"end":{"line":4,"column":null}},"1":{"start":{"line":11,"column":2},"end":{"line":11,"column":null}},"2":{"start":{"line":11,"column":30},"end":{"line":11,"column":null}},"3":{"start":{"line":12,"column":2},"end":{"line":12,"column":null}},"4":{"start":{"line":12,"column":30},"end":{"line":12,"column":null}},"5":{"start":{"line":13,"column":16},"end":{"line":13,"column":null}},"6":{"start":{"line":14,"column":2},"end":{"line":14,"column":null}},"7":{"start":{"line":24,"column":28},"end":{"line":24,"column":null}},"8":{"start":{"line":26,"column":15},"end":{"line":34,"column":null}},"9":{"start":{"line":27,"column":17},"end":{"line":27,"column":null}},"10":{"start":{"line":28,"column":18},"end":{"line":28,"column":null}},"11":{"start":{"line":29,"column":4},"end":{"line":32,"column":null}},"12":{"start":{"line":30,"column":6},"end":{"line":30,"column":null}},"13":{"start":{"line":30,"column":35},"end":{"line":30,"column":null}},"14":{"start":{"line":31,"column":6},"end":{"line":31,"column":null}},"15":{"start":{"line":33,"column":4},"end":{"line":33,"column":null}},"16":{"start":{"line":36,"column":2},"end":{"line":36,"column":null}}},"fnMap":{"0":{"name":"pickTemplate","decl":{"start":{"line":10,"column":16},"end":{"line":10,"column":29}},"loc":{"start":{"line":10,"column":94},"end":{"line":15,"column":null}},"line":10},"1":{"name":"renderTemplate","decl":{"start":{"line":23,"column":16},"end":{"line":23,"column":31}},"loc":{"start":{"line":23,"column":99},"end":{"line":37,"column":null}},"line":23},"2":{"name":"(anonymous_2)","decl":{"start":{"line":26,"column":28},"end":{"line":26,"column":42}},"loc":{"start":{"line":26,"column":70},"end":{"line":34,"column":3}},"line":26}},"branchMap":{"0":{"loc":{"start":{"line":11,"column":2},"end":{"line":11,"column":null}},"type":"if","locations":[{"start":{"line":11,"column":2},"end":{"line":11,"column":null}},{"start":{},"end":{}}],"line":11},"1":{"loc":{"start":{"line":12,"column":2},"end":{"line":12,"column":null}},"type":"if","locations":[{"start":{"line":12,"column":2},"end":{"line":12,"column":null}},{"start":{},"end":{}}],"line":12},"2":{"loc":{"start":{"line":12,"column":37},"end":{"line":12,"column":null}},"type":"binary-expr","locations":[{"start":{"line":12,"column":37},"end":{"line":12,"column":53}},{"start":{"line":12,"column":53},"end":{"line":12,"column":null}}],"line":12},"3":{"loc":{"start":{"line":14,"column":9},"end":{"line":14,"column":null}},"type":"binary-expr","locations":[{"start":{"line":14,"column":9},"end":{"line":14,"column":29}},{"start":{"line":14,"column":29},"end":{"line":14,"column":null}}],"line":14},"4":{"loc":{"start":{"line":29,"column":4},"end":{"line":32,"column":null}},"type":"if","locations":[{"start":{"line":29,"column":4},"end":{"line":32,"column":null}},{"start":{},"end":{}}],"line":29},"5":{"loc":{"start":{"line":29,"column":8},"end":{"line":29,"column":45}},"type":"binary-expr","locations":[{"start":{"line":29,"column":8},"end":{"line":29,"column":31}},{"start":{"line":29,"column":31},"end":{"line":29,"column":45}}],"line":29},"6":{"loc":{"start":{"line":30,"column":6},"end":{"line":30,"column":null}},"type":"if","locations":[{"start":{"line":30,"column":6},"end":{"line":30,"column":null}},{"start":{},"end":{}}],"line":30},"7":{"loc":{"start":{"line":36,"column":9},"end":{"line":36,"column":null}},"type":"cond-expr","locations":[{"start":{"line":36,"column":30},"end":{"line":36,"column":55}},{"start":{"line":36,"column":55},"end":{"line":36,"column":null}}],"line":36}},"s":{"0":1,"1":4,"2":1,"3":3,"4":1,"5":2,"6":2,"7":5,"8":5,"9":6,"10":6,"11":6,"12":2,"13":2,"14":2,"15":4,"16":5},"f":{"0":4,"1":5,"2":6},"b":{"0":[1,3],"1":[1,2],"2":[1,0],"3":[2,0],"4":[2,4],"5":[6,5],"6":[2,0],"7":[2,3]},"meta":{"lastBranch":8,"lastFunction":3,"lastStatement":17,"seen":{"s:4:20:4:Infinity":0,"f:10:16:10:29":0,"b:11:2:11:Infinity:undefined:undefined:undefined:undefined":0,"s:11:2:11:Infinity":1,"s:11:30:11:Infinity":2,"b:12:2:12:Infinity:undefined:undefined:undefined:undefined":1,"s:12:2:12:Infinity":3,"s:12:30:12:Infinity":4,"b:12:37:12:53:12:53:12:Infinity":2,"s:13:16:13:Infinity":5,"s:14:2:14:Infinity":6,"b:14:9:14:29:14:29:14:Infinity":3,"f:23:16:23:31":1,"s:24:28:24:Infinity":7,"s:26:15:34:Infinity":8,"f:26:28:26:42":2,"s:27:17:27:Infinity":9,"s:28:18:28:Infinity":10,"b:29:4:32:Infinity:undefined:undefined:undefined:undefined":4,"s:29:4:32:Infinity":11,"b:29:8:29:31:29:31:29:45":5,"b:30:6:30:Infinity:undefined:undefined:undefined:undefined":6,"s:30:6:30:Infinity":12,"s:30:35:30:Infinity":13,"s:31:6:31:Infinity":14,"s:33:4:33:Infinity":15,"s:36:2:36:Infinity":16,"b:36:30:36:55:36:55:36:Infinity":7},"fnNames":{}}}
,"/Volumes/VideoWorks/workspace/whisky-manager/src/shared/types.ts": {"path":"/Volumes/VideoWorks/workspace/whisky-manager/src/shared/types.ts","statementMap":{"0":{"start":{"line":14,"column":35},"end":{"line":14,"column":null}},"1":{"start":{"line":19,"column":2},"end":{"line":19,"column":null}}},"fnMap":{"0":{"name":"isUnresolved","decl":{"start":{"line":18,"column":16},"end":{"line":18,"column":29}},"loc":{"start":{"line":18,"column":82},"end":{"line":20,"column":null}},"line":18}},"branchMap":{},"s":{"0":6,"1":6},"f":{"0":6},"b":{},"meta":{"lastBranch":0,"lastFunction":1,"lastStatement":2,"seen":{"s:14:35:14:Infinity":0,"f:18:16:18:29":0,"s:19:2:19:Infinity":1},"fnNames":{}}}
}
